2019-03-03T20:08:32.619 INFO  c.h.s.DemoApplication 50 - Starting DemoApplication on PC-201708121922 with PID 3704 (D:\projects\spring\springboot_demo\target\classes started by Administrator in D:\projects\spring\springboot_demo)
2019-03-03T20:08:32.673 INFO  c.h.s.DemoApplication 675 - No active profile set, falling back to default profiles: default
2019-03-03T20:08:34.481 INFO  o.s.b.w.e.t.TomcatWebServer 90 - Tomcat initialized with port(s): 8080 (http)
2019-03-03T20:08:34.502 INFO  o.a.c.h.Http11NioProtocol 173 - Initializing ProtocolHandler ["http-nio-8080"]
2019-03-03T20:08:34.514 INFO  o.a.c.c.StandardService 173 - Starting service [Tomcat]
2019-03-03T20:08:34.514 INFO  o.a.c.c.StandardEngine 173 - Starting Servlet engine: [Apache Tomcat/9.0.16]
2019-03-03T20:08:34.524 INFO  o.a.c.c.AprLifecycleListener 173 - The APR based Apache Tomcat Native library which allows optimal performance in production environments was not found on the java.library.path: [F:\jdk8\jdk\bin;C:\Windows\Sun\Java\bin;C:\Windows\system32;C:\Windows;C:\ProgramData\Oracle\Java\javapath;C:\Windows\system32;C:\Windows;C:\Windows\System32\Wbem;C:\Windows\System32\WindowsPowerShell\v1.0\;F:\jdk8\jdk\bin;F:\jdk8\jdk\jre\bin;F:\apache-maven-3.5.0\bin;C:\Program Files\TortoiseSVN\bin;F:\Git\cmd;F:\scala-2\bin;F:\scala-2\jre\bin;F:\sbt1.0.3\bin;F:\sbt1.0.3\bin;;.]
2019-03-03T20:08:34.631 INFO  o.a.c.c.C.[.[.[/] 173 - Initializing Spring embedded WebApplicationContext
2019-03-03T20:08:34.632 INFO  o.s.w.c.ContextLoader 296 - Root WebApplicationContext: initialization completed in 1823 ms
2019-03-03T20:08:34.895 INFO  o.s.s.c.ThreadPoolTaskExecutor 171 - Initializing ExecutorService 'applicationTaskExecutor'
2019-03-03T20:08:35.150 INFO  o.a.c.h.Http11NioProtocol 173 - Starting ProtocolHandler ["http-nio-8080"]
2019-03-03T20:08:35.180 INFO  o.s.b.w.e.t.TomcatWebServer 204 - Tomcat started on port(s): 8080 (http) with context path ''
2019-03-03T20:08:35.184 INFO  c.h.s.DemoApplication 59 - Started DemoApplication in 3.197 seconds (JVM running for 4.178)
2019-03-03T20:08:44.579 INFO  o.a.c.c.C.[.[.[/] 173 - Initializing Spring DispatcherServlet 'dispatcherServlet'
2019-03-03T20:08:44.579 INFO  o.s.w.s.DispatcherServlet 524 - Initializing Servlet 'dispatcherServlet'
2019-03-03T20:08:44.586 INFO  o.s.w.s.DispatcherServlet 546 - Completed initialization in 6 ms
2019-03-03T20:08:44.605 INFO  c.h.s.i.LoginInterceptor 24 - ---------------------开始进入请求地址拦截----------------------------
2019-03-03T20:08:44.686 INFO  c.h.s.i.LoginInterceptor 35 - ---------------视图渲染之后的操作-------------------------
2019-03-03T20:45:34.179 INFO  c.h.s.DemoApplication 50 - Starting DemoApplication on PC-201708121922 with PID 5212 (D:\projects\spring\springboot_demo\target\classes started by Administrator in D:\projects\spring\springboot_demo)
2019-03-03T20:45:34.185 INFO  c.h.s.DemoApplication 675 - No active profile set, falling back to default profiles: default
2019-03-03T20:45:36.017 INFO  o.s.b.w.e.t.TomcatWebServer 90 - Tomcat initialized with port(s): 8080 (http)
2019-03-03T20:45:36.036 INFO  o.a.c.h.Http11NioProtocol 173 - Initializing ProtocolHandler ["http-nio-8080"]
2019-03-03T20:45:36.050 INFO  o.a.c.c.StandardService 173 - Starting service [Tomcat]
2019-03-03T20:45:36.050 INFO  o.a.c.c.StandardEngine 173 - Starting Servlet engine: [Apache Tomcat/9.0.16]
2019-03-03T20:45:36.059 INFO  o.a.c.c.AprLifecycleListener 173 - The APR based Apache Tomcat Native library which allows optimal performance in production environments was not found on the java.library.path: [F:\jdk8\jdk\bin;C:\Windows\Sun\Java\bin;C:\Windows\system32;C:\Windows;C:\ProgramData\Oracle\Java\javapath;C:\Windows\system32;C:\Windows;C:\Windows\System32\Wbem;C:\Windows\System32\WindowsPowerShell\v1.0\;F:\jdk8\jdk\bin;F:\jdk8\jdk\jre\bin;F:\apache-maven-3.5.0\bin;C:\Program Files\TortoiseSVN\bin;F:\Git\cmd;F:\scala-2\bin;F:\scala-2\jre\bin;F:\sbt1.0.3\bin;F:\sbt1.0.3\bin;;.]
2019-03-03T20:45:36.159 INFO  o.a.c.c.C.[.[.[/] 173 - Initializing Spring embedded WebApplicationContext
2019-03-03T20:45:36.159 INFO  o.s.w.c.ContextLoader 296 - Root WebApplicationContext: initialization completed in 1860 ms
2019-03-03T20:45:36.477 INFO  o.s.s.c.ThreadPoolTaskExecutor 171 - Initializing ExecutorService 'applicationTaskExecutor'
2019-03-03T20:45:36.740 INFO  o.a.c.h.Http11NioProtocol 173 - Starting ProtocolHandler ["http-nio-8080"]
2019-03-03T20:45:36.776 INFO  o.s.b.w.e.t.TomcatWebServer 204 - Tomcat started on port(s): 8080 (http) with context path ''
2019-03-03T20:45:36.781 INFO  c.h.s.DemoApplication 59 - Started DemoApplication in 3.706 seconds (JVM running for 4.693)
2019-03-03T20:46:12.113 INFO  o.a.c.c.C.[.[.[/] 173 - Initializing Spring DispatcherServlet 'dispatcherServlet'
2019-03-03T20:46:12.113 INFO  o.s.w.s.DispatcherServlet 524 - Initializing Servlet 'dispatcherServlet'
2019-03-03T20:46:12.121 INFO  o.s.w.s.DispatcherServlet 546 - Completed initialization in 7 ms
2019-03-03T20:46:12.138 INFO  c.h.s.i.LoginInterceptor 24 - ---------------------开始进入请求地址拦截----------------------------
2019-03-03T20:46:12.157 WARN  o.s.w.s.m.m.a.ExceptionHandlerExceptionResolver 419 - Failure in @ExceptionHandler public java.lang.Object com.hamlt.springboot.exception.GlobalExceptionHandler.exceptionHandler(javax.servlet.http.HttpServletRequest,java.lang.Exception,javax.servlet.http.HttpServletResponse)
java.lang.ClassCastException: org.springframework.web.bind.MissingPathVariableException cannot be cast to java.lang.RuntimeException
	at com.hamlt.springboot.exception.GlobalExceptionHandler.modelAndViewOfSyncError(GlobalExceptionHandler.java:55)
	at com.hamlt.springboot.exception.GlobalExceptionHandler.exceptionHandler(GlobalExceptionHandler.java:47)
	at sun.reflect.NativeMethodAccessorImpl.invoke0(Native Method)
	at sun.reflect.NativeMethodAccessorImpl.invoke(NativeMethodAccessorImpl.java:62)
	at sun.reflect.DelegatingMethodAccessorImpl.invoke(DelegatingMethodAccessorImpl.java:43)
	at java.lang.reflect.Method.invoke(Method.java:483)
	at org.springframework.web.method.support.InvocableHandlerMethod.doInvoke(InvocableHandlerMethod.java:189)
	at org.springframework.web.method.support.InvocableHandlerMethod.invokeForRequest(InvocableHandlerMethod.java:138)
	at org.springframework.web.servlet.mvc.method.annotation.ServletInvocableHandlerMethod.invokeAndHandle(ServletInvocableHandlerMethod.java:102)
	at org.springframework.web.servlet.mvc.method.annotation.ExceptionHandlerExceptionResolver.doResolveHandlerMethodException(ExceptionHandlerExceptionResolver.java:412)
	at org.springframework.web.servlet.handler.AbstractHandlerMethodExceptionResolver.doResolveException(AbstractHandlerMethodExceptionResolver.java:61)
	at org.springframework.web.servlet.handler.AbstractHandlerExceptionResolver.resolveException(AbstractHandlerExceptionResolver.java:139)
	at org.springframework.web.servlet.handler.HandlerExceptionResolverComposite.resolveException(HandlerExceptionResolverComposite.java:80)
	at org.springframework.web.servlet.DispatcherServlet.processHandlerException(DispatcherServlet.java:1297)
	at org.springframework.web.servlet.DispatcherServlet.processDispatchResult(DispatcherServlet.java:1109)
	at org.springframework.web.servlet.DispatcherServlet.doDispatch(DispatcherServlet.java:1055)
	at org.springframework.web.servlet.DispatcherServlet.doService(DispatcherServlet.java:942)
	at org.springframework.web.servlet.FrameworkServlet.processRequest(FrameworkServlet.java:1005)
	at org.springframework.web.servlet.FrameworkServlet.doGet(FrameworkServlet.java:897)
	at javax.servlet.http.HttpServlet.service(HttpServlet.java:634)
	at org.springframework.web.servlet.FrameworkServlet.service(FrameworkServlet.java:882)
	at javax.servlet.http.HttpServlet.service(HttpServlet.java:741)
	at org.apache.catalina.core.ApplicationFilterChain.internalDoFilter(ApplicationFilterChain.java:231)
	at org.apache.catalina.core.ApplicationFilterChain.doFilter(ApplicationFilterChain.java:166)
	at org.apache.tomcat.websocket.server.WsFilter.doFilter(WsFilter.java:53)
	at org.apache.catalina.core.ApplicationFilterChain.internalDoFilter(ApplicationFilterChain.java:193)
	at org.apache.catalina.core.ApplicationFilterChain.doFilter(ApplicationFilterChain.java:166)
	at org.springframework.web.filter.RequestContextFilter.doFilterInternal(RequestContextFilter.java:99)
	at org.springframework.web.filter.OncePerRequestFilter.doFilter(OncePerRequestFilter.java:107)
	at org.apache.catalina.core.ApplicationFilterChain.internalDoFilter(ApplicationFilterChain.java:193)
	at org.apache.catalina.core.ApplicationFilterChain.doFilter(ApplicationFilterChain.java:166)
	at org.springframework.web.filter.FormContentFilter.doFilterInternal(FormContentFilter.java:92)
	at org.springframework.web.filter.OncePerRequestFilter.doFilter(OncePerRequestFilter.java:107)
	at org.apache.catalina.core.ApplicationFilterChain.internalDoFilter(ApplicationFilterChain.java:193)
	at org.apache.catalina.core.ApplicationFilterChain.doFilter(ApplicationFilterChain.java:166)
	at org.springframework.web.filter.HiddenHttpMethodFilter.doFilterInternal(HiddenHttpMethodFilter.java:93)
	at org.springframework.web.filter.OncePerRequestFilter.doFilter(OncePerRequestFilter.java:107)
	at org.apache.catalina.core.ApplicationFilterChain.internalDoFilter(ApplicationFilterChain.java:193)
	at org.apache.catalina.core.ApplicationFilterChain.doFilter(ApplicationFilterChain.java:166)
	at org.springframework.web.filter.CharacterEncodingFilter.doFilterInternal(CharacterEncodingFilter.java:200)
	at org.springframework.web.filter.OncePerRequestFilter.doFilter(OncePerRequestFilter.java:107)
	at org.apache.catalina.core.ApplicationFilterChain.internalDoFilter(ApplicationFilterChain.java:193)
	at org.apache.catalina.core.ApplicationFilterChain.doFilter(ApplicationFilterChain.java:166)
	at org.apache.catalina.core.StandardWrapperValve.invoke(StandardWrapperValve.java:200)
	at org.apache.catalina.core.StandardContextValve.invoke(StandardContextValve.java:96)
	at org.apache.catalina.authenticator.AuthenticatorBase.invoke(AuthenticatorBase.java:490)
	at org.apache.catalina.core.StandardHostValve.invoke(StandardHostValve.java:139)
	at org.apache.catalina.valves.ErrorReportValve.invoke(ErrorReportValve.java:92)
	at org.apache.catalina.core.StandardEngineValve.invoke(StandardEngineValve.java:74)
	at org.apache.catalina.connector.CoyoteAdapter.service(CoyoteAdapter.java:343)
	at org.apache.coyote.http11.Http11Processor.service(Http11Processor.java:408)
	at org.apache.coyote.AbstractProcessorLight.process(AbstractProcessorLight.java:66)
	at org.apache.coyote.AbstractProtocol$ConnectionHandler.process(AbstractProtocol.java:834)
	at org.apache.tomcat.util.net.NioEndpoint$SocketProcessor.doRun(NioEndpoint.java:1415)
	at org.apache.tomcat.util.net.SocketProcessorBase.run(SocketProcessorBase.java:49)
	at java.util.concurrent.ThreadPoolExecutor.runWorker(ThreadPoolExecutor.java:1142)
	at java.util.concurrent.ThreadPoolExecutor$Worker.run(ThreadPoolExecutor.java:617)
	at org.apache.tomcat.util.threads.TaskThread$WrappingRunnable.run(TaskThread.java:61)
	at java.lang.Thread.run(Thread.java:745)
2019-03-03T20:46:12.159 WARN  o.s.w.s.m.s.DefaultHandlerExceptionResolver 197 - Resolved [org.springframework.web.bind.MissingPathVariableException: Missing URI template variable 'id' for method parameter of type Long]
2019-03-03T20:46:12.159 INFO  c.h.s.i.LoginInterceptor 35 - ---------------视图渲染之后的操作-------------------------
2019-03-03T20:46:12.177 INFO  c.h.s.i.LoginInterceptor 24 - ---------------------开始进入请求地址拦截----------------------------
2019-03-03T20:46:12.187 INFO  c.h.s.i.LoginInterceptor 30 - --------------处理请求完成后视图渲染之前的处理操作---------------
2019-03-03T20:46:12.204 INFO  c.h.s.i.LoginInterceptor 35 - ---------------视图渲染之后的操作-------------------------
2019-03-03T20:46:53.351 INFO  c.h.s.i.LoginInterceptor 24 - ---------------------开始进入请求地址拦截----------------------------
2019-03-03T20:46:53.552 INFO  c.h.s.i.LoginInterceptor 30 - --------------处理请求完成后视图渲染之前的处理操作---------------
2019-03-03T20:46:53.553 INFO  c.h.s.i.LoginInterceptor 35 - ---------------视图渲染之后的操作-------------------------
2019-03-03T20:47:51.832 INFO  c.h.s.DemoApplication 50 - Starting DemoApplication on PC-201708121922 with PID 1692 (D:\projects\spring\springboot_demo\target\classes started by Administrator in D:\projects\spring\springboot_demo)
2019-03-03T20:47:51.840 INFO  c.h.s.DemoApplication 675 - No active profile set, falling back to default profiles: default
2019-03-03T20:47:54.103 INFO  o.s.b.w.e.t.TomcatWebServer 90 - Tomcat initialized with port(s): 8080 (http)
2019-03-03T20:47:54.127 INFO  o.a.c.h.Http11NioProtocol 173 - Initializing ProtocolHandler ["http-nio-8080"]
2019-03-03T20:47:54.141 INFO  o.a.c.c.StandardService 173 - Starting service [Tomcat]
2019-03-03T20:47:54.142 INFO  o.a.c.c.StandardEngine 173 - Starting Servlet engine: [Apache Tomcat/9.0.16]
2019-03-03T20:47:54.152 INFO  o.a.c.c.AprLifecycleListener 173 - The APR based Apache Tomcat Native library which allows optimal performance in production environments was not found on the java.library.path: [F:\jdk8\jdk\bin;C:\Windows\Sun\Java\bin;C:\Windows\system32;C:\Windows;C:\ProgramData\Oracle\Java\javapath;C:\Windows\system32;C:\Windows;C:\Windows\System32\Wbem;C:\Windows\System32\WindowsPowerShell\v1.0\;F:\jdk8\jdk\bin;F:\jdk8\jdk\jre\bin;F:\apache-maven-3.5.0\bin;C:\Program Files\TortoiseSVN\bin;F:\Git\cmd;F:\scala-2\bin;F:\scala-2\jre\bin;F:\sbt1.0.3\bin;F:\sbt1.0.3\bin;;.]
2019-03-03T20:47:54.337 INFO  o.a.c.c.C.[.[.[/] 173 - Initializing Spring embedded WebApplicationContext
2019-03-03T20:47:54.338 INFO  o.s.w.c.ContextLoader 296 - Root WebApplicationContext: initialization completed in 2396 ms
2019-03-03T20:47:54.451 WARN  o.s.b.w.s.c.AnnotationConfigServletWebServerApplicationContext 557 - Exception encountered during context initialization - cancelling refresh attempt: org.springframework.beans.factory.UnsatisfiedDependencyException: Error creating bean with name 'propertisController': Unsatisfied dependency expressed through method 'getProperties' parameter 0; nested exception is org.springframework.beans.factory.NoSuchBeanDefinitionException: No qualifying bean of type 'java.lang.Long' available: expected at least 1 bean which qualifies as autowire candidate. Dependency annotations: {@org.springframework.web.bind.annotation.PathVariable(name=, value=, required=true)}
2019-03-03T20:47:54.455 INFO  o.a.c.c.StandardService 173 - Stopping service [Tomcat]
2019-03-03T20:47:54.521 INFO  o.s.b.a.l.ConditionEvaluationReportLoggingListener 142 - 

Error starting ApplicationContext. To display the conditions report re-run your application with 'debug' enabled.
2019-03-03T20:47:54.809 ERROR o.s.b.d.LoggingFailureAnalysisReporter 42 - 

***************************
APPLICATION FAILED TO START
***************************

Description:

Parameter 0 of method getProperties in com.hamlt.springboot.controller.PropertisController required a bean of type 'java.lang.Long' that could not be found.

The injection point has the following annotations:
	- @org.springframework.web.bind.annotation.PathVariable(name=, value=, required=true)


Action:

Consider defining a bean of type 'java.lang.Long' in your configuration.

2019-03-03T20:49:10.575 INFO  c.h.s.DemoApplication 50 - Starting DemoApplication on PC-201708121922 with PID 6244 (D:\projects\spring\springboot_demo\target\classes started by Administrator in D:\projects\spring\springboot_demo)
2019-03-03T20:49:10.589 INFO  c.h.s.DemoApplication 675 - No active profile set, falling back to default profiles: default
2019-03-03T20:49:11.097 INFO  o.h.v.i.u.Version 21 - HV000001: Hibernate Validator 6.0.14.Final
2019-03-03T20:49:12.964 INFO  o.s.b.w.e.t.TomcatWebServer 90 - Tomcat initialized with port(s): 8080 (http)
2019-03-03T20:49:12.987 INFO  o.a.c.h.Http11NioProtocol 173 - Initializing ProtocolHandler ["http-nio-8080"]
2019-03-03T20:49:13.001 INFO  o.a.c.c.StandardService 173 - Starting service [Tomcat]
2019-03-03T20:49:13.002 INFO  o.a.c.c.StandardEngine 173 - Starting Servlet engine: [Apache Tomcat/9.0.16]
2019-03-03T20:49:13.011 INFO  o.a.c.c.AprLifecycleListener 173 - The APR based Apache Tomcat Native library which allows optimal performance in production environments was not found on the java.library.path: [F:\jdk8\jdk\bin;C:\Windows\Sun\Java\bin;C:\Windows\system32;C:\Windows;C:\ProgramData\Oracle\Java\javapath;C:\Windows\system32;C:\Windows;C:\Windows\System32\Wbem;C:\Windows\System32\WindowsPowerShell\v1.0\;F:\jdk8\jdk\bin;F:\jdk8\jdk\jre\bin;F:\apache-maven-3.5.0\bin;C:\Program Files\TortoiseSVN\bin;F:\Git\cmd;F:\scala-2\bin;F:\scala-2\jre\bin;F:\sbt1.0.3\bin;F:\sbt1.0.3\bin;;.]
2019-03-03T20:49:13.137 INFO  o.a.c.c.C.[.[.[/] 173 - Initializing Spring embedded WebApplicationContext
2019-03-03T20:49:13.138 INFO  o.s.w.c.ContextLoader 296 - Root WebApplicationContext: initialization completed in 2389 ms
2019-03-03T20:49:13.245 WARN  o.s.b.w.s.c.AnnotationConfigServletWebServerApplicationContext 557 - Exception encountered during context initialization - cancelling refresh attempt: org.springframework.beans.factory.UnsatisfiedDependencyException: Error creating bean with name 'propertisController': Unsatisfied dependency expressed through method 'getProperties' parameter 0; nested exception is org.springframework.beans.factory.NoSuchBeanDefinitionException: No qualifying bean of type 'java.lang.Long' available: expected at least 1 bean which qualifies as autowire candidate. Dependency annotations: {@org.springframework.web.bind.annotation.PathVariable(name=, value=, required=true)}
2019-03-03T20:49:13.249 INFO  o.a.c.c.StandardService 173 - Stopping service [Tomcat]
2019-03-03T20:49:13.271 INFO  o.s.b.a.l.ConditionEvaluationReportLoggingListener 142 - 

Error starting ApplicationContext. To display the conditions report re-run your application with 'debug' enabled.
2019-03-03T20:49:13.463 ERROR o.s.b.d.LoggingFailureAnalysisReporter 42 - 

***************************
APPLICATION FAILED TO START
***************************

Description:

Parameter 0 of method getProperties in com.hamlt.springboot.controller.PropertisController required a bean of type 'java.lang.Long' that could not be found.

The injection point has the following annotations:
	- @org.springframework.web.bind.annotation.PathVariable(name=, value=, required=true)


Action:

Consider defining a bean of type 'java.lang.Long' in your configuration.

2019-03-03T20:49:37.350 INFO  c.h.s.DemoApplication 50 - Starting DemoApplication on PC-201708121922 with PID 6012 (D:\projects\spring\springboot_demo\target\classes started by Administrator in D:\projects\spring\springboot_demo)
2019-03-03T20:49:37.357 INFO  c.h.s.DemoApplication 675 - No active profile set, falling back to default profiles: default
2019-03-03T20:49:45.159 INFO  c.h.s.DemoApplication 50 - Starting DemoApplication on PC-201708121922 with PID 7448 (D:\projects\spring\springboot_demo\target\classes started by Administrator in D:\projects\spring\springboot_demo)
2019-03-03T20:49:45.167 INFO  c.h.s.DemoApplication 675 - No active profile set, falling back to default profiles: default
2019-03-03T20:49:47.647 INFO  o.s.b.w.e.t.TomcatWebServer 90 - Tomcat initialized with port(s): 8080 (http)
2019-03-03T20:49:47.672 INFO  o.a.c.h.Http11NioProtocol 173 - Initializing ProtocolHandler ["http-nio-8080"]
2019-03-03T20:49:47.691 INFO  o.a.c.c.StandardService 173 - Starting service [Tomcat]
2019-03-03T20:49:47.691 INFO  o.a.c.c.StandardEngine 173 - Starting Servlet engine: [Apache Tomcat/9.0.16]
2019-03-03T20:49:47.703 INFO  o.a.c.c.AprLifecycleListener 173 - The APR based Apache Tomcat Native library which allows optimal performance in production environments was not found on the java.library.path: [F:\jdk8\jdk\bin;C:\Windows\Sun\Java\bin;C:\Windows\system32;C:\Windows;C:\ProgramData\Oracle\Java\javapath;C:\Windows\system32;C:\Windows;C:\Windows\System32\Wbem;C:\Windows\System32\WindowsPowerShell\v1.0\;F:\jdk8\jdk\bin;F:\jdk8\jdk\jre\bin;F:\apache-maven-3.5.0\bin;C:\Program Files\TortoiseSVN\bin;F:\Git\cmd;F:\scala-2\bin;F:\scala-2\jre\bin;F:\sbt1.0.3\bin;F:\sbt1.0.3\bin;;.]
2019-03-03T20:49:47.831 INFO  o.a.c.c.C.[.[.[/] 173 - Initializing Spring embedded WebApplicationContext
2019-03-03T20:49:47.831 INFO  o.s.w.c.ContextLoader 296 - Root WebApplicationContext: initialization completed in 2480 ms
2019-03-03T20:49:47.940 WARN  o.s.b.w.s.c.AnnotationConfigServletWebServerApplicationContext 557 - Exception encountered during context initialization - cancelling refresh attempt: org.springframework.beans.factory.UnsatisfiedDependencyException: Error creating bean with name 'propertisController': Unsatisfied dependency expressed through method 'getProperties' parameter 0; nested exception is org.springframework.beans.factory.NoSuchBeanDefinitionException: No qualifying bean of type 'java.lang.Long' available: expected at least 1 bean which qualifies as autowire candidate. Dependency annotations: {@org.springframework.web.bind.annotation.PathVariable(name=, value=, required=true)}
2019-03-03T20:49:47.944 INFO  o.a.c.c.StandardService 173 - Stopping service [Tomcat]
2019-03-03T20:49:47.962 INFO  o.s.b.a.l.ConditionEvaluationReportLoggingListener 142 - 

Error starting ApplicationContext. To display the conditions report re-run your application with 'debug' enabled.
2019-03-03T20:49:48.161 ERROR o.s.b.d.LoggingFailureAnalysisReporter 42 - 

***************************
APPLICATION FAILED TO START
***************************

Description:

Parameter 0 of method getProperties in com.hamlt.springboot.controller.PropertisController required a bean of type 'java.lang.Long' that could not be found.

The injection point has the following annotations:
	- @org.springframework.web.bind.annotation.PathVariable(name=, value=, required=true)


Action:

Consider defining a bean of type 'java.lang.Long' in your configuration.

2019-03-03T20:50:31.926 INFO  c.h.s.DemoApplication 50 - Starting DemoApplication on PC-201708121922 with PID 5172 (D:\projects\spring\springboot_demo\target\classes started by Administrator in D:\projects\spring\springboot_demo)
2019-03-03T20:50:31.954 INFO  c.h.s.DemoApplication 675 - No active profile set, falling back to default profiles: default
2019-03-03T20:50:33.712 INFO  o.s.b.w.e.t.TomcatWebServer 90 - Tomcat initialized with port(s): 8080 (http)
2019-03-03T20:50:33.732 INFO  o.a.c.h.Http11NioProtocol 173 - Initializing ProtocolHandler ["http-nio-8080"]
2019-03-03T20:50:33.751 INFO  o.a.c.c.StandardService 173 - Starting service [Tomcat]
2019-03-03T20:50:33.752 INFO  o.a.c.c.StandardEngine 173 - Starting Servlet engine: [Apache Tomcat/9.0.16]
2019-03-03T20:50:33.763 INFO  o.a.c.c.AprLifecycleListener 173 - The APR based Apache Tomcat Native library which allows optimal performance in production environments was not found on the java.library.path: [F:\jdk8\jdk\bin;C:\Windows\Sun\Java\bin;C:\Windows\system32;C:\Windows;C:\ProgramData\Oracle\Java\javapath;C:\Windows\system32;C:\Windows;C:\Windows\System32\Wbem;C:\Windows\System32\WindowsPowerShell\v1.0\;F:\jdk8\jdk\bin;F:\jdk8\jdk\jre\bin;F:\apache-maven-3.5.0\bin;C:\Program Files\TortoiseSVN\bin;F:\Git\cmd;F:\scala-2\bin;F:\scala-2\jre\bin;F:\sbt1.0.3\bin;F:\sbt1.0.3\bin;;.]
2019-03-03T20:50:33.885 INFO  o.a.c.c.C.[.[.[/] 173 - Initializing Spring embedded WebApplicationContext
2019-03-03T20:50:33.885 INFO  o.s.w.c.ContextLoader 296 - Root WebApplicationContext: initialization completed in 1829 ms
2019-03-03T20:50:34.252 INFO  o.s.s.c.ThreadPoolTaskExecutor 171 - Initializing ExecutorService 'applicationTaskExecutor'
2019-03-03T20:50:34.574 INFO  o.a.c.h.Http11NioProtocol 173 - Starting ProtocolHandler ["http-nio-8080"]
2019-03-03T20:50:34.617 INFO  o.s.b.w.e.t.TomcatWebServer 204 - Tomcat started on port(s): 8080 (http) with context path ''
2019-03-03T20:50:34.623 INFO  c.h.s.DemoApplication 59 - Started DemoApplication in 4.477 seconds (JVM running for 5.766)
2019-03-03T20:50:42.233 INFO  o.a.c.c.C.[.[.[/] 173 - Initializing Spring DispatcherServlet 'dispatcherServlet'
2019-03-03T20:50:42.234 INFO  o.s.w.s.DispatcherServlet 524 - Initializing Servlet 'dispatcherServlet'
2019-03-03T20:50:42.245 INFO  o.s.w.s.DispatcherServlet 546 - Completed initialization in 11 ms
2019-03-03T20:50:42.273 INFO  c.h.s.i.LoginInterceptor 24 - ---------------------开始进入请求地址拦截----------------------------
2019-03-03T20:50:42.530 INFO  c.h.s.i.LoginInterceptor 30 - --------------处理请求完成后视图渲染之前的处理操作---------------
2019-03-03T20:50:42.531 INFO  c.h.s.i.LoginInterceptor 35 - ---------------视图渲染之后的操作-------------------------
2019-03-03T20:50:49.107 INFO  c.h.s.i.LoginInterceptor 24 - ---------------------开始进入请求地址拦截----------------------------
2019-03-03T20:50:49.126 INFO  c.h.s.i.LoginInterceptor 30 - --------------处理请求完成后视图渲染之前的处理操作---------------
2019-03-03T20:50:49.127 INFO  c.h.s.i.LoginInterceptor 35 - ---------------视图渲染之后的操作-------------------------
2019-03-03T20:51:10.460 INFO  o.h.v.i.u.Version 21 - HV000001: Hibernate Validator 6.0.14.Final
2019-03-03T20:51:10.470 INFO  c.h.s.DemoApplication 50 - Starting DemoApplication on PC-201708121922 with PID 2364 (D:\projects\spring\springboot_demo\target\classes started by Administrator in D:\projects\spring\springboot_demo)
2019-03-03T20:51:10.471 INFO  c.h.s.DemoApplication 675 - No active profile set, falling back to default profiles: default
2019-03-03T20:51:12.635 INFO  o.s.b.w.e.t.TomcatWebServer 90 - Tomcat initialized with port(s): 8080 (http)
2019-03-03T20:51:12.655 INFO  o.a.c.h.Http11NioProtocol 173 - Initializing ProtocolHandler ["http-nio-8080"]
2019-03-03T20:51:12.671 INFO  o.a.c.c.StandardService 173 - Starting service [Tomcat]
2019-03-03T20:51:12.672 INFO  o.a.c.c.StandardEngine 173 - Starting Servlet engine: [Apache Tomcat/9.0.16]
2019-03-03T20:51:12.684 INFO  o.a.c.c.AprLifecycleListener 173 - The APR based Apache Tomcat Native library which allows optimal performance in production environments was not found on the java.library.path: [F:\jdk8\jdk\bin;C:\Windows\Sun\Java\bin;C:\Windows\system32;C:\Windows;C:\ProgramData\Oracle\Java\javapath;C:\Windows\system32;C:\Windows;C:\Windows\System32\Wbem;C:\Windows\System32\WindowsPowerShell\v1.0\;F:\jdk8\jdk\bin;F:\jdk8\jdk\jre\bin;F:\apache-maven-3.5.0\bin;C:\Program Files\TortoiseSVN\bin;F:\Git\cmd;F:\scala-2\bin;F:\scala-2\jre\bin;F:\sbt1.0.3\bin;F:\sbt1.0.3\bin;;.]
2019-03-03T20:51:12.810 INFO  o.a.c.c.C.[.[.[/] 173 - Initializing Spring embedded WebApplicationContext
2019-03-03T20:51:12.810 INFO  o.s.w.c.ContextLoader 296 - Root WebApplicationContext: initialization completed in 2179 ms
2019-03-03T20:51:13.185 INFO  o.s.s.c.ThreadPoolTaskExecutor 171 - Initializing ExecutorService 'applicationTaskExecutor'
2019-03-03T20:51:13.509 INFO  o.a.c.h.Http11NioProtocol 173 - Starting ProtocolHandler ["http-nio-8080"]
2019-03-03T20:51:13.551 INFO  o.s.b.w.e.t.TomcatWebServer 204 - Tomcat started on port(s): 8080 (http) with context path ''
2019-03-03T20:51:13.558 INFO  c.h.s.DemoApplication 59 - Started DemoApplication in 4.208 seconds (JVM running for 5.471)
2019-03-03T20:51:27.946 INFO  o.a.c.c.C.[.[.[/] 173 - Initializing Spring DispatcherServlet 'dispatcherServlet'
2019-03-03T20:51:27.947 INFO  o.s.w.s.DispatcherServlet 524 - Initializing Servlet 'dispatcherServlet'
2019-03-03T20:51:27.958 INFO  o.s.w.s.DispatcherServlet 546 - Completed initialization in 11 ms
2019-03-03T20:51:27.984 INFO  c.h.s.i.LoginInterceptor 24 - ---------------------开始进入请求地址拦截----------------------------
2019-03-03T20:51:28.225 INFO  c.h.s.i.LoginInterceptor 30 - --------------处理请求完成后视图渲染之前的处理操作---------------
2019-03-03T20:51:28.226 INFO  c.h.s.i.LoginInterceptor 35 - ---------------视图渲染之后的操作-------------------------
2019-03-03T20:54:44.893 INFO  c.h.s.DemoApplication 50 - Starting DemoApplication on PC-201708121922 with PID 8952 (D:\projects\spring\springboot_demo\target\classes started by Administrator in D:\projects\spring\springboot_demo)
2019-03-03T20:54:44.902 INFO  c.h.s.DemoApplication 675 - No active profile set, falling back to default profiles: default
2019-03-03T20:54:47.126 INFO  o.s.b.w.e.t.TomcatWebServer 90 - Tomcat initialized with port(s): 8080 (http)
2019-03-03T20:54:47.148 INFO  o.a.c.h.Http11NioProtocol 173 - Initializing ProtocolHandler ["http-nio-8080"]
2019-03-03T20:54:47.166 INFO  o.a.c.c.StandardService 173 - Starting service [Tomcat]
2019-03-03T20:54:47.166 INFO  o.a.c.c.StandardEngine 173 - Starting Servlet engine: [Apache Tomcat/9.0.16]
2019-03-03T20:54:47.176 INFO  o.a.c.c.AprLifecycleListener 173 - The APR based Apache Tomcat Native library which allows optimal performance in production environments was not found on the java.library.path: [F:\jdk8\jdk\bin;C:\Windows\Sun\Java\bin;C:\Windows\system32;C:\Windows;C:\ProgramData\Oracle\Java\javapath;C:\Windows\system32;C:\Windows;C:\Windows\System32\Wbem;C:\Windows\System32\WindowsPowerShell\v1.0\;F:\jdk8\jdk\bin;F:\jdk8\jdk\jre\bin;F:\apache-maven-3.5.0\bin;C:\Program Files\TortoiseSVN\bin;F:\Git\cmd;F:\scala-2\bin;F:\scala-2\jre\bin;F:\sbt1.0.3\bin;F:\sbt1.0.3\bin;;.]
2019-03-03T20:54:47.300 INFO  o.a.c.c.C.[.[.[/] 173 - Initializing Spring embedded WebApplicationContext
2019-03-03T20:54:47.301 INFO  o.s.w.c.ContextLoader 296 - Root WebApplicationContext: initialization completed in 2307 ms
2019-03-03T20:54:47.680 INFO  o.s.s.c.ThreadPoolTaskExecutor 171 - Initializing ExecutorService 'applicationTaskExecutor'
2019-03-03T20:54:48.018 INFO  o.a.c.h.Http11NioProtocol 173 - Starting ProtocolHandler ["http-nio-8080"]
2019-03-03T20:54:48.058 INFO  o.s.b.w.e.t.TomcatWebServer 204 - Tomcat started on port(s): 8080 (http) with context path ''
2019-03-03T20:54:48.065 INFO  c.h.s.DemoApplication 59 - Started DemoApplication in 4.466 seconds (JVM running for 5.962)
2019-03-03T20:55:17.179 INFO  o.a.c.c.C.[.[.[/] 173 - Initializing Spring DispatcherServlet 'dispatcherServlet'
2019-03-03T20:55:17.179 INFO  o.s.w.s.DispatcherServlet 524 - Initializing Servlet 'dispatcherServlet'
2019-03-03T20:55:17.189 INFO  o.s.w.s.DispatcherServlet 546 - Completed initialization in 10 ms
2019-03-03T20:55:17.213 INFO  c.h.s.i.LoginInterceptor 24 - ---------------------开始进入请求地址拦截----------------------------
2019-03-03T20:55:17.473 INFO  c.h.s.i.LoginInterceptor 30 - --------------处理请求完成后视图渲染之前的处理操作---------------
2019-03-03T20:55:17.474 INFO  c.h.s.i.LoginInterceptor 35 - ---------------视图渲染之后的操作-------------------------
