2019-03-03T18:14:26.408 INFO  c.h.s.DemoApplication 50 - Starting DemoApplication on PC-201708121922 with PID 6968 (D:\projects\spring\springboot_demo\target\classes started by Administrator in D:\projects\spring\springboot_demo)
2019-03-03T18:14:26.445 INFO  c.h.s.DemoApplication 675 - No active profile set, falling back to default profiles: default
2019-03-03T18:14:28.470 INFO  o.s.b.w.e.t.TomcatWebServer 90 - Tomcat initialized with port(s): 8080 (http)
2019-03-03T18:14:28.491 INFO  o.a.c.h.Http11NioProtocol 173 - Initializing ProtocolHandler ["http-nio-8080"]
2019-03-03T18:14:28.503 INFO  o.a.c.c.StandardService 173 - Starting service [Tomcat]
2019-03-03T18:14:28.504 INFO  o.a.c.c.StandardEngine 173 - Starting Servlet engine: [Apache Tomcat/9.0.16]
2019-03-03T18:14:28.511 INFO  o.a.c.c.AprLifecycleListener 173 - The APR based Apache Tomcat Native library which allows optimal performance in production environments was not found on the java.library.path: [F:\jdk8\jdk\bin;C:\Windows\Sun\Java\bin;C:\Windows\system32;C:\Windows;C:\ProgramData\Oracle\Java\javapath;C:\Windows\system32;C:\Windows;C:\Windows\System32\Wbem;C:\Windows\System32\WindowsPowerShell\v1.0\;F:\jdk8\jdk\bin;F:\jdk8\jdk\jre\bin;F:\apache-maven-3.5.0\bin;C:\Program Files\TortoiseSVN\bin;F:\Git\cmd;F:\scala-2\bin;F:\scala-2\jre\bin;F:\sbt1.0.3\bin;F:\sbt1.0.3\bin;;.]
2019-03-03T18:14:28.604 INFO  o.a.c.c.C.[.[.[/] 173 - Initializing Spring embedded WebApplicationContext
2019-03-03T18:14:28.604 INFO  o.s.w.c.ContextLoader 296 - Root WebApplicationContext: initialization completed in 2087 ms
2019-03-03T18:14:28.870 INFO  o.s.s.c.ThreadPoolTaskExecutor 171 - Initializing ExecutorService 'applicationTaskExecutor'
2019-03-03T18:14:29.117 INFO  o.a.c.h.Http11NioProtocol 173 - Starting ProtocolHandler ["http-nio-8080"]
2019-03-03T18:14:29.148 INFO  o.s.b.w.e.t.TomcatWebServer 204 - Tomcat started on port(s): 8080 (http) with context path ''
2019-03-03T18:14:29.152 INFO  c.h.s.DemoApplication 59 - Started DemoApplication in 3.717 seconds (JVM running for 4.814)
2019-03-03T18:14:59.945 INFO  o.a.c.c.C.[.[.[/] 173 - Initializing Spring DispatcherServlet 'dispatcherServlet'
2019-03-03T18:14:59.946 INFO  o.s.w.s.DispatcherServlet 524 - Initializing Servlet 'dispatcherServlet'
2019-03-03T18:14:59.953 INFO  o.s.w.s.DispatcherServlet 546 - Completed initialization in 7 ms
2019-03-03T18:14:59.975 INFO  c.h.s.i.LoginInterceptor 24 - ---------------------开始进入请求地址拦截----------------------------
2019-03-03T18:15:00.079 INFO  c.h.s.i.LoginInterceptor 30 - --------------处理请求完成后视图渲染之前的处理操作---------------
2019-03-03T18:15:00.080 INFO  c.h.s.i.LoginInterceptor 35 - ---------------视图渲染之后的操作-------------------------
2019-03-03T18:21:37.668 INFO  c.h.s.DemoApplication 50 - Starting DemoApplication on PC-201708121922 with PID 8704 (D:\projects\spring\springboot_demo\target\classes started by Administrator in D:\projects\spring\springboot_demo)
2019-03-03T18:21:37.675 INFO  c.h.s.DemoApplication 675 - No active profile set, falling back to default profiles: default
2019-03-03T18:21:40.055 INFO  o.s.b.w.e.t.TomcatWebServer 90 - Tomcat initialized with port(s): 8080 (http)
2019-03-03T18:21:40.075 INFO  o.a.c.h.Http11NioProtocol 173 - Initializing ProtocolHandler ["http-nio-8080"]
2019-03-03T18:21:40.092 INFO  o.a.c.c.StandardService 173 - Starting service [Tomcat]
2019-03-03T18:21:40.093 INFO  o.a.c.c.StandardEngine 173 - Starting Servlet engine: [Apache Tomcat/9.0.16]
2019-03-03T18:21:40.102 INFO  o.a.c.c.AprLifecycleListener 173 - The APR based Apache Tomcat Native library which allows optimal performance in production environments was not found on the java.library.path: [F:\jdk8\jdk\bin;C:\Windows\Sun\Java\bin;C:\Windows\system32;C:\Windows;C:\ProgramData\Oracle\Java\javapath;C:\Windows\system32;C:\Windows;C:\Windows\System32\Wbem;C:\Windows\System32\WindowsPowerShell\v1.0\;F:\jdk8\jdk\bin;F:\jdk8\jdk\jre\bin;F:\apache-maven-3.5.0\bin;C:\Program Files\TortoiseSVN\bin;F:\Git\cmd;F:\scala-2\bin;F:\scala-2\jre\bin;F:\sbt1.0.3\bin;F:\sbt1.0.3\bin;;.]
2019-03-03T18:21:40.200 INFO  o.a.c.c.C.[.[.[/] 173 - Initializing Spring embedded WebApplicationContext
2019-03-03T18:21:40.201 INFO  o.s.w.c.ContextLoader 296 - Root WebApplicationContext: initialization completed in 2214 ms
2019-03-03T18:21:40.526 INFO  o.s.s.c.ThreadPoolTaskExecutor 171 - Initializing ExecutorService 'applicationTaskExecutor'
2019-03-03T18:21:40.829 INFO  o.a.c.h.Http11NioProtocol 173 - Starting ProtocolHandler ["http-nio-8080"]
2019-03-03T18:21:40.859 INFO  o.s.b.w.e.t.TomcatWebServer 204 - Tomcat started on port(s): 8080 (http) with context path ''
2019-03-03T18:21:40.863 INFO  c.h.s.DemoApplication 59 - Started DemoApplication in 4.014 seconds (JVM running for 5.217)
2019-03-03T18:22:13.949 INFO  o.a.c.c.C.[.[.[/] 173 - Initializing Spring DispatcherServlet 'dispatcherServlet'
2019-03-03T18:22:13.950 INFO  o.s.w.s.DispatcherServlet 524 - Initializing Servlet 'dispatcherServlet'
2019-03-03T18:22:13.958 INFO  o.s.w.s.DispatcherServlet 546 - Completed initialization in 7 ms
2019-03-03T18:22:13.979 INFO  c.h.s.i.LoginInterceptor 24 - ---------------------开始进入请求地址拦截----------------------------
2019-03-03T18:22:14.075 INFO  c.h.s.i.LoginInterceptor 30 - --------------处理请求完成后视图渲染之前的处理操作---------------
2019-03-03T18:22:14.076 INFO  c.h.s.i.LoginInterceptor 35 - ---------------视图渲染之后的操作-------------------------
2019-03-03T18:48:05.471 INFO  c.h.s.DemoApplication 50 - Starting DemoApplication on PC-201708121922 with PID 3968 (D:\projects\spring\springboot_demo\target\classes started by Administrator in D:\projects\spring\springboot_demo)
2019-03-03T18:48:05.478 INFO  c.h.s.DemoApplication 675 - No active profile set, falling back to default profiles: default
2019-03-03T18:48:06.889 INFO  o.s.b.w.e.t.TomcatWebServer 90 - Tomcat initialized with port(s): 8080 (http)
2019-03-03T18:48:06.905 INFO  o.a.c.h.Http11NioProtocol 173 - Initializing ProtocolHandler ["http-nio-8080"]
2019-03-03T18:48:06.917 INFO  o.a.c.c.StandardService 173 - Starting service [Tomcat]
2019-03-03T18:48:06.918 INFO  o.a.c.c.StandardEngine 173 - Starting Servlet engine: [Apache Tomcat/9.0.16]
2019-03-03T18:48:06.927 INFO  o.a.c.c.AprLifecycleListener 173 - The APR based Apache Tomcat Native library which allows optimal performance in production environments was not found on the java.library.path: [F:\jdk8\jdk\bin;C:\Windows\Sun\Java\bin;C:\Windows\system32;C:\Windows;C:\ProgramData\Oracle\Java\javapath;C:\Windows\system32;C:\Windows;C:\Windows\System32\Wbem;C:\Windows\System32\WindowsPowerShell\v1.0\;F:\jdk8\jdk\bin;F:\jdk8\jdk\jre\bin;F:\apache-maven-3.5.0\bin;C:\Program Files\TortoiseSVN\bin;F:\Git\cmd;F:\scala-2\bin;F:\scala-2\jre\bin;F:\sbt1.0.3\bin;F:\sbt1.0.3\bin;;.]
2019-03-03T18:48:07.031 INFO  o.a.c.c.C.[.[.[/] 173 - Initializing Spring embedded WebApplicationContext
2019-03-03T18:48:07.032 INFO  o.s.w.c.ContextLoader 296 - Root WebApplicationContext: initialization completed in 1484 ms
2019-03-03T18:48:07.301 INFO  o.s.s.c.ThreadPoolTaskExecutor 171 - Initializing ExecutorService 'applicationTaskExecutor'
2019-03-03T18:48:07.600 INFO  o.a.c.h.Http11NioProtocol 173 - Starting ProtocolHandler ["http-nio-8080"]
2019-03-03T18:48:07.632 INFO  o.s.b.w.e.t.TomcatWebServer 204 - Tomcat started on port(s): 8080 (http) with context path ''
2019-03-03T18:48:07.637 INFO  c.h.s.DemoApplication 59 - Started DemoApplication in 3.691 seconds (JVM running for 4.873)
2019-03-03T18:49:55.253 INFO  o.a.c.c.C.[.[.[/] 173 - Initializing Spring DispatcherServlet 'dispatcherServlet'
2019-03-03T18:49:55.253 INFO  o.s.w.s.DispatcherServlet 524 - Initializing Servlet 'dispatcherServlet'
2019-03-03T18:49:55.260 INFO  o.s.w.s.DispatcherServlet 546 - Completed initialization in 7 ms
2019-03-03T18:49:55.280 INFO  c.h.s.i.LoginInterceptor 24 - ---------------------开始进入请求地址拦截----------------------------
2019-03-03T18:49:55.506 INFO  c.h.s.i.LoginInterceptor 30 - --------------处理请求完成后视图渲染之前的处理操作---------------
2019-03-03T18:49:55.507 INFO  c.h.s.i.LoginInterceptor 35 - ---------------视图渲染之后的操作-------------------------
2019-03-03T18:49:58.474 WARN  o.s.w.s.PageNotFound 1248 - No mapping for GET /user
2019-03-03T18:49:58.491 INFO  c.h.s.i.LoginInterceptor 24 - ---------------------开始进入请求地址拦截----------------------------
2019-03-03T18:49:58.502 INFO  c.h.s.i.LoginInterceptor 30 - --------------处理请求完成后视图渲染之前的处理操作---------------
2019-03-03T18:49:58.519 INFO  c.h.s.i.LoginInterceptor 35 - ---------------视图渲染之后的操作-------------------------
2019-03-03T18:50:47.996 INFO  c.h.s.i.LoginInterceptor 24 - ---------------------开始进入请求地址拦截----------------------------
2019-03-03T18:50:48.001 INFO  c.h.s.i.LoginInterceptor 30 - --------------处理请求完成后视图渲染之前的处理操作---------------
2019-03-03T18:50:48.001 INFO  c.h.s.i.LoginInterceptor 35 - ---------------视图渲染之后的操作-------------------------
2019-03-03T18:51:12.610 DEBUG o.h.v.m.ResourceBundleMessageInterpolator 89 - Loaded expression factory via original TCCL
2019-03-03T18:51:12.883 INFO  c.h.s.DemoApplication 50 - Starting DemoApplication on PC-201708121922 with PID 8844 (D:\projects\spring\springboot_demo\target\classes started by Administrator in D:\projects\spring\springboot_demo)
2019-03-03T18:51:12.885 INFO  c.h.s.DemoApplication 675 - No active profile set, falling back to default profiles: default
2019-03-03T18:51:15.766 INFO  o.s.b.w.e.t.TomcatWebServer 90 - Tomcat initialized with port(s): 8080 (http)
2019-03-03T18:51:15.783 INFO  o.a.c.h.Http11NioProtocol 173 - Initializing ProtocolHandler ["http-nio-8080"]
2019-03-03T18:51:15.796 INFO  o.a.c.c.StandardService 173 - Starting service [Tomcat]
2019-03-03T18:51:15.796 INFO  o.a.c.c.StandardEngine 173 - Starting Servlet engine: [Apache Tomcat/9.0.16]
2019-03-03T18:51:15.804 INFO  o.a.c.c.AprLifecycleListener 173 - The APR based Apache Tomcat Native library which allows optimal performance in production environments was not found on the java.library.path: [F:\jdk8\jdk\bin;C:\Windows\Sun\Java\bin;C:\Windows\system32;C:\Windows;C:\ProgramData\Oracle\Java\javapath;C:\Windows\system32;C:\Windows;C:\Windows\System32\Wbem;C:\Windows\System32\WindowsPowerShell\v1.0\;F:\jdk8\jdk\bin;F:\jdk8\jdk\jre\bin;F:\apache-maven-3.5.0\bin;C:\Program Files\TortoiseSVN\bin;F:\Git\cmd;F:\scala-2\bin;F:\scala-2\jre\bin;F:\sbt1.0.3\bin;F:\sbt1.0.3\bin;;.]
2019-03-03T18:51:15.904 INFO  o.a.c.c.C.[.[.[/] 173 - Initializing Spring embedded WebApplicationContext
2019-03-03T18:51:15.905 INFO  o.s.w.c.ContextLoader 296 - Root WebApplicationContext: initialization completed in 2835 ms
2019-03-03T18:51:16.174 INFO  o.s.s.c.ThreadPoolTaskExecutor 171 - Initializing ExecutorService 'applicationTaskExecutor'
2019-03-03T18:51:16.473 INFO  o.a.c.h.Http11NioProtocol 173 - Starting ProtocolHandler ["http-nio-8080"]
2019-03-03T18:51:16.504 INFO  o.s.b.w.e.t.TomcatWebServer 204 - Tomcat started on port(s): 8080 (http) with context path ''
2019-03-03T18:51:16.508 INFO  c.h.s.DemoApplication 59 - Started DemoApplication in 5.038 seconds (JVM running for 6.54)
2019-03-03T18:51:37.388 INFO  o.a.c.c.C.[.[.[/] 173 - Initializing Spring DispatcherServlet 'dispatcherServlet'
2019-03-03T18:51:37.389 INFO  o.s.w.s.DispatcherServlet 524 - Initializing Servlet 'dispatcherServlet'
2019-03-03T18:51:37.400 INFO  o.s.w.s.DispatcherServlet 546 - Completed initialization in 11 ms
2019-03-03T18:51:37.430 INFO  c.h.s.i.LoginInterceptor 24 - ---------------------开始进入请求地址拦截----------------------------
2019-03-03T18:51:37.675 INFO  c.h.s.i.LoginInterceptor 30 - --------------处理请求完成后视图渲染之前的处理操作---------------
2019-03-03T18:51:37.676 INFO  c.h.s.i.LoginInterceptor 35 - ---------------视图渲染之后的操作-------------------------
2019-03-03T18:52:12.678 INFO  c.h.s.i.LoginInterceptor 24 - ---------------------开始进入请求地址拦截----------------------------
2019-03-03T18:52:12.771 WARN  o.s.w.s.m.m.a.ExceptionHandlerExceptionResolver 419 - Failure in @ExceptionHandler public com.hamlt.springboot.exception.ErrorResponseEntity com.hamlt.springboot.exception.GlobalExceptionHandler.customExceptionHandler(javax.servlet.http.HttpServletRequest,java.lang.Exception,javax.servlet.http.HttpServletResponse)
org.springframework.http.converter.HttpMessageNotWritableException: No converter found for return value of type: class com.hamlt.springboot.exception.ErrorResponseEntity
	at org.springframework.web.servlet.mvc.method.annotation.AbstractMessageConverterMethodProcessor.writeWithMessageConverters(AbstractMessageConverterMethodProcessor.java:233)
	at org.springframework.web.servlet.mvc.method.annotation.RequestResponseBodyMethodProcessor.handleReturnValue(RequestResponseBodyMethodProcessor.java:180)
	at org.springframework.web.method.support.HandlerMethodReturnValueHandlerComposite.handleReturnValue(HandlerMethodReturnValueHandlerComposite.java:82)
	at org.springframework.web.servlet.mvc.method.annotation.ServletInvocableHandlerMethod.invokeAndHandle(ServletInvocableHandlerMethod.java:119)
	at org.springframework.web.servlet.mvc.method.annotation.ExceptionHandlerExceptionResolver.doResolveHandlerMethodException(ExceptionHandlerExceptionResolver.java:412)
	at org.springframework.web.servlet.handler.AbstractHandlerMethodExceptionResolver.doResolveException(AbstractHandlerMethodExceptionResolver.java:61)
	at org.springframework.web.servlet.handler.AbstractHandlerExceptionResolver.resolveException(AbstractHandlerExceptionResolver.java:139)
	at org.springframework.web.servlet.handler.HandlerExceptionResolverComposite.resolveException(HandlerExceptionResolverComposite.java:80)
	at org.springframework.web.servlet.DispatcherServlet.processHandlerException(DispatcherServlet.java:1297)
	at org.springframework.web.servlet.DispatcherServlet.processDispatchResult(DispatcherServlet.java:1109)
	at org.springframework.web.servlet.DispatcherServlet.doDispatch(DispatcherServlet.java:1055)
	at org.springframework.web.servlet.DispatcherServlet.doService(DispatcherServlet.java:942)
	at org.springframework.web.servlet.FrameworkServlet.processRequest(FrameworkServlet.java:1005)
	at org.springframework.web.servlet.FrameworkServlet.doGet(FrameworkServlet.java:897)
	at javax.servlet.http.HttpServlet.service(HttpServlet.java:634)
	at org.springframework.web.servlet.FrameworkServlet.service(FrameworkServlet.java:882)
	at javax.servlet.http.HttpServlet.service(HttpServlet.java:741)
	at org.apache.catalina.core.ApplicationFilterChain.internalDoFilter(ApplicationFilterChain.java:231)
	at org.apache.catalina.core.ApplicationFilterChain.doFilter(ApplicationFilterChain.java:166)
	at org.apache.tomcat.websocket.server.WsFilter.doFilter(WsFilter.java:53)
	at org.apache.catalina.core.ApplicationFilterChain.internalDoFilter(ApplicationFilterChain.java:193)
	at org.apache.catalina.core.ApplicationFilterChain.doFilter(ApplicationFilterChain.java:166)
	at org.springframework.web.filter.RequestContextFilter.doFilterInternal(RequestContextFilter.java:99)
	at org.springframework.web.filter.OncePerRequestFilter.doFilter(OncePerRequestFilter.java:107)
	at org.apache.catalina.core.ApplicationFilterChain.internalDoFilter(ApplicationFilterChain.java:193)
	at org.apache.catalina.core.ApplicationFilterChain.doFilter(ApplicationFilterChain.java:166)
	at org.springframework.web.filter.FormContentFilter.doFilterInternal(FormContentFilter.java:92)
	at org.springframework.web.filter.OncePerRequestFilter.doFilter(OncePerRequestFilter.java:107)
	at org.apache.catalina.core.ApplicationFilterChain.internalDoFilter(ApplicationFilterChain.java:193)
	at org.apache.catalina.core.ApplicationFilterChain.doFilter(ApplicationFilterChain.java:166)
	at org.springframework.web.filter.HiddenHttpMethodFilter.doFilterInternal(HiddenHttpMethodFilter.java:93)
	at org.springframework.web.filter.OncePerRequestFilter.doFilter(OncePerRequestFilter.java:107)
	at org.apache.catalina.core.ApplicationFilterChain.internalDoFilter(ApplicationFilterChain.java:193)
	at org.apache.catalina.core.ApplicationFilterChain.doFilter(ApplicationFilterChain.java:166)
	at org.springframework.web.filter.CharacterEncodingFilter.doFilterInternal(CharacterEncodingFilter.java:200)
	at org.springframework.web.filter.OncePerRequestFilter.doFilter(OncePerRequestFilter.java:107)
	at org.apache.catalina.core.ApplicationFilterChain.internalDoFilter(ApplicationFilterChain.java:193)
	at org.apache.catalina.core.ApplicationFilterChain.doFilter(ApplicationFilterChain.java:166)
	at org.apache.catalina.core.StandardWrapperValve.invoke(StandardWrapperValve.java:200)
	at org.apache.catalina.core.StandardContextValve.invoke(StandardContextValve.java:96)
	at org.apache.catalina.authenticator.AuthenticatorBase.invoke(AuthenticatorBase.java:490)
	at org.apache.catalina.core.StandardHostValve.invoke(StandardHostValve.java:139)
	at org.apache.catalina.valves.ErrorReportValve.invoke(ErrorReportValve.java:92)
	at org.apache.catalina.core.StandardEngineValve.invoke(StandardEngineValve.java:74)
	at org.apache.catalina.connector.CoyoteAdapter.service(CoyoteAdapter.java:343)
	at org.apache.coyote.http11.Http11Processor.service(Http11Processor.java:408)
	at org.apache.coyote.AbstractProcessorLight.process(AbstractProcessorLight.java:66)
	at org.apache.coyote.AbstractProtocol$ConnectionHandler.process(AbstractProtocol.java:834)
	at org.apache.tomcat.util.net.NioEndpoint$SocketProcessor.doRun(NioEndpoint.java:1415)
	at org.apache.tomcat.util.net.SocketProcessorBase.run(SocketProcessorBase.java:49)
	at java.util.concurrent.ThreadPoolExecutor.runWorker(ThreadPoolExecutor.java:1142)
	at java.util.concurrent.ThreadPoolExecutor$Worker.run(ThreadPoolExecutor.java:617)
	at org.apache.tomcat.util.threads.TaskThread$WrappingRunnable.run(TaskThread.java:61)
	at java.lang.Thread.run(Thread.java:745)
2019-03-03T18:52:12.772 INFO  c.h.s.i.LoginInterceptor 35 - ---------------视图渲染之后的操作-------------------------
2019-03-03T18:52:12.775 ERROR o.a.c.c.C.[.[.[.[dispatcherServlet] 175 - Servlet.service() for servlet [dispatcherServlet] in context with path [] threw exception [Request processing failed; nested exception is com.hamlt.springboot.exception.CustomException: id不能为空] with root cause
com.hamlt.springboot.exception.CustomException: id不能为空
	at com.hamlt.springboot.controller.UserController.getUserToView(UserController.java:32)
	at sun.reflect.NativeMethodAccessorImpl.invoke0(Native Method)
	at sun.reflect.NativeMethodAccessorImpl.invoke(NativeMethodAccessorImpl.java:62)
	at sun.reflect.DelegatingMethodAccessorImpl.invoke(DelegatingMethodAccessorImpl.java:43)
	at java.lang.reflect.Method.invoke(Method.java:483)
	at org.springframework.web.method.support.InvocableHandlerMethod.doInvoke(InvocableHandlerMethod.java:189)
	at org.springframework.web.method.support.InvocableHandlerMethod.invokeForRequest(InvocableHandlerMethod.java:138)
	at org.springframework.web.servlet.mvc.method.annotation.ServletInvocableHandlerMethod.invokeAndHandle(ServletInvocableHandlerMethod.java:102)
	at org.springframework.web.servlet.mvc.method.annotation.RequestMappingHandlerAdapter.invokeHandlerMethod(RequestMappingHandlerAdapter.java:895)
	at org.springframework.web.servlet.mvc.method.annotation.RequestMappingHandlerAdapter.handleInternal(RequestMappingHandlerAdapter.java:800)
	at org.springframework.web.servlet.mvc.method.AbstractHandlerMethodAdapter.handle(AbstractHandlerMethodAdapter.java:87)
	at org.springframework.web.servlet.DispatcherServlet.doDispatch(DispatcherServlet.java:1038)
	at org.springframework.web.servlet.DispatcherServlet.doService(DispatcherServlet.java:942)
	at org.springframework.web.servlet.FrameworkServlet.processRequest(FrameworkServlet.java:1005)
	at org.springframework.web.servlet.FrameworkServlet.doGet(FrameworkServlet.java:897)
	at javax.servlet.http.HttpServlet.service(HttpServlet.java:634)
	at org.springframework.web.servlet.FrameworkServlet.service(FrameworkServlet.java:882)
	at javax.servlet.http.HttpServlet.service(HttpServlet.java:741)
	at org.apache.catalina.core.ApplicationFilterChain.internalDoFilter(ApplicationFilterChain.java:231)
	at org.apache.catalina.core.ApplicationFilterChain.doFilter(ApplicationFilterChain.java:166)
	at org.apache.tomcat.websocket.server.WsFilter.doFilter(WsFilter.java:53)
	at org.apache.catalina.core.ApplicationFilterChain.internalDoFilter(ApplicationFilterChain.java:193)
	at org.apache.catalina.core.ApplicationFilterChain.doFilter(ApplicationFilterChain.java:166)
	at org.springframework.web.filter.RequestContextFilter.doFilterInternal(RequestContextFilter.java:99)
	at org.springframework.web.filter.OncePerRequestFilter.doFilter(OncePerRequestFilter.java:107)
	at org.apache.catalina.core.ApplicationFilterChain.internalDoFilter(ApplicationFilterChain.java:193)
	at org.apache.catalina.core.ApplicationFilterChain.doFilter(ApplicationFilterChain.java:166)
	at org.springframework.web.filter.FormContentFilter.doFilterInternal(FormContentFilter.java:92)
	at org.springframework.web.filter.OncePerRequestFilter.doFilter(OncePerRequestFilter.java:107)
	at org.apache.catalina.core.ApplicationFilterChain.internalDoFilter(ApplicationFilterChain.java:193)
	at org.apache.catalina.core.ApplicationFilterChain.doFilter(ApplicationFilterChain.java:166)
	at org.springframework.web.filter.HiddenHttpMethodFilter.doFilterInternal(HiddenHttpMethodFilter.java:93)
	at org.springframework.web.filter.OncePerRequestFilter.doFilter(OncePerRequestFilter.java:107)
	at org.apache.catalina.core.ApplicationFilterChain.internalDoFilter(ApplicationFilterChain.java:193)
	at org.apache.catalina.core.ApplicationFilterChain.doFilter(ApplicationFilterChain.java:166)
	at org.springframework.web.filter.CharacterEncodingFilter.doFilterInternal(CharacterEncodingFilter.java:200)
	at org.springframework.web.filter.OncePerRequestFilter.doFilter(OncePerRequestFilter.java:107)
	at org.apache.catalina.core.ApplicationFilterChain.internalDoFilter(ApplicationFilterChain.java:193)
	at org.apache.catalina.core.ApplicationFilterChain.doFilter(ApplicationFilterChain.java:166)
	at org.apache.catalina.core.StandardWrapperValve.invoke(StandardWrapperValve.java:200)
	at org.apache.catalina.core.StandardContextValve.invoke(StandardContextValve.java:96)
	at org.apache.catalina.authenticator.AuthenticatorBase.invoke(AuthenticatorBase.java:490)
	at org.apache.catalina.core.StandardHostValve.invoke(StandardHostValve.java:139)
	at org.apache.catalina.valves.ErrorReportValve.invoke(ErrorReportValve.java:92)
	at org.apache.catalina.core.StandardEngineValve.invoke(StandardEngineValve.java:74)
	at org.apache.catalina.connector.CoyoteAdapter.service(CoyoteAdapter.java:343)
	at org.apache.coyote.http11.Http11Processor.service(Http11Processor.java:408)
	at org.apache.coyote.AbstractProcessorLight.process(AbstractProcessorLight.java:66)
	at org.apache.coyote.AbstractProtocol$ConnectionHandler.process(AbstractProtocol.java:834)
	at org.apache.tomcat.util.net.NioEndpoint$SocketProcessor.doRun(NioEndpoint.java:1415)
	at org.apache.tomcat.util.net.SocketProcessorBase.run(SocketProcessorBase.java:49)
	at java.util.concurrent.ThreadPoolExecutor.runWorker(ThreadPoolExecutor.java:1142)
	at java.util.concurrent.ThreadPoolExecutor$Worker.run(ThreadPoolExecutor.java:617)
	at org.apache.tomcat.util.threads.TaskThread$WrappingRunnable.run(TaskThread.java:61)
	at java.lang.Thread.run(Thread.java:745)
2019-03-03T18:52:12.790 INFO  c.h.s.i.LoginInterceptor 24 - ---------------------开始进入请求地址拦截----------------------------
2019-03-03T18:52:12.797 INFO  c.h.s.i.LoginInterceptor 30 - --------------处理请求完成后视图渲染之前的处理操作---------------
2019-03-03T18:52:12.815 INFO  c.h.s.i.LoginInterceptor 35 - ---------------视图渲染之后的操作-------------------------
2019-03-03T18:52:36.601 INFO  c.h.s.i.LoginInterceptor 24 - ---------------------开始进入请求地址拦截----------------------------
2019-03-03T18:52:36.605 WARN  o.s.w.s.m.m.a.ExceptionHandlerExceptionResolver 419 - Failure in @ExceptionHandler public com.hamlt.springboot.exception.ErrorResponseEntity com.hamlt.springboot.exception.GlobalExceptionHandler.customExceptionHandler(javax.servlet.http.HttpServletRequest,java.lang.Exception,javax.servlet.http.HttpServletResponse)
org.springframework.http.converter.HttpMessageNotWritableException: No converter found for return value of type: class com.hamlt.springboot.exception.ErrorResponseEntity
	at org.springframework.web.servlet.mvc.method.annotation.AbstractMessageConverterMethodProcessor.writeWithMessageConverters(AbstractMessageConverterMethodProcessor.java:233)
	at org.springframework.web.servlet.mvc.method.annotation.RequestResponseBodyMethodProcessor.handleReturnValue(RequestResponseBodyMethodProcessor.java:180)
	at org.springframework.web.method.support.HandlerMethodReturnValueHandlerComposite.handleReturnValue(HandlerMethodReturnValueHandlerComposite.java:82)
	at org.springframework.web.servlet.mvc.method.annotation.ServletInvocableHandlerMethod.invokeAndHandle(ServletInvocableHandlerMethod.java:119)
	at org.springframework.web.servlet.mvc.method.annotation.ExceptionHandlerExceptionResolver.doResolveHandlerMethodException(ExceptionHandlerExceptionResolver.java:412)
	at org.springframework.web.servlet.handler.AbstractHandlerMethodExceptionResolver.doResolveException(AbstractHandlerMethodExceptionResolver.java:61)
	at org.springframework.web.servlet.handler.AbstractHandlerExceptionResolver.resolveException(AbstractHandlerExceptionResolver.java:139)
	at org.springframework.web.servlet.handler.HandlerExceptionResolverComposite.resolveException(HandlerExceptionResolverComposite.java:80)
	at org.springframework.web.servlet.DispatcherServlet.processHandlerException(DispatcherServlet.java:1297)
	at org.springframework.web.servlet.DispatcherServlet.processDispatchResult(DispatcherServlet.java:1109)
	at org.springframework.web.servlet.DispatcherServlet.doDispatch(DispatcherServlet.java:1055)
	at org.springframework.web.servlet.DispatcherServlet.doService(DispatcherServlet.java:942)
	at org.springframework.web.servlet.FrameworkServlet.processRequest(FrameworkServlet.java:1005)
	at org.springframework.web.servlet.FrameworkServlet.doGet(FrameworkServlet.java:897)
	at javax.servlet.http.HttpServlet.service(HttpServlet.java:634)
	at org.springframework.web.servlet.FrameworkServlet.service(FrameworkServlet.java:882)
	at javax.servlet.http.HttpServlet.service(HttpServlet.java:741)
	at org.apache.catalina.core.ApplicationFilterChain.internalDoFilter(ApplicationFilterChain.java:231)
	at org.apache.catalina.core.ApplicationFilterChain.doFilter(ApplicationFilterChain.java:166)
	at org.apache.tomcat.websocket.server.WsFilter.doFilter(WsFilter.java:53)
	at org.apache.catalina.core.ApplicationFilterChain.internalDoFilter(ApplicationFilterChain.java:193)
	at org.apache.catalina.core.ApplicationFilterChain.doFilter(ApplicationFilterChain.java:166)
	at org.springframework.web.filter.RequestContextFilter.doFilterInternal(RequestContextFilter.java:99)
	at org.springframework.web.filter.OncePerRequestFilter.doFilter(OncePerRequestFilter.java:107)
	at org.apache.catalina.core.ApplicationFilterChain.internalDoFilter(ApplicationFilterChain.java:193)
	at org.apache.catalina.core.ApplicationFilterChain.doFilter(ApplicationFilterChain.java:166)
	at org.springframework.web.filter.FormContentFilter.doFilterInternal(FormContentFilter.java:92)
	at org.springframework.web.filter.OncePerRequestFilter.doFilter(OncePerRequestFilter.java:107)
	at org.apache.catalina.core.ApplicationFilterChain.internalDoFilter(ApplicationFilterChain.java:193)
	at org.apache.catalina.core.ApplicationFilterChain.doFilter(ApplicationFilterChain.java:166)
	at org.springframework.web.filter.HiddenHttpMethodFilter.doFilterInternal(HiddenHttpMethodFilter.java:93)
	at org.springframework.web.filter.OncePerRequestFilter.doFilter(OncePerRequestFilter.java:107)
	at org.apache.catalina.core.ApplicationFilterChain.internalDoFilter(ApplicationFilterChain.java:193)
	at org.apache.catalina.core.ApplicationFilterChain.doFilter(ApplicationFilterChain.java:166)
	at org.springframework.web.filter.CharacterEncodingFilter.doFilterInternal(CharacterEncodingFilter.java:200)
	at org.springframework.web.filter.OncePerRequestFilter.doFilter(OncePerRequestFilter.java:107)
	at org.apache.catalina.core.ApplicationFilterChain.internalDoFilter(ApplicationFilterChain.java:193)
	at org.apache.catalina.core.ApplicationFilterChain.doFilter(ApplicationFilterChain.java:166)
	at org.apache.catalina.core.StandardWrapperValve.invoke(StandardWrapperValve.java:200)
	at org.apache.catalina.core.StandardContextValve.invoke(StandardContextValve.java:96)
	at org.apache.catalina.authenticator.AuthenticatorBase.invoke(AuthenticatorBase.java:490)
	at org.apache.catalina.core.StandardHostValve.invoke(StandardHostValve.java:139)
	at org.apache.catalina.valves.ErrorReportValve.invoke(ErrorReportValve.java:92)
	at org.apache.catalina.core.StandardEngineValve.invoke(StandardEngineValve.java:74)
	at org.apache.catalina.connector.CoyoteAdapter.service(CoyoteAdapter.java:343)
	at org.apache.coyote.http11.Http11Processor.service(Http11Processor.java:408)
	at org.apache.coyote.AbstractProcessorLight.process(AbstractProcessorLight.java:66)
	at org.apache.coyote.AbstractProtocol$ConnectionHandler.process(AbstractProtocol.java:834)
	at org.apache.tomcat.util.net.NioEndpoint$SocketProcessor.doRun(NioEndpoint.java:1415)
	at org.apache.tomcat.util.net.SocketProcessorBase.run(SocketProcessorBase.java:49)
	at java.util.concurrent.ThreadPoolExecutor.runWorker(ThreadPoolExecutor.java:1142)
	at java.util.concurrent.ThreadPoolExecutor$Worker.run(ThreadPoolExecutor.java:617)
	at org.apache.tomcat.util.threads.TaskThread$WrappingRunnable.run(TaskThread.java:61)
	at java.lang.Thread.run(Thread.java:745)
2019-03-03T18:52:36.606 INFO  c.h.s.i.LoginInterceptor 35 - ---------------视图渲染之后的操作-------------------------
2019-03-03T18:52:36.607 ERROR o.a.c.c.C.[.[.[.[dispatcherServlet] 175 - Servlet.service() for servlet [dispatcherServlet] in context with path [] threw exception [Request processing failed; nested exception is com.hamlt.springboot.exception.CustomException: id不能为空] with root cause
com.hamlt.springboot.exception.CustomException: id不能为空
	at com.hamlt.springboot.controller.UserController.getUserToView(UserController.java:32)
	at sun.reflect.NativeMethodAccessorImpl.invoke0(Native Method)
	at sun.reflect.NativeMethodAccessorImpl.invoke(NativeMethodAccessorImpl.java:62)
	at sun.reflect.DelegatingMethodAccessorImpl.invoke(DelegatingMethodAccessorImpl.java:43)
	at java.lang.reflect.Method.invoke(Method.java:483)
	at org.springframework.web.method.support.InvocableHandlerMethod.doInvoke(InvocableHandlerMethod.java:189)
	at org.springframework.web.method.support.InvocableHandlerMethod.invokeForRequest(InvocableHandlerMethod.java:138)
	at org.springframework.web.servlet.mvc.method.annotation.ServletInvocableHandlerMethod.invokeAndHandle(ServletInvocableHandlerMethod.java:102)
	at org.springframework.web.servlet.mvc.method.annotation.RequestMappingHandlerAdapter.invokeHandlerMethod(RequestMappingHandlerAdapter.java:895)
	at org.springframework.web.servlet.mvc.method.annotation.RequestMappingHandlerAdapter.handleInternal(RequestMappingHandlerAdapter.java:800)
	at org.springframework.web.servlet.mvc.method.AbstractHandlerMethodAdapter.handle(AbstractHandlerMethodAdapter.java:87)
	at org.springframework.web.servlet.DispatcherServlet.doDispatch(DispatcherServlet.java:1038)
	at org.springframework.web.servlet.DispatcherServlet.doService(DispatcherServlet.java:942)
	at org.springframework.web.servlet.FrameworkServlet.processRequest(FrameworkServlet.java:1005)
	at org.springframework.web.servlet.FrameworkServlet.doGet(FrameworkServlet.java:897)
	at javax.servlet.http.HttpServlet.service(HttpServlet.java:634)
	at org.springframework.web.servlet.FrameworkServlet.service(FrameworkServlet.java:882)
	at javax.servlet.http.HttpServlet.service(HttpServlet.java:741)
	at org.apache.catalina.core.ApplicationFilterChain.internalDoFilter(ApplicationFilterChain.java:231)
	at org.apache.catalina.core.ApplicationFilterChain.doFilter(ApplicationFilterChain.java:166)
	at org.apache.tomcat.websocket.server.WsFilter.doFilter(WsFilter.java:53)
	at org.apache.catalina.core.ApplicationFilterChain.internalDoFilter(ApplicationFilterChain.java:193)
	at org.apache.catalina.core.ApplicationFilterChain.doFilter(ApplicationFilterChain.java:166)
	at org.springframework.web.filter.RequestContextFilter.doFilterInternal(RequestContextFilter.java:99)
	at org.springframework.web.filter.OncePerRequestFilter.doFilter(OncePerRequestFilter.java:107)
	at org.apache.catalina.core.ApplicationFilterChain.internalDoFilter(ApplicationFilterChain.java:193)
	at org.apache.catalina.core.ApplicationFilterChain.doFilter(ApplicationFilterChain.java:166)
	at org.springframework.web.filter.FormContentFilter.doFilterInternal(FormContentFilter.java:92)
	at org.springframework.web.filter.OncePerRequestFilter.doFilter(OncePerRequestFilter.java:107)
	at org.apache.catalina.core.ApplicationFilterChain.internalDoFilter(ApplicationFilterChain.java:193)
	at org.apache.catalina.core.ApplicationFilterChain.doFilter(ApplicationFilterChain.java:166)
	at org.springframework.web.filter.HiddenHttpMethodFilter.doFilterInternal(HiddenHttpMethodFilter.java:93)
	at org.springframework.web.filter.OncePerRequestFilter.doFilter(OncePerRequestFilter.java:107)
	at org.apache.catalina.core.ApplicationFilterChain.internalDoFilter(ApplicationFilterChain.java:193)
	at org.apache.catalina.core.ApplicationFilterChain.doFilter(ApplicationFilterChain.java:166)
	at org.springframework.web.filter.CharacterEncodingFilter.doFilterInternal(CharacterEncodingFilter.java:200)
	at org.springframework.web.filter.OncePerRequestFilter.doFilter(OncePerRequestFilter.java:107)
	at org.apache.catalina.core.ApplicationFilterChain.internalDoFilter(ApplicationFilterChain.java:193)
	at org.apache.catalina.core.ApplicationFilterChain.doFilter(ApplicationFilterChain.java:166)
	at org.apache.catalina.core.StandardWrapperValve.invoke(StandardWrapperValve.java:200)
	at org.apache.catalina.core.StandardContextValve.invoke(StandardContextValve.java:96)
	at org.apache.catalina.authenticator.AuthenticatorBase.invoke(AuthenticatorBase.java:490)
	at org.apache.catalina.core.StandardHostValve.invoke(StandardHostValve.java:139)
	at org.apache.catalina.valves.ErrorReportValve.invoke(ErrorReportValve.java:92)
	at org.apache.catalina.core.StandardEngineValve.invoke(StandardEngineValve.java:74)
	at org.apache.catalina.connector.CoyoteAdapter.service(CoyoteAdapter.java:343)
	at org.apache.coyote.http11.Http11Processor.service(Http11Processor.java:408)
	at org.apache.coyote.AbstractProcessorLight.process(AbstractProcessorLight.java:66)
	at org.apache.coyote.AbstractProtocol$ConnectionHandler.process(AbstractProtocol.java:834)
	at org.apache.tomcat.util.net.NioEndpoint$SocketProcessor.doRun(NioEndpoint.java:1415)
	at org.apache.tomcat.util.net.SocketProcessorBase.run(SocketProcessorBase.java:49)
	at java.util.concurrent.ThreadPoolExecutor.runWorker(ThreadPoolExecutor.java:1142)
	at java.util.concurrent.ThreadPoolExecutor$Worker.run(ThreadPoolExecutor.java:617)
	at org.apache.tomcat.util.threads.TaskThread$WrappingRunnable.run(TaskThread.java:61)
	at java.lang.Thread.run(Thread.java:745)
2019-03-03T18:52:36.611 INFO  c.h.s.i.LoginInterceptor 24 - ---------------------开始进入请求地址拦截----------------------------
2019-03-03T18:52:36.613 INFO  c.h.s.i.LoginInterceptor 30 - --------------处理请求完成后视图渲染之前的处理操作---------------
2019-03-03T18:52:36.617 INFO  c.h.s.i.LoginInterceptor 35 - ---------------视图渲染之后的操作-------------------------
2019-03-03T18:53:29.419 INFO  c.h.s.DemoApplication 50 - Starting DemoApplication on PC-201708121922 with PID 2948 (D:\projects\spring\springboot_demo\target\classes started by Administrator in D:\projects\spring\springboot_demo)
2019-03-03T18:53:29.426 INFO  c.h.s.DemoApplication 675 - No active profile set, falling back to default profiles: default
2019-03-03T18:53:31.159 INFO  o.s.b.w.e.t.TomcatWebServer 90 - Tomcat initialized with port(s): 8080 (http)
2019-03-03T18:53:31.180 INFO  o.a.c.h.Http11NioProtocol 173 - Initializing ProtocolHandler ["http-nio-8080"]
2019-03-03T18:53:31.194 INFO  o.a.c.c.StandardService 173 - Starting service [Tomcat]
2019-03-03T18:53:31.195 INFO  o.a.c.c.StandardEngine 173 - Starting Servlet engine: [Apache Tomcat/9.0.16]
2019-03-03T18:53:31.204 INFO  o.a.c.c.AprLifecycleListener 173 - The APR based Apache Tomcat Native library which allows optimal performance in production environments was not found on the java.library.path: [F:\jdk8\jdk\bin;C:\Windows\Sun\Java\bin;C:\Windows\system32;C:\Windows;C:\ProgramData\Oracle\Java\javapath;C:\Windows\system32;C:\Windows;C:\Windows\System32\Wbem;C:\Windows\System32\WindowsPowerShell\v1.0\;F:\jdk8\jdk\bin;F:\jdk8\jdk\jre\bin;F:\apache-maven-3.5.0\bin;C:\Program Files\TortoiseSVN\bin;F:\Git\cmd;F:\scala-2\bin;F:\scala-2\jre\bin;F:\sbt1.0.3\bin;F:\sbt1.0.3\bin;;.]
2019-03-03T18:53:31.323 INFO  o.a.c.c.C.[.[.[/] 173 - Initializing Spring embedded WebApplicationContext
2019-03-03T18:53:31.324 INFO  o.s.w.c.ContextLoader 296 - Root WebApplicationContext: initialization completed in 1816 ms
2019-03-03T18:53:31.899 INFO  o.s.s.c.ThreadPoolTaskExecutor 171 - Initializing ExecutorService 'applicationTaskExecutor'
2019-03-03T18:53:32.274 INFO  o.a.c.h.Http11NioProtocol 173 - Starting ProtocolHandler ["http-nio-8080"]
2019-03-03T18:53:32.319 INFO  o.s.b.w.e.t.TomcatWebServer 204 - Tomcat started on port(s): 8080 (http) with context path ''
2019-03-03T18:53:32.326 INFO  c.h.s.DemoApplication 59 - Started DemoApplication in 3.67 seconds (JVM running for 6.857)
2019-03-03T18:53:55.394 INFO  o.a.c.c.C.[.[.[/] 173 - Initializing Spring DispatcherServlet 'dispatcherServlet'
2019-03-03T18:53:55.394 INFO  o.s.w.s.DispatcherServlet 524 - Initializing Servlet 'dispatcherServlet'
2019-03-03T18:53:55.406 INFO  o.s.w.s.DispatcherServlet 546 - Completed initialization in 11 ms
2019-03-03T18:53:55.460 INFO  c.h.s.i.LoginInterceptor 24 - ---------------------开始进入请求地址拦截----------------------------
2019-03-03T18:54:12.304 WARN  o.s.w.s.m.m.a.ExceptionHandlerExceptionResolver 419 - Failure in @ExceptionHandler public com.hamlt.springboot.exception.ErrorResponseEntity com.hamlt.springboot.exception.GlobalExceptionHandler.customExceptionHandler(javax.servlet.http.HttpServletRequest,java.lang.Exception,javax.servlet.http.HttpServletResponse)
org.springframework.http.converter.HttpMessageNotWritableException: No converter found for return value of type: class com.hamlt.springboot.exception.ErrorResponseEntity
	at org.springframework.web.servlet.mvc.method.annotation.AbstractMessageConverterMethodProcessor.writeWithMessageConverters(AbstractMessageConverterMethodProcessor.java:233)
	at org.springframework.web.servlet.mvc.method.annotation.RequestResponseBodyMethodProcessor.handleReturnValue(RequestResponseBodyMethodProcessor.java:180)
	at org.springframework.web.method.support.HandlerMethodReturnValueHandlerComposite.handleReturnValue(HandlerMethodReturnValueHandlerComposite.java:82)
	at org.springframework.web.servlet.mvc.method.annotation.ServletInvocableHandlerMethod.invokeAndHandle(ServletInvocableHandlerMethod.java:119)
	at org.springframework.web.servlet.mvc.method.annotation.ExceptionHandlerExceptionResolver.doResolveHandlerMethodException(ExceptionHandlerExceptionResolver.java:412)
	at org.springframework.web.servlet.handler.AbstractHandlerMethodExceptionResolver.doResolveException(AbstractHandlerMethodExceptionResolver.java:61)
	at org.springframework.web.servlet.handler.AbstractHandlerExceptionResolver.resolveException(AbstractHandlerExceptionResolver.java:139)
	at org.springframework.web.servlet.handler.HandlerExceptionResolverComposite.resolveException(HandlerExceptionResolverComposite.java:80)
	at org.springframework.web.servlet.DispatcherServlet.processHandlerException(DispatcherServlet.java:1297)
	at org.springframework.web.servlet.DispatcherServlet.processDispatchResult(DispatcherServlet.java:1109)
	at org.springframework.web.servlet.DispatcherServlet.doDispatch(DispatcherServlet.java:1055)
	at org.springframework.web.servlet.DispatcherServlet.doService(DispatcherServlet.java:942)
	at org.springframework.web.servlet.FrameworkServlet.processRequest(FrameworkServlet.java:1005)
	at org.springframework.web.servlet.FrameworkServlet.doGet(FrameworkServlet.java:897)
	at javax.servlet.http.HttpServlet.service(HttpServlet.java:634)
	at org.springframework.web.servlet.FrameworkServlet.service(FrameworkServlet.java:882)
	at javax.servlet.http.HttpServlet.service(HttpServlet.java:741)
	at org.apache.catalina.core.ApplicationFilterChain.internalDoFilter(ApplicationFilterChain.java:231)
	at org.apache.catalina.core.ApplicationFilterChain.doFilter(ApplicationFilterChain.java:166)
	at org.apache.tomcat.websocket.server.WsFilter.doFilter(WsFilter.java:53)
	at org.apache.catalina.core.ApplicationFilterChain.internalDoFilter(ApplicationFilterChain.java:193)
	at org.apache.catalina.core.ApplicationFilterChain.doFilter(ApplicationFilterChain.java:166)
	at org.springframework.web.filter.RequestContextFilter.doFilterInternal(RequestContextFilter.java:99)
	at org.springframework.web.filter.OncePerRequestFilter.doFilter(OncePerRequestFilter.java:107)
	at org.apache.catalina.core.ApplicationFilterChain.internalDoFilter(ApplicationFilterChain.java:193)
	at org.apache.catalina.core.ApplicationFilterChain.doFilter(ApplicationFilterChain.java:166)
	at org.springframework.web.filter.FormContentFilter.doFilterInternal(FormContentFilter.java:92)
	at org.springframework.web.filter.OncePerRequestFilter.doFilter(OncePerRequestFilter.java:107)
	at org.apache.catalina.core.ApplicationFilterChain.internalDoFilter(ApplicationFilterChain.java:193)
	at org.apache.catalina.core.ApplicationFilterChain.doFilter(ApplicationFilterChain.java:166)
	at org.springframework.web.filter.HiddenHttpMethodFilter.doFilterInternal(HiddenHttpMethodFilter.java:93)
	at org.springframework.web.filter.OncePerRequestFilter.doFilter(OncePerRequestFilter.java:107)
	at org.apache.catalina.core.ApplicationFilterChain.internalDoFilter(ApplicationFilterChain.java:193)
	at org.apache.catalina.core.ApplicationFilterChain.doFilter(ApplicationFilterChain.java:166)
	at org.springframework.web.filter.CharacterEncodingFilter.doFilterInternal(CharacterEncodingFilter.java:200)
	at org.springframework.web.filter.OncePerRequestFilter.doFilter(OncePerRequestFilter.java:107)
	at org.apache.catalina.core.ApplicationFilterChain.internalDoFilter(ApplicationFilterChain.java:193)
	at org.apache.catalina.core.ApplicationFilterChain.doFilter(ApplicationFilterChain.java:166)
	at org.apache.catalina.core.StandardWrapperValve.invoke(StandardWrapperValve.java:200)
	at org.apache.catalina.core.StandardContextValve.invoke(StandardContextValve.java:96)
	at org.apache.catalina.authenticator.AuthenticatorBase.invoke(AuthenticatorBase.java:490)
	at org.apache.catalina.core.StandardHostValve.invoke(StandardHostValve.java:139)
	at org.apache.catalina.valves.ErrorReportValve.invoke(ErrorReportValve.java:92)
	at org.apache.catalina.core.StandardEngineValve.invoke(StandardEngineValve.java:74)
	at org.apache.catalina.connector.CoyoteAdapter.service(CoyoteAdapter.java:343)
	at org.apache.coyote.http11.Http11Processor.service(Http11Processor.java:408)
	at org.apache.coyote.AbstractProcessorLight.process(AbstractProcessorLight.java:66)
	at org.apache.coyote.AbstractProtocol$ConnectionHandler.process(AbstractProtocol.java:834)
	at org.apache.tomcat.util.net.NioEndpoint$SocketProcessor.doRun(NioEndpoint.java:1415)
	at org.apache.tomcat.util.net.SocketProcessorBase.run(SocketProcessorBase.java:49)
	at java.util.concurrent.ThreadPoolExecutor.runWorker(ThreadPoolExecutor.java:1142)
	at java.util.concurrent.ThreadPoolExecutor$Worker.run(ThreadPoolExecutor.java:617)
	at org.apache.tomcat.util.threads.TaskThread$WrappingRunnable.run(TaskThread.java:61)
	at java.lang.Thread.run(Thread.java:745)
2019-03-03T18:54:12.312 INFO  c.h.s.i.LoginInterceptor 35 - ---------------视图渲染之后的操作-------------------------
2019-03-03T18:54:12.318 ERROR o.a.c.c.C.[.[.[.[dispatcherServlet] 175 - Servlet.service() for servlet [dispatcherServlet] in context with path [] threw exception [Request processing failed; nested exception is com.hamlt.springboot.exception.CustomException: id不能为空] with root cause
com.hamlt.springboot.exception.CustomException: id不能为空
	at com.hamlt.springboot.controller.UserController.getUserToView(UserController.java:32)
	at sun.reflect.NativeMethodAccessorImpl.invoke0(Native Method)
	at sun.reflect.NativeMethodAccessorImpl.invoke(NativeMethodAccessorImpl.java:62)
	at sun.reflect.DelegatingMethodAccessorImpl.invoke(DelegatingMethodAccessorImpl.java:43)
	at java.lang.reflect.Method.invoke(Method.java:483)
	at org.springframework.web.method.support.InvocableHandlerMethod.doInvoke(InvocableHandlerMethod.java:189)
	at org.springframework.web.method.support.InvocableHandlerMethod.invokeForRequest(InvocableHandlerMethod.java:138)
	at org.springframework.web.servlet.mvc.method.annotation.ServletInvocableHandlerMethod.invokeAndHandle(ServletInvocableHandlerMethod.java:102)
	at org.springframework.web.servlet.mvc.method.annotation.RequestMappingHandlerAdapter.invokeHandlerMethod(RequestMappingHandlerAdapter.java:895)
	at org.springframework.web.servlet.mvc.method.annotation.RequestMappingHandlerAdapter.handleInternal(RequestMappingHandlerAdapter.java:800)
	at org.springframework.web.servlet.mvc.method.AbstractHandlerMethodAdapter.handle(AbstractHandlerMethodAdapter.java:87)
	at org.springframework.web.servlet.DispatcherServlet.doDispatch(DispatcherServlet.java:1038)
	at org.springframework.web.servlet.DispatcherServlet.doService(DispatcherServlet.java:942)
	at org.springframework.web.servlet.FrameworkServlet.processRequest(FrameworkServlet.java:1005)
	at org.springframework.web.servlet.FrameworkServlet.doGet(FrameworkServlet.java:897)
	at javax.servlet.http.HttpServlet.service(HttpServlet.java:634)
	at org.springframework.web.servlet.FrameworkServlet.service(FrameworkServlet.java:882)
	at javax.servlet.http.HttpServlet.service(HttpServlet.java:741)
	at org.apache.catalina.core.ApplicationFilterChain.internalDoFilter(ApplicationFilterChain.java:231)
	at org.apache.catalina.core.ApplicationFilterChain.doFilter(ApplicationFilterChain.java:166)
	at org.apache.tomcat.websocket.server.WsFilter.doFilter(WsFilter.java:53)
	at org.apache.catalina.core.ApplicationFilterChain.internalDoFilter(ApplicationFilterChain.java:193)
	at org.apache.catalina.core.ApplicationFilterChain.doFilter(ApplicationFilterChain.java:166)
	at org.springframework.web.filter.RequestContextFilter.doFilterInternal(RequestContextFilter.java:99)
	at org.springframework.web.filter.OncePerRequestFilter.doFilter(OncePerRequestFilter.java:107)
	at org.apache.catalina.core.ApplicationFilterChain.internalDoFilter(ApplicationFilterChain.java:193)
	at org.apache.catalina.core.ApplicationFilterChain.doFilter(ApplicationFilterChain.java:166)
	at org.springframework.web.filter.FormContentFilter.doFilterInternal(FormContentFilter.java:92)
	at org.springframework.web.filter.OncePerRequestFilter.doFilter(OncePerRequestFilter.java:107)
	at org.apache.catalina.core.ApplicationFilterChain.internalDoFilter(ApplicationFilterChain.java:193)
	at org.apache.catalina.core.ApplicationFilterChain.doFilter(ApplicationFilterChain.java:166)
	at org.springframework.web.filter.HiddenHttpMethodFilter.doFilterInternal(HiddenHttpMethodFilter.java:93)
	at org.springframework.web.filter.OncePerRequestFilter.doFilter(OncePerRequestFilter.java:107)
	at org.apache.catalina.core.ApplicationFilterChain.internalDoFilter(ApplicationFilterChain.java:193)
	at org.apache.catalina.core.ApplicationFilterChain.doFilter(ApplicationFilterChain.java:166)
	at org.springframework.web.filter.CharacterEncodingFilter.doFilterInternal(CharacterEncodingFilter.java:200)
	at org.springframework.web.filter.OncePerRequestFilter.doFilter(OncePerRequestFilter.java:107)
	at org.apache.catalina.core.ApplicationFilterChain.internalDoFilter(ApplicationFilterChain.java:193)
	at org.apache.catalina.core.ApplicationFilterChain.doFilter(ApplicationFilterChain.java:166)
	at org.apache.catalina.core.StandardWrapperValve.invoke(StandardWrapperValve.java:200)
	at org.apache.catalina.core.StandardContextValve.invoke(StandardContextValve.java:96)
	at org.apache.catalina.authenticator.AuthenticatorBase.invoke(AuthenticatorBase.java:490)
	at org.apache.catalina.core.StandardHostValve.invoke(StandardHostValve.java:139)
	at org.apache.catalina.valves.ErrorReportValve.invoke(ErrorReportValve.java:92)
	at org.apache.catalina.core.StandardEngineValve.invoke(StandardEngineValve.java:74)
	at org.apache.catalina.connector.CoyoteAdapter.service(CoyoteAdapter.java:343)
	at org.apache.coyote.http11.Http11Processor.service(Http11Processor.java:408)
	at org.apache.coyote.AbstractProcessorLight.process(AbstractProcessorLight.java:66)
	at org.apache.coyote.AbstractProtocol$ConnectionHandler.process(AbstractProtocol.java:834)
	at org.apache.tomcat.util.net.NioEndpoint$SocketProcessor.doRun(NioEndpoint.java:1415)
	at org.apache.tomcat.util.net.SocketProcessorBase.run(SocketProcessorBase.java:49)
	at java.util.concurrent.ThreadPoolExecutor.runWorker(ThreadPoolExecutor.java:1142)
	at java.util.concurrent.ThreadPoolExecutor$Worker.run(ThreadPoolExecutor.java:617)
	at org.apache.tomcat.util.threads.TaskThread$WrappingRunnable.run(TaskThread.java:61)
	at java.lang.Thread.run(Thread.java:745)
2019-03-03T18:54:12.349 INFO  c.h.s.i.LoginInterceptor 24 - ---------------------开始进入请求地址拦截----------------------------
2019-03-03T18:54:12.366 INFO  c.h.s.i.LoginInterceptor 30 - --------------处理请求完成后视图渲染之前的处理操作---------------
2019-03-03T18:54:12.432 INFO  c.h.s.i.LoginInterceptor 35 - ---------------视图渲染之后的操作-------------------------
2019-03-03T18:55:18.414 INFO  c.h.s.DemoApplication 50 - Starting DemoApplication on PC-201708121922 with PID 324 (D:\projects\spring\springboot_demo\target\classes started by Administrator in D:\projects\spring\springboot_demo)
2019-03-03T18:55:18.420 INFO  c.h.s.DemoApplication 675 - No active profile set, falling back to default profiles: default
2019-03-03T18:55:20.431 INFO  o.s.b.w.e.t.TomcatWebServer 90 - Tomcat initialized with port(s): 8080 (http)
2019-03-03T18:55:20.447 INFO  o.a.c.h.Http11NioProtocol 173 - Initializing ProtocolHandler ["http-nio-8080"]
2019-03-03T18:55:20.461 INFO  o.a.c.c.StandardService 173 - Starting service [Tomcat]
2019-03-03T18:55:20.461 INFO  o.a.c.c.StandardEngine 173 - Starting Servlet engine: [Apache Tomcat/9.0.16]
2019-03-03T18:55:20.469 INFO  o.a.c.c.AprLifecycleListener 173 - The APR based Apache Tomcat Native library which allows optimal performance in production environments was not found on the java.library.path: [F:\jdk8\jdk\bin;C:\Windows\Sun\Java\bin;C:\Windows\system32;C:\Windows;C:\ProgramData\Oracle\Java\javapath;C:\Windows\system32;C:\Windows;C:\Windows\System32\Wbem;C:\Windows\System32\WindowsPowerShell\v1.0\;F:\jdk8\jdk\bin;F:\jdk8\jdk\jre\bin;F:\apache-maven-3.5.0\bin;C:\Program Files\TortoiseSVN\bin;F:\Git\cmd;F:\scala-2\bin;F:\scala-2\jre\bin;F:\sbt1.0.3\bin;F:\sbt1.0.3\bin;;.]
2019-03-03T18:55:20.565 INFO  o.a.c.c.C.[.[.[/] 173 - Initializing Spring embedded WebApplicationContext
2019-03-03T18:55:20.565 INFO  o.s.w.c.ContextLoader 296 - Root WebApplicationContext: initialization completed in 2069 ms
2019-03-03T18:55:20.826 INFO  o.s.s.c.ThreadPoolTaskExecutor 171 - Initializing ExecutorService 'applicationTaskExecutor'
2019-03-03T18:55:21.130 INFO  o.a.c.h.Http11NioProtocol 173 - Starting ProtocolHandler ["http-nio-8080"]
2019-03-03T18:55:21.177 INFO  o.s.b.w.e.t.TomcatWebServer 204 - Tomcat started on port(s): 8080 (http) with context path ''
2019-03-03T18:55:21.182 INFO  c.h.s.DemoApplication 59 - Started DemoApplication in 3.431 seconds (JVM running for 4.64)
2019-03-03T18:55:44.963 INFO  o.a.c.c.C.[.[.[/] 173 - Initializing Spring DispatcherServlet 'dispatcherServlet'
2019-03-03T18:55:44.964 INFO  o.s.w.s.DispatcherServlet 524 - Initializing Servlet 'dispatcherServlet'
2019-03-03T18:55:44.972 INFO  o.s.w.s.DispatcherServlet 546 - Completed initialization in 8 ms
2019-03-03T18:55:44.991 INFO  c.h.s.i.LoginInterceptor 24 - ---------------------开始进入请求地址拦截----------------------------
2019-03-03T18:55:45.066 WARN  o.s.w.s.m.m.a.ExceptionHandlerExceptionResolver 419 - Failure in @ExceptionHandler public com.hamlt.springboot.exception.ErrorResponseEntity com.hamlt.springboot.exception.GlobalExceptionHandler.customExceptionHandler(javax.servlet.http.HttpServletRequest,java.lang.Exception,javax.servlet.http.HttpServletResponse)
org.springframework.http.converter.HttpMessageNotWritableException: No converter found for return value of type: class com.hamlt.springboot.exception.ErrorResponseEntity
	at org.springframework.web.servlet.mvc.method.annotation.AbstractMessageConverterMethodProcessor.writeWithMessageConverters(AbstractMessageConverterMethodProcessor.java:233)
	at org.springframework.web.servlet.mvc.method.annotation.RequestResponseBodyMethodProcessor.handleReturnValue(RequestResponseBodyMethodProcessor.java:180)
	at org.springframework.web.method.support.HandlerMethodReturnValueHandlerComposite.handleReturnValue(HandlerMethodReturnValueHandlerComposite.java:82)
	at org.springframework.web.servlet.mvc.method.annotation.ServletInvocableHandlerMethod.invokeAndHandle(ServletInvocableHandlerMethod.java:119)
	at org.springframework.web.servlet.mvc.method.annotation.ExceptionHandlerExceptionResolver.doResolveHandlerMethodException(ExceptionHandlerExceptionResolver.java:412)
	at org.springframework.web.servlet.handler.AbstractHandlerMethodExceptionResolver.doResolveException(AbstractHandlerMethodExceptionResolver.java:61)
	at org.springframework.web.servlet.handler.AbstractHandlerExceptionResolver.resolveException(AbstractHandlerExceptionResolver.java:139)
	at org.springframework.web.servlet.handler.HandlerExceptionResolverComposite.resolveException(HandlerExceptionResolverComposite.java:80)
	at org.springframework.web.servlet.DispatcherServlet.processHandlerException(DispatcherServlet.java:1297)
	at org.springframework.web.servlet.DispatcherServlet.processDispatchResult(DispatcherServlet.java:1109)
	at org.springframework.web.servlet.DispatcherServlet.doDispatch(DispatcherServlet.java:1055)
	at org.springframework.web.servlet.DispatcherServlet.doService(DispatcherServlet.java:942)
	at org.springframework.web.servlet.FrameworkServlet.processRequest(FrameworkServlet.java:1005)
	at org.springframework.web.servlet.FrameworkServlet.doGet(FrameworkServlet.java:897)
	at javax.servlet.http.HttpServlet.service(HttpServlet.java:634)
	at org.springframework.web.servlet.FrameworkServlet.service(FrameworkServlet.java:882)
	at javax.servlet.http.HttpServlet.service(HttpServlet.java:741)
	at org.apache.catalina.core.ApplicationFilterChain.internalDoFilter(ApplicationFilterChain.java:231)
	at org.apache.catalina.core.ApplicationFilterChain.doFilter(ApplicationFilterChain.java:166)
	at org.apache.tomcat.websocket.server.WsFilter.doFilter(WsFilter.java:53)
	at org.apache.catalina.core.ApplicationFilterChain.internalDoFilter(ApplicationFilterChain.java:193)
	at org.apache.catalina.core.ApplicationFilterChain.doFilter(ApplicationFilterChain.java:166)
	at org.springframework.web.filter.RequestContextFilter.doFilterInternal(RequestContextFilter.java:99)
	at org.springframework.web.filter.OncePerRequestFilter.doFilter(OncePerRequestFilter.java:107)
	at org.apache.catalina.core.ApplicationFilterChain.internalDoFilter(ApplicationFilterChain.java:193)
	at org.apache.catalina.core.ApplicationFilterChain.doFilter(ApplicationFilterChain.java:166)
	at org.springframework.web.filter.FormContentFilter.doFilterInternal(FormContentFilter.java:92)
	at org.springframework.web.filter.OncePerRequestFilter.doFilter(OncePerRequestFilter.java:107)
	at org.apache.catalina.core.ApplicationFilterChain.internalDoFilter(ApplicationFilterChain.java:193)
	at org.apache.catalina.core.ApplicationFilterChain.doFilter(ApplicationFilterChain.java:166)
	at org.springframework.web.filter.HiddenHttpMethodFilter.doFilterInternal(HiddenHttpMethodFilter.java:93)
	at org.springframework.web.filter.OncePerRequestFilter.doFilter(OncePerRequestFilter.java:107)
	at org.apache.catalina.core.ApplicationFilterChain.internalDoFilter(ApplicationFilterChain.java:193)
	at org.apache.catalina.core.ApplicationFilterChain.doFilter(ApplicationFilterChain.java:166)
	at org.springframework.web.filter.CharacterEncodingFilter.doFilterInternal(CharacterEncodingFilter.java:200)
	at org.springframework.web.filter.OncePerRequestFilter.doFilter(OncePerRequestFilter.java:107)
	at org.apache.catalina.core.ApplicationFilterChain.internalDoFilter(ApplicationFilterChain.java:193)
	at org.apache.catalina.core.ApplicationFilterChain.doFilter(ApplicationFilterChain.java:166)
	at org.apache.catalina.core.StandardWrapperValve.invoke(StandardWrapperValve.java:200)
	at org.apache.catalina.core.StandardContextValve.invoke(StandardContextValve.java:96)
	at org.apache.catalina.authenticator.AuthenticatorBase.invoke(AuthenticatorBase.java:490)
	at org.apache.catalina.core.StandardHostValve.invoke(StandardHostValve.java:139)
	at org.apache.catalina.valves.ErrorReportValve.invoke(ErrorReportValve.java:92)
	at org.apache.catalina.core.StandardEngineValve.invoke(StandardEngineValve.java:74)
	at org.apache.catalina.connector.CoyoteAdapter.service(CoyoteAdapter.java:343)
	at org.apache.coyote.http11.Http11Processor.service(Http11Processor.java:408)
	at org.apache.coyote.AbstractProcessorLight.process(AbstractProcessorLight.java:66)
	at org.apache.coyote.AbstractProtocol$ConnectionHandler.process(AbstractProtocol.java:834)
	at org.apache.tomcat.util.net.NioEndpoint$SocketProcessor.doRun(NioEndpoint.java:1415)
	at org.apache.tomcat.util.net.SocketProcessorBase.run(SocketProcessorBase.java:49)
	at java.util.concurrent.ThreadPoolExecutor.runWorker(ThreadPoolExecutor.java:1142)
	at java.util.concurrent.ThreadPoolExecutor$Worker.run(ThreadPoolExecutor.java:617)
	at org.apache.tomcat.util.threads.TaskThread$WrappingRunnable.run(TaskThread.java:61)
	at java.lang.Thread.run(Thread.java:745)
2019-03-03T18:55:45.072 INFO  c.h.s.i.LoginInterceptor 35 - ---------------视图渲染之后的操作-------------------------
2019-03-03T18:55:45.076 ERROR o.a.c.c.C.[.[.[.[dispatcherServlet] 175 - Servlet.service() for servlet [dispatcherServlet] in context with path [] threw exception [Request processing failed; nested exception is com.hamlt.springboot.exception.CustomException: id不能为空] with root cause
com.hamlt.springboot.exception.CustomException: id不能为空
	at com.hamlt.springboot.controller.UserController.getUserToView(UserController.java:32)
	at sun.reflect.NativeMethodAccessorImpl.invoke0(Native Method)
	at sun.reflect.NativeMethodAccessorImpl.invoke(NativeMethodAccessorImpl.java:62)
	at sun.reflect.DelegatingMethodAccessorImpl.invoke(DelegatingMethodAccessorImpl.java:43)
	at java.lang.reflect.Method.invoke(Method.java:483)
	at org.springframework.web.method.support.InvocableHandlerMethod.doInvoke(InvocableHandlerMethod.java:189)
	at org.springframework.web.method.support.InvocableHandlerMethod.invokeForRequest(InvocableHandlerMethod.java:138)
	at org.springframework.web.servlet.mvc.method.annotation.ServletInvocableHandlerMethod.invokeAndHandle(ServletInvocableHandlerMethod.java:102)
	at org.springframework.web.servlet.mvc.method.annotation.RequestMappingHandlerAdapter.invokeHandlerMethod(RequestMappingHandlerAdapter.java:895)
	at org.springframework.web.servlet.mvc.method.annotation.RequestMappingHandlerAdapter.handleInternal(RequestMappingHandlerAdapter.java:800)
	at org.springframework.web.servlet.mvc.method.AbstractHandlerMethodAdapter.handle(AbstractHandlerMethodAdapter.java:87)
	at org.springframework.web.servlet.DispatcherServlet.doDispatch(DispatcherServlet.java:1038)
	at org.springframework.web.servlet.DispatcherServlet.doService(DispatcherServlet.java:942)
	at org.springframework.web.servlet.FrameworkServlet.processRequest(FrameworkServlet.java:1005)
	at org.springframework.web.servlet.FrameworkServlet.doGet(FrameworkServlet.java:897)
	at javax.servlet.http.HttpServlet.service(HttpServlet.java:634)
	at org.springframework.web.servlet.FrameworkServlet.service(FrameworkServlet.java:882)
	at javax.servlet.http.HttpServlet.service(HttpServlet.java:741)
	at org.apache.catalina.core.ApplicationFilterChain.internalDoFilter(ApplicationFilterChain.java:231)
	at org.apache.catalina.core.ApplicationFilterChain.doFilter(ApplicationFilterChain.java:166)
	at org.apache.tomcat.websocket.server.WsFilter.doFilter(WsFilter.java:53)
	at org.apache.catalina.core.ApplicationFilterChain.internalDoFilter(ApplicationFilterChain.java:193)
	at org.apache.catalina.core.ApplicationFilterChain.doFilter(ApplicationFilterChain.java:166)
	at org.springframework.web.filter.RequestContextFilter.doFilterInternal(RequestContextFilter.java:99)
	at org.springframework.web.filter.OncePerRequestFilter.doFilter(OncePerRequestFilter.java:107)
	at org.apache.catalina.core.ApplicationFilterChain.internalDoFilter(ApplicationFilterChain.java:193)
	at org.apache.catalina.core.ApplicationFilterChain.doFilter(ApplicationFilterChain.java:166)
	at org.springframework.web.filter.FormContentFilter.doFilterInternal(FormContentFilter.java:92)
	at org.springframework.web.filter.OncePerRequestFilter.doFilter(OncePerRequestFilter.java:107)
	at org.apache.catalina.core.ApplicationFilterChain.internalDoFilter(ApplicationFilterChain.java:193)
	at org.apache.catalina.core.ApplicationFilterChain.doFilter(ApplicationFilterChain.java:166)
	at org.springframework.web.filter.HiddenHttpMethodFilter.doFilterInternal(HiddenHttpMethodFilter.java:93)
	at org.springframework.web.filter.OncePerRequestFilter.doFilter(OncePerRequestFilter.java:107)
	at org.apache.catalina.core.ApplicationFilterChain.internalDoFilter(ApplicationFilterChain.java:193)
	at org.apache.catalina.core.ApplicationFilterChain.doFilter(ApplicationFilterChain.java:166)
	at org.springframework.web.filter.CharacterEncodingFilter.doFilterInternal(CharacterEncodingFilter.java:200)
	at org.springframework.web.filter.OncePerRequestFilter.doFilter(OncePerRequestFilter.java:107)
	at org.apache.catalina.core.ApplicationFilterChain.internalDoFilter(ApplicationFilterChain.java:193)
	at org.apache.catalina.core.ApplicationFilterChain.doFilter(ApplicationFilterChain.java:166)
	at org.apache.catalina.core.StandardWrapperValve.invoke(StandardWrapperValve.java:200)
	at org.apache.catalina.core.StandardContextValve.invoke(StandardContextValve.java:96)
	at org.apache.catalina.authenticator.AuthenticatorBase.invoke(AuthenticatorBase.java:490)
	at org.apache.catalina.core.StandardHostValve.invoke(StandardHostValve.java:139)
	at org.apache.catalina.valves.ErrorReportValve.invoke(ErrorReportValve.java:92)
	at org.apache.catalina.core.StandardEngineValve.invoke(StandardEngineValve.java:74)
	at org.apache.catalina.connector.CoyoteAdapter.service(CoyoteAdapter.java:343)
	at org.apache.coyote.http11.Http11Processor.service(Http11Processor.java:408)
	at org.apache.coyote.AbstractProcessorLight.process(AbstractProcessorLight.java:66)
	at org.apache.coyote.AbstractProtocol$ConnectionHandler.process(AbstractProtocol.java:834)
	at org.apache.tomcat.util.net.NioEndpoint$SocketProcessor.doRun(NioEndpoint.java:1415)
	at org.apache.tomcat.util.net.SocketProcessorBase.run(SocketProcessorBase.java:49)
	at java.util.concurrent.ThreadPoolExecutor.runWorker(ThreadPoolExecutor.java:1142)
	at java.util.concurrent.ThreadPoolExecutor$Worker.run(ThreadPoolExecutor.java:617)
	at org.apache.tomcat.util.threads.TaskThread$WrappingRunnable.run(TaskThread.java:61)
	at java.lang.Thread.run(Thread.java:745)
2019-03-03T18:55:45.222 INFO  c.h.s.i.LoginInterceptor 24 - ---------------------开始进入请求地址拦截----------------------------
2019-03-03T18:55:45.239 INFO  c.h.s.i.LoginInterceptor 30 - --------------处理请求完成后视图渲染之前的处理操作---------------
2019-03-03T18:55:45.260 INFO  c.h.s.i.LoginInterceptor 35 - ---------------视图渲染之后的操作-------------------------
2019-03-03T18:56:05.455 INFO  c.h.s.i.LoginInterceptor 24 - ---------------------开始进入请求地址拦截----------------------------
2019-03-03T18:56:05.458 WARN  o.s.w.s.m.m.a.ExceptionHandlerExceptionResolver 419 - Failure in @ExceptionHandler public com.hamlt.springboot.exception.ErrorResponseEntity com.hamlt.springboot.exception.GlobalExceptionHandler.customExceptionHandler(javax.servlet.http.HttpServletRequest,java.lang.Exception,javax.servlet.http.HttpServletResponse)
org.springframework.http.converter.HttpMessageNotWritableException: No converter found for return value of type: class com.hamlt.springboot.exception.ErrorResponseEntity
	at org.springframework.web.servlet.mvc.method.annotation.AbstractMessageConverterMethodProcessor.writeWithMessageConverters(AbstractMessageConverterMethodProcessor.java:233)
	at org.springframework.web.servlet.mvc.method.annotation.RequestResponseBodyMethodProcessor.handleReturnValue(RequestResponseBodyMethodProcessor.java:180)
	at org.springframework.web.method.support.HandlerMethodReturnValueHandlerComposite.handleReturnValue(HandlerMethodReturnValueHandlerComposite.java:82)
	at org.springframework.web.servlet.mvc.method.annotation.ServletInvocableHandlerMethod.invokeAndHandle(ServletInvocableHandlerMethod.java:119)
	at org.springframework.web.servlet.mvc.method.annotation.ExceptionHandlerExceptionResolver.doResolveHandlerMethodException(ExceptionHandlerExceptionResolver.java:412)
	at org.springframework.web.servlet.handler.AbstractHandlerMethodExceptionResolver.doResolveException(AbstractHandlerMethodExceptionResolver.java:61)
	at org.springframework.web.servlet.handler.AbstractHandlerExceptionResolver.resolveException(AbstractHandlerExceptionResolver.java:139)
	at org.springframework.web.servlet.handler.HandlerExceptionResolverComposite.resolveException(HandlerExceptionResolverComposite.java:80)
	at org.springframework.web.servlet.DispatcherServlet.processHandlerException(DispatcherServlet.java:1297)
	at org.springframework.web.servlet.DispatcherServlet.processDispatchResult(DispatcherServlet.java:1109)
	at org.springframework.web.servlet.DispatcherServlet.doDispatch(DispatcherServlet.java:1055)
	at org.springframework.web.servlet.DispatcherServlet.doService(DispatcherServlet.java:942)
	at org.springframework.web.servlet.FrameworkServlet.processRequest(FrameworkServlet.java:1005)
	at org.springframework.web.servlet.FrameworkServlet.doGet(FrameworkServlet.java:897)
	at javax.servlet.http.HttpServlet.service(HttpServlet.java:634)
	at org.springframework.web.servlet.FrameworkServlet.service(FrameworkServlet.java:882)
	at javax.servlet.http.HttpServlet.service(HttpServlet.java:741)
	at org.apache.catalina.core.ApplicationFilterChain.internalDoFilter(ApplicationFilterChain.java:231)
	at org.apache.catalina.core.ApplicationFilterChain.doFilter(ApplicationFilterChain.java:166)
	at org.apache.tomcat.websocket.server.WsFilter.doFilter(WsFilter.java:53)
	at org.apache.catalina.core.ApplicationFilterChain.internalDoFilter(ApplicationFilterChain.java:193)
	at org.apache.catalina.core.ApplicationFilterChain.doFilter(ApplicationFilterChain.java:166)
	at org.springframework.web.filter.RequestContextFilter.doFilterInternal(RequestContextFilter.java:99)
	at org.springframework.web.filter.OncePerRequestFilter.doFilter(OncePerRequestFilter.java:107)
	at org.apache.catalina.core.ApplicationFilterChain.internalDoFilter(ApplicationFilterChain.java:193)
	at org.apache.catalina.core.ApplicationFilterChain.doFilter(ApplicationFilterChain.java:166)
	at org.springframework.web.filter.FormContentFilter.doFilterInternal(FormContentFilter.java:92)
	at org.springframework.web.filter.OncePerRequestFilter.doFilter(OncePerRequestFilter.java:107)
	at org.apache.catalina.core.ApplicationFilterChain.internalDoFilter(ApplicationFilterChain.java:193)
	at org.apache.catalina.core.ApplicationFilterChain.doFilter(ApplicationFilterChain.java:166)
	at org.springframework.web.filter.HiddenHttpMethodFilter.doFilterInternal(HiddenHttpMethodFilter.java:93)
	at org.springframework.web.filter.OncePerRequestFilter.doFilter(OncePerRequestFilter.java:107)
	at org.apache.catalina.core.ApplicationFilterChain.internalDoFilter(ApplicationFilterChain.java:193)
	at org.apache.catalina.core.ApplicationFilterChain.doFilter(ApplicationFilterChain.java:166)
	at org.springframework.web.filter.CharacterEncodingFilter.doFilterInternal(CharacterEncodingFilter.java:200)
	at org.springframework.web.filter.OncePerRequestFilter.doFilter(OncePerRequestFilter.java:107)
	at org.apache.catalina.core.ApplicationFilterChain.internalDoFilter(ApplicationFilterChain.java:193)
	at org.apache.catalina.core.ApplicationFilterChain.doFilter(ApplicationFilterChain.java:166)
	at org.apache.catalina.core.StandardWrapperValve.invoke(StandardWrapperValve.java:200)
	at org.apache.catalina.core.StandardContextValve.invoke(StandardContextValve.java:96)
	at org.apache.catalina.authenticator.AuthenticatorBase.invoke(AuthenticatorBase.java:490)
	at org.apache.catalina.core.StandardHostValve.invoke(StandardHostValve.java:139)
	at org.apache.catalina.valves.ErrorReportValve.invoke(ErrorReportValve.java:92)
	at org.apache.catalina.core.StandardEngineValve.invoke(StandardEngineValve.java:74)
	at org.apache.catalina.connector.CoyoteAdapter.service(CoyoteAdapter.java:343)
	at org.apache.coyote.http11.Http11Processor.service(Http11Processor.java:408)
	at org.apache.coyote.AbstractProcessorLight.process(AbstractProcessorLight.java:66)
	at org.apache.coyote.AbstractProtocol$ConnectionHandler.process(AbstractProtocol.java:834)
	at org.apache.tomcat.util.net.NioEndpoint$SocketProcessor.doRun(NioEndpoint.java:1415)
	at org.apache.tomcat.util.net.SocketProcessorBase.run(SocketProcessorBase.java:49)
	at java.util.concurrent.ThreadPoolExecutor.runWorker(ThreadPoolExecutor.java:1142)
	at java.util.concurrent.ThreadPoolExecutor$Worker.run(ThreadPoolExecutor.java:617)
	at org.apache.tomcat.util.threads.TaskThread$WrappingRunnable.run(TaskThread.java:61)
	at java.lang.Thread.run(Thread.java:745)
2019-03-03T18:56:05.459 INFO  c.h.s.i.LoginInterceptor 35 - ---------------视图渲染之后的操作-------------------------
2019-03-03T18:56:05.460 ERROR o.a.c.c.C.[.[.[.[dispatcherServlet] 175 - Servlet.service() for servlet [dispatcherServlet] in context with path [] threw exception [Request processing failed; nested exception is com.hamlt.springboot.exception.CustomException: id不能为空] with root cause
com.hamlt.springboot.exception.CustomException: id不能为空
	at com.hamlt.springboot.controller.UserController.getUserToView(UserController.java:32)
	at sun.reflect.NativeMethodAccessorImpl.invoke0(Native Method)
	at sun.reflect.NativeMethodAccessorImpl.invoke(NativeMethodAccessorImpl.java:62)
	at sun.reflect.DelegatingMethodAccessorImpl.invoke(DelegatingMethodAccessorImpl.java:43)
	at java.lang.reflect.Method.invoke(Method.java:483)
	at org.springframework.web.method.support.InvocableHandlerMethod.doInvoke(InvocableHandlerMethod.java:189)
	at org.springframework.web.method.support.InvocableHandlerMethod.invokeForRequest(InvocableHandlerMethod.java:138)
	at org.springframework.web.servlet.mvc.method.annotation.ServletInvocableHandlerMethod.invokeAndHandle(ServletInvocableHandlerMethod.java:102)
	at org.springframework.web.servlet.mvc.method.annotation.RequestMappingHandlerAdapter.invokeHandlerMethod(RequestMappingHandlerAdapter.java:895)
	at org.springframework.web.servlet.mvc.method.annotation.RequestMappingHandlerAdapter.handleInternal(RequestMappingHandlerAdapter.java:800)
	at org.springframework.web.servlet.mvc.method.AbstractHandlerMethodAdapter.handle(AbstractHandlerMethodAdapter.java:87)
	at org.springframework.web.servlet.DispatcherServlet.doDispatch(DispatcherServlet.java:1038)
	at org.springframework.web.servlet.DispatcherServlet.doService(DispatcherServlet.java:942)
	at org.springframework.web.servlet.FrameworkServlet.processRequest(FrameworkServlet.java:1005)
	at org.springframework.web.servlet.FrameworkServlet.doGet(FrameworkServlet.java:897)
	at javax.servlet.http.HttpServlet.service(HttpServlet.java:634)
	at org.springframework.web.servlet.FrameworkServlet.service(FrameworkServlet.java:882)
	at javax.servlet.http.HttpServlet.service(HttpServlet.java:741)
	at org.apache.catalina.core.ApplicationFilterChain.internalDoFilter(ApplicationFilterChain.java:231)
	at org.apache.catalina.core.ApplicationFilterChain.doFilter(ApplicationFilterChain.java:166)
	at org.apache.tomcat.websocket.server.WsFilter.doFilter(WsFilter.java:53)
	at org.apache.catalina.core.ApplicationFilterChain.internalDoFilter(ApplicationFilterChain.java:193)
	at org.apache.catalina.core.ApplicationFilterChain.doFilter(ApplicationFilterChain.java:166)
	at org.springframework.web.filter.RequestContextFilter.doFilterInternal(RequestContextFilter.java:99)
	at org.springframework.web.filter.OncePerRequestFilter.doFilter(OncePerRequestFilter.java:107)
	at org.apache.catalina.core.ApplicationFilterChain.internalDoFilter(ApplicationFilterChain.java:193)
	at org.apache.catalina.core.ApplicationFilterChain.doFilter(ApplicationFilterChain.java:166)
	at org.springframework.web.filter.FormContentFilter.doFilterInternal(FormContentFilter.java:92)
	at org.springframework.web.filter.OncePerRequestFilter.doFilter(OncePerRequestFilter.java:107)
	at org.apache.catalina.core.ApplicationFilterChain.internalDoFilter(ApplicationFilterChain.java:193)
	at org.apache.catalina.core.ApplicationFilterChain.doFilter(ApplicationFilterChain.java:166)
	at org.springframework.web.filter.HiddenHttpMethodFilter.doFilterInternal(HiddenHttpMethodFilter.java:93)
	at org.springframework.web.filter.OncePerRequestFilter.doFilter(OncePerRequestFilter.java:107)
	at org.apache.catalina.core.ApplicationFilterChain.internalDoFilter(ApplicationFilterChain.java:193)
	at org.apache.catalina.core.ApplicationFilterChain.doFilter(ApplicationFilterChain.java:166)
	at org.springframework.web.filter.CharacterEncodingFilter.doFilterInternal(CharacterEncodingFilter.java:200)
	at org.springframework.web.filter.OncePerRequestFilter.doFilter(OncePerRequestFilter.java:107)
	at org.apache.catalina.core.ApplicationFilterChain.internalDoFilter(ApplicationFilterChain.java:193)
	at org.apache.catalina.core.ApplicationFilterChain.doFilter(ApplicationFilterChain.java:166)
	at org.apache.catalina.core.StandardWrapperValve.invoke(StandardWrapperValve.java:200)
	at org.apache.catalina.core.StandardContextValve.invoke(StandardContextValve.java:96)
	at org.apache.catalina.authenticator.AuthenticatorBase.invoke(AuthenticatorBase.java:490)
	at org.apache.catalina.core.StandardHostValve.invoke(StandardHostValve.java:139)
	at org.apache.catalina.valves.ErrorReportValve.invoke(ErrorReportValve.java:92)
	at org.apache.catalina.core.StandardEngineValve.invoke(StandardEngineValve.java:74)
	at org.apache.catalina.connector.CoyoteAdapter.service(CoyoteAdapter.java:343)
	at org.apache.coyote.http11.Http11Processor.service(Http11Processor.java:408)
	at org.apache.coyote.AbstractProcessorLight.process(AbstractProcessorLight.java:66)
	at org.apache.coyote.AbstractProtocol$ConnectionHandler.process(AbstractProtocol.java:834)
	at org.apache.tomcat.util.net.NioEndpoint$SocketProcessor.doRun(NioEndpoint.java:1415)
	at org.apache.tomcat.util.net.SocketProcessorBase.run(SocketProcessorBase.java:49)
	at java.util.concurrent.ThreadPoolExecutor.runWorker(ThreadPoolExecutor.java:1142)
	at java.util.concurrent.ThreadPoolExecutor$Worker.run(ThreadPoolExecutor.java:617)
	at org.apache.tomcat.util.threads.TaskThread$WrappingRunnable.run(TaskThread.java:61)
	at java.lang.Thread.run(Thread.java:745)
2019-03-03T18:56:05.462 INFO  c.h.s.i.LoginInterceptor 24 - ---------------------开始进入请求地址拦截----------------------------
2019-03-03T18:56:05.463 INFO  c.h.s.i.LoginInterceptor 30 - --------------处理请求完成后视图渲染之前的处理操作---------------
2019-03-03T18:56:05.466 INFO  c.h.s.i.LoginInterceptor 35 - ---------------视图渲染之后的操作-------------------------
2019-03-03T18:58:11.156 INFO  c.h.s.DemoApplication 50 - Starting DemoApplication on PC-201708121922 with PID 7656 (D:\projects\spring\springboot_demo\target\classes started by Administrator in D:\projects\spring\springboot_demo)
2019-03-03T18:58:11.162 INFO  c.h.s.DemoApplication 675 - No active profile set, falling back to default profiles: default
2019-03-03T18:58:13.076 INFO  o.s.b.w.e.t.TomcatWebServer 90 - Tomcat initialized with port(s): 8080 (http)
2019-03-03T18:58:13.092 INFO  o.a.c.h.Http11NioProtocol 173 - Initializing ProtocolHandler ["http-nio-8080"]
2019-03-03T18:58:13.104 INFO  o.a.c.c.StandardService 173 - Starting service [Tomcat]
2019-03-03T18:58:13.105 INFO  o.a.c.c.StandardEngine 173 - Starting Servlet engine: [Apache Tomcat/9.0.16]
2019-03-03T18:58:13.113 INFO  o.a.c.c.AprLifecycleListener 173 - The APR based Apache Tomcat Native library which allows optimal performance in production environments was not found on the java.library.path: [F:\jdk8\jdk\bin;C:\Windows\Sun\Java\bin;C:\Windows\system32;C:\Windows;C:\ProgramData\Oracle\Java\javapath;C:\Windows\system32;C:\Windows;C:\Windows\System32\Wbem;C:\Windows\System32\WindowsPowerShell\v1.0\;F:\jdk8\jdk\bin;F:\jdk8\jdk\jre\bin;F:\apache-maven-3.5.0\bin;C:\Program Files\TortoiseSVN\bin;F:\Git\cmd;F:\scala-2\bin;F:\scala-2\jre\bin;F:\sbt1.0.3\bin;F:\sbt1.0.3\bin;;.]
2019-03-03T18:58:13.212 INFO  o.a.c.c.C.[.[.[/] 173 - Initializing Spring embedded WebApplicationContext
2019-03-03T18:58:13.213 INFO  o.s.w.c.ContextLoader 296 - Root WebApplicationContext: initialization completed in 1946 ms
2019-03-03T18:58:13.480 INFO  o.s.s.c.ThreadPoolTaskExecutor 171 - Initializing ExecutorService 'applicationTaskExecutor'
2019-03-03T18:58:13.753 INFO  o.a.c.h.Http11NioProtocol 173 - Starting ProtocolHandler ["http-nio-8080"]
2019-03-03T18:58:13.784 INFO  o.s.b.w.e.t.TomcatWebServer 204 - Tomcat started on port(s): 8080 (http) with context path ''
2019-03-03T18:58:13.788 INFO  c.h.s.DemoApplication 59 - Started DemoApplication in 3.465 seconds (JVM running for 4.451)
2019-03-03T18:58:36.093 INFO  o.a.c.c.C.[.[.[/] 173 - Initializing Spring DispatcherServlet 'dispatcherServlet'
2019-03-03T18:58:36.094 INFO  o.s.w.s.DispatcherServlet 524 - Initializing Servlet 'dispatcherServlet'
2019-03-03T18:58:36.102 INFO  o.s.w.s.DispatcherServlet 546 - Completed initialization in 8 ms
2019-03-03T18:58:36.127 INFO  c.h.s.i.LoginInterceptor 24 - ---------------------开始进入请求地址拦截----------------------------
2019-03-03T18:58:36.160 INFO  c.h.s.i.LoginInterceptor 35 - ---------------视图渲染之后的操作-------------------------
2019-03-03T18:58:36.165 ERROR o.a.c.c.C.[.[.[.[dispatcherServlet] 175 - Servlet.service() for servlet [dispatcherServlet] in context with path [] threw exception [Request processing failed; nested exception is com.hamlt.springboot.exception.CustomException: id不能为空] with root cause
com.hamlt.springboot.exception.CustomException: id不能为空
	at com.hamlt.springboot.controller.UserController.getUserToView(UserController.java:32)
	at sun.reflect.NativeMethodAccessorImpl.invoke0(Native Method)
	at sun.reflect.NativeMethodAccessorImpl.invoke(NativeMethodAccessorImpl.java:62)
	at sun.reflect.DelegatingMethodAccessorImpl.invoke(DelegatingMethodAccessorImpl.java:43)
	at java.lang.reflect.Method.invoke(Method.java:483)
	at org.springframework.web.method.support.InvocableHandlerMethod.doInvoke(InvocableHandlerMethod.java:189)
	at org.springframework.web.method.support.InvocableHandlerMethod.invokeForRequest(InvocableHandlerMethod.java:138)
	at org.springframework.web.servlet.mvc.method.annotation.ServletInvocableHandlerMethod.invokeAndHandle(ServletInvocableHandlerMethod.java:102)
	at org.springframework.web.servlet.mvc.method.annotation.RequestMappingHandlerAdapter.invokeHandlerMethod(RequestMappingHandlerAdapter.java:895)
	at org.springframework.web.servlet.mvc.method.annotation.RequestMappingHandlerAdapter.handleInternal(RequestMappingHandlerAdapter.java:800)
	at org.springframework.web.servlet.mvc.method.AbstractHandlerMethodAdapter.handle(AbstractHandlerMethodAdapter.java:87)
	at org.springframework.web.servlet.DispatcherServlet.doDispatch(DispatcherServlet.java:1038)
	at org.springframework.web.servlet.DispatcherServlet.doService(DispatcherServlet.java:942)
	at org.springframework.web.servlet.FrameworkServlet.processRequest(FrameworkServlet.java:1005)
	at org.springframework.web.servlet.FrameworkServlet.doGet(FrameworkServlet.java:897)
	at javax.servlet.http.HttpServlet.service(HttpServlet.java:634)
	at org.springframework.web.servlet.FrameworkServlet.service(FrameworkServlet.java:882)
	at javax.servlet.http.HttpServlet.service(HttpServlet.java:741)
	at org.apache.catalina.core.ApplicationFilterChain.internalDoFilter(ApplicationFilterChain.java:231)
	at org.apache.catalina.core.ApplicationFilterChain.doFilter(ApplicationFilterChain.java:166)
	at org.apache.tomcat.websocket.server.WsFilter.doFilter(WsFilter.java:53)
	at org.apache.catalina.core.ApplicationFilterChain.internalDoFilter(ApplicationFilterChain.java:193)
	at org.apache.catalina.core.ApplicationFilterChain.doFilter(ApplicationFilterChain.java:166)
	at org.springframework.web.filter.RequestContextFilter.doFilterInternal(RequestContextFilter.java:99)
	at org.springframework.web.filter.OncePerRequestFilter.doFilter(OncePerRequestFilter.java:107)
	at org.apache.catalina.core.ApplicationFilterChain.internalDoFilter(ApplicationFilterChain.java:193)
	at org.apache.catalina.core.ApplicationFilterChain.doFilter(ApplicationFilterChain.java:166)
	at org.springframework.web.filter.FormContentFilter.doFilterInternal(FormContentFilter.java:92)
	at org.springframework.web.filter.OncePerRequestFilter.doFilter(OncePerRequestFilter.java:107)
	at org.apache.catalina.core.ApplicationFilterChain.internalDoFilter(ApplicationFilterChain.java:193)
	at org.apache.catalina.core.ApplicationFilterChain.doFilter(ApplicationFilterChain.java:166)
	at org.springframework.web.filter.HiddenHttpMethodFilter.doFilterInternal(HiddenHttpMethodFilter.java:93)
	at org.springframework.web.filter.OncePerRequestFilter.doFilter(OncePerRequestFilter.java:107)
	at org.apache.catalina.core.ApplicationFilterChain.internalDoFilter(ApplicationFilterChain.java:193)
	at org.apache.catalina.core.ApplicationFilterChain.doFilter(ApplicationFilterChain.java:166)
	at org.springframework.web.filter.CharacterEncodingFilter.doFilterInternal(CharacterEncodingFilter.java:200)
	at org.springframework.web.filter.OncePerRequestFilter.doFilter(OncePerRequestFilter.java:107)
	at org.apache.catalina.core.ApplicationFilterChain.internalDoFilter(ApplicationFilterChain.java:193)
	at org.apache.catalina.core.ApplicationFilterChain.doFilter(ApplicationFilterChain.java:166)
	at org.apache.catalina.core.StandardWrapperValve.invoke(StandardWrapperValve.java:200)
	at org.apache.catalina.core.StandardContextValve.invoke(StandardContextValve.java:96)
	at org.apache.catalina.authenticator.AuthenticatorBase.invoke(AuthenticatorBase.java:490)
	at org.apache.catalina.core.StandardHostValve.invoke(StandardHostValve.java:139)
	at org.apache.catalina.valves.ErrorReportValve.invoke(ErrorReportValve.java:92)
	at org.apache.catalina.core.StandardEngineValve.invoke(StandardEngineValve.java:74)
	at org.apache.catalina.connector.CoyoteAdapter.service(CoyoteAdapter.java:343)
	at org.apache.coyote.http11.Http11Processor.service(Http11Processor.java:408)
	at org.apache.coyote.AbstractProcessorLight.process(AbstractProcessorLight.java:66)
	at org.apache.coyote.AbstractProtocol$ConnectionHandler.process(AbstractProtocol.java:834)
	at org.apache.tomcat.util.net.NioEndpoint$SocketProcessor.doRun(NioEndpoint.java:1415)
	at org.apache.tomcat.util.net.SocketProcessorBase.run(SocketProcessorBase.java:49)
	at java.util.concurrent.ThreadPoolExecutor.runWorker(ThreadPoolExecutor.java:1142)
	at java.util.concurrent.ThreadPoolExecutor$Worker.run(ThreadPoolExecutor.java:617)
	at org.apache.tomcat.util.threads.TaskThread$WrappingRunnable.run(TaskThread.java:61)
	at java.lang.Thread.run(Thread.java:745)
2019-03-03T18:58:36.181 INFO  c.h.s.i.LoginInterceptor 24 - ---------------------开始进入请求地址拦截----------------------------
2019-03-03T18:58:36.189 INFO  c.h.s.i.LoginInterceptor 30 - --------------处理请求完成后视图渲染之前的处理操作---------------
2019-03-03T18:58:36.208 INFO  c.h.s.i.LoginInterceptor 35 - ---------------视图渲染之后的操作-------------------------
