2019-03-07T23:17:49.810 INFO  c.h.s.DemoApplication 50 - Starting DemoApplication on PC-201708121922 with PID 7380 (D:\projects\spring\springboot_demo\target\classes started by Administrator in D:\projects\spring\springboot_demo)
2019-03-07T23:17:49.819 INFO  c.h.s.DemoApplication 679 - The following profiles are active: prod
2019-03-07T23:17:49.891 INFO  o.s.b.d.e.DevToolsPropertyDefaultsPostProcessor 227 - Devtools property defaults active! Set 'spring.devtools.add-properties' to 'false' to disable
2019-03-07T23:17:49.891 INFO  o.s.b.d.e.DevToolsPropertyDefaultsPostProcessor 227 - For additional web related logging consider setting the 'logging.level.web' property to 'DEBUG'
2019-03-07T23:17:52.936 INFO  o.s.b.w.e.t.TomcatWebServer 90 - Tomcat initialized with port(s): 8080 (http)
2019-03-07T23:17:52.952 INFO  o.a.c.h.Http11NioProtocol 173 - Initializing ProtocolHandler ["http-nio-8080"]
2019-03-07T23:17:52.964 INFO  o.a.c.c.StandardService 173 - Starting service [Tomcat]
2019-03-07T23:17:52.965 INFO  o.a.c.c.StandardEngine 173 - Starting Servlet engine: [Apache Tomcat/9.0.16]
2019-03-07T23:17:52.973 INFO  o.a.c.c.AprLifecycleListener 173 - The APR based Apache Tomcat Native library which allows optimal performance in production environments was not found on the java.library.path: [F:\jdk8\jdk\bin;C:\Windows\Sun\Java\bin;C:\Windows\system32;C:\Windows;C:\ProgramData\Oracle\Java\javapath;C:\Windows\system32;C:\Windows;C:\Windows\System32\Wbem;C:\Windows\System32\WindowsPowerShell\v1.0\;F:\jdk8\jdk\bin;F:\jdk8\jdk\jre\bin;F:\apache-maven-3.5.0\bin;C:\Program Files\TortoiseSVN\bin;F:\Git\cmd;F:\scala-2\bin;F:\scala-2\jre\bin;F:\sbt1.0.3\bin;F:\sbt1.0.3\bin;;.]
2019-03-07T23:17:53.071 INFO  o.a.c.c.C.[.[.[/] 173 - Initializing Spring embedded WebApplicationContext
2019-03-07T23:17:53.071 INFO  o.s.w.c.ContextLoader 296 - Root WebApplicationContext: initialization completed in 3178 ms
2019-03-07T23:17:53.541 INFO  o.s.s.c.ThreadPoolTaskExecutor 171 - Initializing ExecutorService 'applicationTaskExecutor'
2019-03-07T23:17:53.887 INFO  o.s.b.d.a.OptionalLiveReloadServer 57 - LiveReload server is running on port 35729
2019-03-07T23:17:53.933 INFO  o.a.c.h.Http11NioProtocol 173 - Starting ProtocolHandler ["http-nio-8080"]
2019-03-07T23:17:54.131 INFO  o.s.b.w.e.t.TomcatWebServer 204 - Tomcat started on port(s): 8080 (http) with context path ''
2019-03-07T23:17:54.135 INFO  c.h.s.DemoApplication 59 - Started DemoApplication in 5.278 seconds (JVM running for 6.906)
2019-03-07T23:21:56.801 INFO  c.h.s.DemoApplication 50 - Starting DemoApplication on PC-201708121922 with PID 8316 (D:\projects\spring\springboot_demo\target\classes started by Administrator in D:\projects\spring\springboot_demo)
2019-03-07T23:21:56.806 INFO  c.h.s.DemoApplication 679 - The following profiles are active: prod
2019-03-07T23:21:56.989 INFO  o.s.b.d.e.DevToolsPropertyDefaultsPostProcessor 227 - Devtools property defaults active! Set 'spring.devtools.add-properties' to 'false' to disable
2019-03-07T23:21:56.990 INFO  o.s.b.d.e.DevToolsPropertyDefaultsPostProcessor 227 - For additional web related logging consider setting the 'logging.level.web' property to 'DEBUG'
2019-03-07T23:21:59.116 INFO  o.s.b.w.e.t.TomcatWebServer 90 - Tomcat initialized with port(s): 8080 (http)
2019-03-07T23:21:59.132 INFO  o.a.c.h.Http11NioProtocol 173 - Initializing ProtocolHandler ["http-nio-8080"]
2019-03-07T23:21:59.144 INFO  o.a.c.c.StandardService 173 - Starting service [Tomcat]
2019-03-07T23:21:59.144 INFO  o.a.c.c.StandardEngine 173 - Starting Servlet engine: [Apache Tomcat/9.0.16]
2019-03-07T23:21:59.152 INFO  o.a.c.c.AprLifecycleListener 173 - The APR based Apache Tomcat Native library which allows optimal performance in production environments was not found on the java.library.path: [F:\jdk8\jdk\bin;C:\Windows\Sun\Java\bin;C:\Windows\system32;C:\Windows;C:\ProgramData\Oracle\Java\javapath;C:\Windows\system32;C:\Windows;C:\Windows\System32\Wbem;C:\Windows\System32\WindowsPowerShell\v1.0\;F:\jdk8\jdk\bin;F:\jdk8\jdk\jre\bin;F:\apache-maven-3.5.0\bin;C:\Program Files\TortoiseSVN\bin;F:\Git\cmd;F:\scala-2\bin;F:\scala-2\jre\bin;F:\sbt1.0.3\bin;F:\sbt1.0.3\bin;;.]
2019-03-07T23:21:59.241 INFO  o.a.c.c.C.[.[.[/] 173 - Initializing Spring embedded WebApplicationContext
2019-03-07T23:21:59.241 INFO  o.s.w.c.ContextLoader 296 - Root WebApplicationContext: initialization completed in 2251 ms
2019-03-07T23:21:59.635 INFO  o.s.s.c.ThreadPoolTaskExecutor 171 - Initializing ExecutorService 'applicationTaskExecutor'
2019-03-07T23:22:00.121 INFO  o.s.b.d.a.OptionalLiveReloadServer 57 - LiveReload server is running on port 35729
2019-03-07T23:22:00.163 INFO  o.a.c.h.Http11NioProtocol 173 - Starting ProtocolHandler ["http-nio-8080"]
2019-03-07T23:22:00.195 INFO  o.s.b.w.e.t.TomcatWebServer 204 - Tomcat started on port(s): 8080 (http) with context path ''
2019-03-07T23:22:00.199 INFO  c.h.s.DemoApplication 59 - Started DemoApplication in 4.021 seconds (JVM running for 5.317)
2019-03-07T23:22:32.771 INFO  c.h.s.DemoApplication 50 - Starting DemoApplication on PC-201708121922 with PID 7476 (D:\projects\spring\springboot_demo\target\classes started by Administrator in D:\projects\spring\springboot_demo)
2019-03-07T23:22:32.775 INFO  c.h.s.DemoApplication 679 - The following profiles are active: prod
2019-03-07T23:22:32.872 INFO  o.s.b.d.e.DevToolsPropertyDefaultsPostProcessor 227 - Devtools property defaults active! Set 'spring.devtools.add-properties' to 'false' to disable
2019-03-07T23:22:32.872 INFO  o.s.b.d.e.DevToolsPropertyDefaultsPostProcessor 227 - For additional web related logging consider setting the 'logging.level.web' property to 'DEBUG'
2019-03-07T23:22:35.116 INFO  o.s.b.w.e.t.TomcatWebServer 90 - Tomcat initialized with port(s): 8080 (http)
2019-03-07T23:22:35.134 INFO  o.a.c.h.Http11NioProtocol 173 - Initializing ProtocolHandler ["http-nio-8080"]
2019-03-07T23:22:35.149 INFO  o.a.c.c.StandardService 173 - Starting service [Tomcat]
2019-03-07T23:22:35.150 INFO  o.a.c.c.StandardEngine 173 - Starting Servlet engine: [Apache Tomcat/9.0.16]
2019-03-07T23:22:35.159 INFO  o.a.c.c.AprLifecycleListener 173 - The APR based Apache Tomcat Native library which allows optimal performance in production environments was not found on the java.library.path: [F:\jdk8\jdk\bin;C:\Windows\Sun\Java\bin;C:\Windows\system32;C:\Windows;C:\ProgramData\Oracle\Java\javapath;C:\Windows\system32;C:\Windows;C:\Windows\System32\Wbem;C:\Windows\System32\WindowsPowerShell\v1.0\;F:\jdk8\jdk\bin;F:\jdk8\jdk\jre\bin;F:\apache-maven-3.5.0\bin;C:\Program Files\TortoiseSVN\bin;F:\Git\cmd;F:\scala-2\bin;F:\scala-2\jre\bin;F:\sbt1.0.3\bin;F:\sbt1.0.3\bin;;.]
2019-03-07T23:22:35.257 INFO  o.a.c.c.C.[.[.[/] 173 - Initializing Spring embedded WebApplicationContext
2019-03-07T23:22:35.258 INFO  o.s.w.c.ContextLoader 296 - Root WebApplicationContext: initialization completed in 2386 ms
2019-03-07T23:22:35.793 INFO  o.s.s.c.ThreadPoolTaskExecutor 171 - Initializing ExecutorService 'applicationTaskExecutor'
2019-03-07T23:22:36.448 INFO  o.s.b.d.a.OptionalLiveReloadServer 57 - LiveReload server is running on port 35729
2019-03-07T23:22:36.491 INFO  o.a.c.h.Http11NioProtocol 173 - Starting ProtocolHandler ["http-nio-8080"]
2019-03-07T23:22:36.532 INFO  o.s.b.w.e.t.TomcatWebServer 204 - Tomcat started on port(s): 8080 (http) with context path ''
2019-03-07T23:22:36.537 INFO  c.h.s.DemoApplication 59 - Started DemoApplication in 5.263 seconds (JVM running for 6.743)
