2019-03-04T21:28:09.090 INFO  c.h.s.DemoApplication 50 - Starting DemoApplication on PC-201708121922 with PID 5244 (D:\projects\spring\springboot_demo\target\classes started by Administrator in D:\projects\spring\springboot_demo)
2019-03-04T21:28:09.124 INFO  c.h.s.DemoApplication 679 - The following profiles are active: prod
2019-03-04T21:28:09.412 INFO  o.s.b.d.e.DevToolsPropertyDefaultsPostProcessor 227 - Devtools property defaults active! Set 'spring.devtools.add-properties' to 'false' to disable
2019-03-04T21:28:09.412 INFO  o.s.b.d.e.DevToolsPropertyDefaultsPostProcessor 227 - For additional web related logging consider setting the 'logging.level.web' property to 'DEBUG'
2019-03-04T21:28:15.008 INFO  o.s.b.w.e.t.TomcatWebServer 90 - Tomcat initialized with port(s): 8080 (http)
2019-03-04T21:28:15.124 INFO  o.a.c.h.Http11NioProtocol 173 - Initializing ProtocolHandler ["http-nio-8080"]
2019-03-04T21:28:15.200 INFO  o.a.c.c.StandardService 173 - Starting service [Tomcat]
2019-03-04T21:28:15.200 INFO  o.a.c.c.StandardEngine 173 - Starting Servlet engine: [Apache Tomcat/9.0.16]
2019-03-04T21:28:15.219 INFO  o.a.c.c.AprLifecycleListener 173 - The APR based Apache Tomcat Native library which allows optimal performance in production environments was not found on the java.library.path: [F:\jdk8\jdk\bin;C:\Windows\Sun\Java\bin;C:\Windows\system32;C:\Windows;C:\ProgramData\Oracle\Java\javapath;C:\Windows\system32;C:\Windows;C:\Windows\System32\Wbem;C:\Windows\System32\WindowsPowerShell\v1.0\;F:\jdk8\jdk\bin;F:\jdk8\jdk\jre\bin;F:\apache-maven-3.5.0\bin;C:\Program Files\TortoiseSVN\bin;F:\Git\cmd;F:\scala-2\bin;F:\scala-2\jre\bin;F:\sbt1.0.3\bin;F:\sbt1.0.3\bin;;.]
2019-03-04T21:28:15.416 INFO  o.a.c.c.C.[.[.[/] 173 - Initializing Spring embedded WebApplicationContext
2019-03-04T21:28:15.417 INFO  o.s.w.c.ContextLoader 296 - Root WebApplicationContext: initialization completed in 6004 ms
2019-03-04T21:28:16.201 INFO  o.s.s.c.ThreadPoolTaskExecutor 171 - Initializing ExecutorService 'applicationTaskExecutor'
2019-03-04T21:28:16.775 INFO  o.s.s.c.ThreadPoolTaskScheduler 171 - Initializing ExecutorService 'taskScheduler'
2019-03-04T21:28:16.864 INFO  o.s.b.d.a.OptionalLiveReloadServer 57 - LiveReload server is running on port 35729
2019-03-04T21:28:16.925 INFO  c.h.s.i.LoginInterceptor 20 - =====>>>>>使用fixedRate1551706096925
2019-03-04T21:28:16.928 INFO  c.h.s.i.LoginInterceptor 25 - =====>>>>>fixedDelay1551706096928
2019-03-04T21:28:16.941 INFO  o.a.c.h.Http11NioProtocol 173 - Starting ProtocolHandler ["http-nio-8080"]
2019-03-04T21:28:17.027 INFO  o.s.b.w.e.t.TomcatWebServer 204 - Tomcat started on port(s): 8080 (http) with context path ''
2019-03-04T21:28:17.034 INFO  c.h.s.DemoApplication 59 - Started DemoApplication in 10.225 seconds (JVM running for 15.674)
2019-03-04T21:28:17.926 INFO  c.h.s.i.LoginInterceptor 31 - =====>>>>>initialDelay,fixedDelay1551706097926
2019-03-04T21:28:20.001 INFO  c.h.s.i.LoginInterceptor 15 - =====>>>>>使用cron  1551706100001
2019-03-04T21:28:21.926 INFO  c.h.s.i.LoginInterceptor 20 - =====>>>>>使用fixedRate1551706101926
2019-03-04T21:28:21.929 INFO  c.h.s.i.LoginInterceptor 25 - =====>>>>>fixedDelay1551706101929
2019-03-04T21:28:22.927 INFO  c.h.s.i.LoginInterceptor 31 - =====>>>>>initialDelay,fixedDelay1551706102927
2019-03-04T21:28:25.002 INFO  c.h.s.i.LoginInterceptor 15 - =====>>>>>使用cron  1551706105002
2019-03-04T21:28:26.927 INFO  c.h.s.i.LoginInterceptor 20 - =====>>>>>使用fixedRate1551706106927
2019-03-04T21:28:26.931 INFO  c.h.s.i.LoginInterceptor 25 - =====>>>>>fixedDelay1551706106931
2019-03-04T21:28:27.929 INFO  c.h.s.i.LoginInterceptor 31 - =====>>>>>initialDelay,fixedDelay1551706107929
2019-03-04T21:28:30.003 INFO  c.h.s.i.LoginInterceptor 15 - =====>>>>>使用cron  1551706110003
2019-03-04T21:28:31.927 INFO  c.h.s.i.LoginInterceptor 20 - =====>>>>>使用fixedRate1551706111927
2019-03-04T21:28:31.932 INFO  c.h.s.i.LoginInterceptor 25 - =====>>>>>fixedDelay1551706111932
2019-03-04T21:28:32.932 INFO  c.h.s.i.LoginInterceptor 31 - =====>>>>>initialDelay,fixedDelay1551706112932
2019-03-04T21:28:35.001 INFO  c.h.s.i.LoginInterceptor 15 - =====>>>>>使用cron  1551706115001
2019-03-04T21:28:36.927 INFO  c.h.s.i.LoginInterceptor 20 - =====>>>>>使用fixedRate1551706116927
2019-03-04T21:28:36.933 INFO  c.h.s.i.LoginInterceptor 25 - =====>>>>>fixedDelay1551706116933
2019-03-04T21:28:37.933 INFO  c.h.s.i.LoginInterceptor 31 - =====>>>>>initialDelay,fixedDelay1551706117933
2019-03-04T21:28:40.001 INFO  c.h.s.i.LoginInterceptor 15 - =====>>>>>使用cron  1551706120001
2019-03-04T21:28:41.927 INFO  c.h.s.i.LoginInterceptor 20 - =====>>>>>使用fixedRate1551706121927
2019-03-04T21:28:41.935 INFO  c.h.s.i.LoginInterceptor 25 - =====>>>>>fixedDelay1551706121935
2019-03-04T21:28:42.934 INFO  c.h.s.i.LoginInterceptor 31 - =====>>>>>initialDelay,fixedDelay1551706122934
2019-03-04T21:28:45.003 INFO  c.h.s.i.LoginInterceptor 15 - =====>>>>>使用cron  1551706125003
2019-03-04T21:28:46.926 INFO  c.h.s.i.LoginInterceptor 20 - =====>>>>>使用fixedRate1551706126926
2019-03-04T21:28:46.937 INFO  c.h.s.i.LoginInterceptor 25 - =====>>>>>fixedDelay1551706126937
2019-03-04T21:28:47.936 INFO  c.h.s.i.LoginInterceptor 31 - =====>>>>>initialDelay,fixedDelay1551706127936
2019-03-04T21:28:50.000 INFO  c.h.s.i.LoginInterceptor 15 - =====>>>>>使用cron  1551706130000
2019-03-04T21:28:51.929 INFO  c.h.s.i.LoginInterceptor 20 - =====>>>>>使用fixedRate1551706131929
2019-03-04T21:28:51.949 INFO  c.h.s.i.LoginInterceptor 25 - =====>>>>>fixedDelay1551706131949
2019-03-04T21:28:52.937 INFO  c.h.s.i.LoginInterceptor 31 - =====>>>>>initialDelay,fixedDelay1551706132937
2019-03-04T21:28:55.001 INFO  c.h.s.i.LoginInterceptor 15 - =====>>>>>使用cron  1551706135001
2019-03-04T21:28:56.927 INFO  c.h.s.i.LoginInterceptor 20 - =====>>>>>使用fixedRate1551706136927
2019-03-04T21:28:56.952 INFO  c.h.s.i.LoginInterceptor 25 - =====>>>>>fixedDelay1551706136952
2019-03-04T21:28:57.938 INFO  c.h.s.i.LoginInterceptor 31 - =====>>>>>initialDelay,fixedDelay1551706137938
2019-03-04T21:29:00.002 INFO  c.h.s.i.LoginInterceptor 15 - =====>>>>>使用cron  1551706140002
2019-03-04T21:29:01.927 INFO  c.h.s.i.LoginInterceptor 20 - =====>>>>>使用fixedRate1551706141927
2019-03-04T21:29:01.953 INFO  c.h.s.i.LoginInterceptor 25 - =====>>>>>fixedDelay1551706141953
2019-03-04T21:31:00.806 INFO  c.h.s.DemoApplication 50 - Starting DemoApplication on PC-201708121922 with PID 6844 (D:\projects\spring\springboot_demo\target\classes started by Administrator in D:\projects\spring\springboot_demo)
2019-03-04T21:31:00.813 INFO  c.h.s.DemoApplication 679 - The following profiles are active: prod
2019-03-04T21:31:00.956 INFO  o.s.b.d.e.DevToolsPropertyDefaultsPostProcessor 227 - Devtools property defaults active! Set 'spring.devtools.add-properties' to 'false' to disable
2019-03-04T21:31:00.957 INFO  o.s.b.d.e.DevToolsPropertyDefaultsPostProcessor 227 - For additional web related logging consider setting the 'logging.level.web' property to 'DEBUG'
2019-03-04T21:31:03.866 INFO  o.s.b.w.e.t.TomcatWebServer 90 - Tomcat initialized with port(s): 8080 (http)
2019-03-04T21:31:03.889 INFO  o.a.c.h.Http11NioProtocol 173 - Initializing ProtocolHandler ["http-nio-8080"]
2019-03-04T21:31:03.907 INFO  o.a.c.c.StandardService 173 - Starting service [Tomcat]
2019-03-04T21:31:03.907 INFO  o.a.c.c.StandardEngine 173 - Starting Servlet engine: [Apache Tomcat/9.0.16]
2019-03-04T21:31:03.919 INFO  o.a.c.c.AprLifecycleListener 173 - The APR based Apache Tomcat Native library which allows optimal performance in production environments was not found on the java.library.path: [F:\jdk8\jdk\bin;C:\Windows\Sun\Java\bin;C:\Windows\system32;C:\Windows;C:\ProgramData\Oracle\Java\javapath;C:\Windows\system32;C:\Windows;C:\Windows\System32\Wbem;C:\Windows\System32\WindowsPowerShell\v1.0\;F:\jdk8\jdk\bin;F:\jdk8\jdk\jre\bin;F:\apache-maven-3.5.0\bin;C:\Program Files\TortoiseSVN\bin;F:\Git\cmd;F:\scala-2\bin;F:\scala-2\jre\bin;F:\sbt1.0.3\bin;F:\sbt1.0.3\bin;;.]
2019-03-04T21:31:04.074 INFO  o.a.c.c.C.[.[.[/] 173 - Initializing Spring embedded WebApplicationContext
2019-03-04T21:31:04.075 INFO  o.s.w.c.ContextLoader 296 - Root WebApplicationContext: initialization completed in 3118 ms
2019-03-04T21:31:04.657 INFO  o.s.s.c.ThreadPoolTaskExecutor 171 - Initializing ExecutorService 'applicationTaskExecutor'
2019-03-04T21:31:05.072 INFO  o.s.s.c.ThreadPoolTaskScheduler 171 - Initializing ExecutorService 'taskScheduler'
2019-03-04T21:31:05.142 INFO  o.s.b.d.a.OptionalLiveReloadServer 57 - LiveReload server is running on port 35729
2019-03-04T21:31:05.199 INFO  o.a.c.h.Http11NioProtocol 173 - Starting ProtocolHandler ["http-nio-8080"]
2019-03-04T21:31:05.201 INFO  c.h.s.i.LoginInterceptor 23 - =====>>>>>使用fixedRate1551706265201
2019-03-04T21:31:05.263 INFO  c.h.s.i.LoginInterceptor 29 - =====>>>>>fixedDelay1551706265263
2019-03-04T21:31:05.300 INFO  o.s.b.w.e.t.TomcatWebServer 204 - Tomcat started on port(s): 8080 (http) with context path ''
2019-03-04T21:31:05.306 INFO  c.h.s.DemoApplication 59 - Started DemoApplication in 5.761 seconds (JVM running for 8.241)
2019-03-04T21:31:06.197 INFO  c.h.s.i.LoginInterceptor 36 - =====>>>>>initialDelay,fixedDelay1551706266197
2019-03-04T21:31:10.002 INFO  c.h.s.i.LoginInterceptor 18 - =====>>>>>使用cron  1551706270002
2019-03-04T21:31:10.195 INFO  c.h.s.i.LoginInterceptor 23 - =====>>>>>使用fixedRate1551706270195
2019-03-04T21:31:10.264 INFO  c.h.s.i.LoginInterceptor 29 - =====>>>>>fixedDelay1551706270264
2019-03-04T21:31:11.198 INFO  c.h.s.i.LoginInterceptor 36 - =====>>>>>initialDelay,fixedDelay1551706271198
2019-03-04T21:31:15.002 INFO  c.h.s.i.LoginInterceptor 18 - =====>>>>>使用cron  1551706275002
2019-03-04T21:31:15.195 INFO  c.h.s.i.LoginInterceptor 23 - =====>>>>>使用fixedRate1551706275195
2019-03-04T21:31:15.264 INFO  c.h.s.i.LoginInterceptor 29 - =====>>>>>fixedDelay1551706275264
2019-03-04T21:31:16.200 INFO  c.h.s.i.LoginInterceptor 36 - =====>>>>>initialDelay,fixedDelay1551706276200
2019-03-04T21:31:20.002 INFO  c.h.s.i.LoginInterceptor 18 - =====>>>>>使用cron  1551706280002
2019-03-04T21:31:20.195 INFO  c.h.s.i.LoginInterceptor 23 - =====>>>>>使用fixedRate1551706280195
2019-03-04T21:31:20.264 INFO  c.h.s.i.LoginInterceptor 29 - =====>>>>>fixedDelay1551706280264
2019-03-04T21:31:21.201 INFO  c.h.s.i.LoginInterceptor 36 - =====>>>>>initialDelay,fixedDelay1551706281201
2019-03-04T21:31:25.001 INFO  c.h.s.i.LoginInterceptor 18 - =====>>>>>使用cron  1551706285001
2019-03-04T21:31:25.196 INFO  c.h.s.i.LoginInterceptor 23 - =====>>>>>使用fixedRate1551706285196
2019-03-04T21:31:25.265 INFO  c.h.s.i.LoginInterceptor 29 - =====>>>>>fixedDelay1551706285265
2019-03-04T21:31:26.202 INFO  c.h.s.i.LoginInterceptor 36 - =====>>>>>initialDelay,fixedDelay1551706286202
2019-03-04T21:31:30.000 INFO  c.h.s.i.LoginInterceptor 18 - =====>>>>>使用cron  1551706290000
2019-03-04T21:31:30.195 INFO  c.h.s.i.LoginInterceptor 23 - =====>>>>>使用fixedRate1551706290195
2019-03-04T21:31:30.266 INFO  c.h.s.i.LoginInterceptor 29 - =====>>>>>fixedDelay1551706290266
2019-03-04T21:31:31.203 INFO  c.h.s.i.LoginInterceptor 36 - =====>>>>>initialDelay,fixedDelay1551706291203
2019-03-04T21:31:35.001 INFO  c.h.s.i.LoginInterceptor 18 - =====>>>>>使用cron  1551706295001
2019-03-04T21:31:35.195 INFO  c.h.s.i.LoginInterceptor 23 - =====>>>>>使用fixedRate1551706295195
2019-03-04T21:31:35.266 INFO  c.h.s.i.LoginInterceptor 29 - =====>>>>>fixedDelay1551706295266
2019-03-04T21:31:36.205 INFO  c.h.s.i.LoginInterceptor 36 - =====>>>>>initialDelay,fixedDelay1551706296205
2019-03-04T21:32:11.115 INFO  c.h.s.DemoApplication 50 - Starting DemoApplication on PC-201708121922 with PID 6916 (D:\projects\spring\springboot_demo\target\classes started by Administrator in D:\projects\spring\springboot_demo)
2019-03-04T21:32:11.121 INFO  c.h.s.DemoApplication 679 - The following profiles are active: prod
2019-03-04T21:32:11.233 INFO  o.h.v.i.u.Version 21 - HV000001: Hibernate Validator 6.0.14.Final
2019-03-04T21:32:11.329 INFO  o.s.b.d.e.DevToolsPropertyDefaultsPostProcessor 227 - Devtools property defaults active! Set 'spring.devtools.add-properties' to 'false' to disable
2019-03-04T21:32:11.329 INFO  o.s.b.d.e.DevToolsPropertyDefaultsPostProcessor 227 - For additional web related logging consider setting the 'logging.level.web' property to 'DEBUG'
2019-03-04T21:32:13.989 INFO  o.s.b.w.e.t.TomcatWebServer 90 - Tomcat initialized with port(s): 8080 (http)
2019-03-04T21:32:14.013 INFO  o.a.c.h.Http11NioProtocol 173 - Initializing ProtocolHandler ["http-nio-8080"]
2019-03-04T21:32:14.029 INFO  o.a.c.c.StandardService 173 - Starting service [Tomcat]
2019-03-04T21:32:14.030 INFO  o.a.c.c.StandardEngine 173 - Starting Servlet engine: [Apache Tomcat/9.0.16]
2019-03-04T21:32:14.041 INFO  o.a.c.c.AprLifecycleListener 173 - The APR based Apache Tomcat Native library which allows optimal performance in production environments was not found on the java.library.path: [F:\jdk8\jdk\bin;C:\Windows\Sun\Java\bin;C:\Windows\system32;C:\Windows;C:\ProgramData\Oracle\Java\javapath;C:\Windows\system32;C:\Windows;C:\Windows\System32\Wbem;C:\Windows\System32\WindowsPowerShell\v1.0\;F:\jdk8\jdk\bin;F:\jdk8\jdk\jre\bin;F:\apache-maven-3.5.0\bin;C:\Program Files\TortoiseSVN\bin;F:\Git\cmd;F:\scala-2\bin;F:\scala-2\jre\bin;F:\sbt1.0.3\bin;F:\sbt1.0.3\bin;;.]
2019-03-04T21:32:14.168 INFO  o.a.c.c.C.[.[.[/] 173 - Initializing Spring embedded WebApplicationContext
2019-03-04T21:32:14.169 INFO  o.s.w.c.ContextLoader 296 - Root WebApplicationContext: initialization completed in 2839 ms
2019-03-04T21:32:14.684 INFO  o.s.s.c.ThreadPoolTaskExecutor 171 - Initializing ExecutorService 'applicationTaskExecutor'
2019-03-04T21:32:15.042 INFO  o.s.s.c.ThreadPoolTaskScheduler 171 - Initializing ExecutorService 'taskScheduler'
2019-03-04T21:32:15.111 INFO  o.s.b.d.a.OptionalLiveReloadServer 57 - LiveReload server is running on port 35729
2019-03-04T21:32:15.166 INFO  o.a.c.h.Http11NioProtocol 173 - Starting ProtocolHandler ["http-nio-8080"]
2019-03-04T21:32:15.181 INFO  c.h.s.i.LoginInterceptor 25 - =====>>>>>使用fixedRate1551706335181
2019-03-04T21:32:15.181 INFO  c.h.s.i.LoginInterceptor 31 - =====>>>>>fixedDelay1551706335181
2019-03-04T21:32:15.225 INFO  o.s.b.w.e.t.TomcatWebServer 204 - Tomcat started on port(s): 8080 (http) with context path ''
2019-03-04T21:32:15.230 INFO  c.h.s.DemoApplication 59 - Started DemoApplication in 5.272 seconds (JVM running for 7.299)
2019-03-04T21:32:16.164 INFO  c.h.s.i.LoginInterceptor 38 - =====>>>>>initialDelay,fixedDelay1551706336164
2019-03-04T21:32:20.000 INFO  c.h.s.i.LoginInterceptor 19 - =====>>>>>使用cron  1551706340000
2019-03-04T21:32:20.164 INFO  c.h.s.i.LoginInterceptor 25 - =====>>>>>使用fixedRate1551706340164
2019-03-04T21:32:20.171 INFO  c.h.s.i.LoginInterceptor 31 - =====>>>>>fixedDelay1551706340171
2019-03-04T21:32:21.165 INFO  c.h.s.i.LoginInterceptor 38 - =====>>>>>initialDelay,fixedDelay1551706341165
2019-03-04T21:32:25.002 INFO  c.h.s.i.LoginInterceptor 19 - =====>>>>>使用cron  1551706345002
2019-03-04T21:32:25.165 INFO  c.h.s.i.LoginInterceptor 25 - =====>>>>>使用fixedRate1551706345165
2019-03-04T21:32:25.172 INFO  c.h.s.i.LoginInterceptor 31 - =====>>>>>fixedDelay1551706345172
2019-03-04T21:32:26.165 INFO  c.h.s.i.LoginInterceptor 38 - =====>>>>>initialDelay,fixedDelay1551706346165
2019-03-04T21:32:30.002 INFO  c.h.s.i.LoginInterceptor 19 - =====>>>>>使用cron  1551706350002
2019-03-04T21:32:30.164 INFO  c.h.s.i.LoginInterceptor 25 - =====>>>>>使用fixedRate1551706350164
2019-03-04T21:32:30.172 INFO  c.h.s.i.LoginInterceptor 31 - =====>>>>>fixedDelay1551706350172
2019-03-04T21:32:31.166 INFO  c.h.s.i.LoginInterceptor 38 - =====>>>>>initialDelay,fixedDelay1551706351166
2019-03-04T21:32:35.000 INFO  c.h.s.i.LoginInterceptor 19 - =====>>>>>使用cron  1551706355000
2019-03-04T21:32:35.163 INFO  c.h.s.i.LoginInterceptor 25 - =====>>>>>使用fixedRate1551706355163
2019-03-04T21:32:35.173 INFO  c.h.s.i.LoginInterceptor 31 - =====>>>>>fixedDelay1551706355173
2019-03-04T21:32:36.166 INFO  c.h.s.i.LoginInterceptor 38 - =====>>>>>initialDelay,fixedDelay1551706356166
2019-03-04T21:32:40.002 INFO  c.h.s.i.LoginInterceptor 19 - =====>>>>>使用cron  1551706360002
2019-03-04T21:32:40.164 INFO  c.h.s.i.LoginInterceptor 25 - =====>>>>>使用fixedRate1551706360164
2019-03-04T21:32:40.174 INFO  c.h.s.i.LoginInterceptor 31 - =====>>>>>fixedDelay1551706360174
2019-03-04T21:32:41.167 INFO  c.h.s.i.LoginInterceptor 38 - =====>>>>>initialDelay,fixedDelay1551706361167
2019-03-04T21:32:45.002 INFO  c.h.s.i.LoginInterceptor 19 - =====>>>>>使用cron  1551706365002
2019-03-04T21:32:45.164 INFO  c.h.s.i.LoginInterceptor 25 - =====>>>>>使用fixedRate1551706365164
2019-03-04T21:32:45.174 INFO  c.h.s.i.LoginInterceptor 31 - =====>>>>>fixedDelay1551706365174
2019-03-04T21:32:46.168 INFO  c.h.s.i.LoginInterceptor 38 - =====>>>>>initialDelay,fixedDelay1551706366168
2019-03-04T21:32:50.000 INFO  c.h.s.i.LoginInterceptor 19 - =====>>>>>使用cron  1551706370000
2019-03-04T21:32:50.165 INFO  c.h.s.i.LoginInterceptor 25 - =====>>>>>使用fixedRate1551706370165
2019-03-04T21:32:50.175 INFO  c.h.s.i.LoginInterceptor 31 - =====>>>>>fixedDelay1551706370175
2019-03-04T21:32:51.169 INFO  c.h.s.i.LoginInterceptor 38 - =====>>>>>initialDelay,fixedDelay1551706371169
2019-03-04T21:32:55.000 INFO  c.h.s.i.LoginInterceptor 19 - =====>>>>>使用cron  1551706375000
2019-03-04T21:32:55.164 INFO  c.h.s.i.LoginInterceptor 25 - =====>>>>>使用fixedRate1551706375164
2019-03-04T21:32:55.178 INFO  c.h.s.i.LoginInterceptor 31 - =====>>>>>fixedDelay1551706375178
2019-03-04T21:32:56.169 INFO  c.h.s.i.LoginInterceptor 38 - =====>>>>>initialDelay,fixedDelay1551706376169
2019-03-04T21:33:00.004 INFO  c.h.s.i.LoginInterceptor 19 - =====>>>>>使用cron  1551706380004
2019-03-04T21:33:00.165 INFO  c.h.s.i.LoginInterceptor 25 - =====>>>>>使用fixedRate1551706380165
2019-03-04T21:33:00.180 INFO  c.h.s.i.LoginInterceptor 31 - =====>>>>>fixedDelay1551706380180
2019-03-04T21:33:01.170 INFO  c.h.s.i.LoginInterceptor 38 - =====>>>>>initialDelay,fixedDelay1551706381170
2019-03-04T21:33:05.001 INFO  c.h.s.i.LoginInterceptor 19 - =====>>>>>使用cron  1551706385001
2019-03-04T21:33:05.164 INFO  c.h.s.i.LoginInterceptor 25 - =====>>>>>使用fixedRate1551706385164
2019-03-04T21:33:05.180 INFO  c.h.s.i.LoginInterceptor 31 - =====>>>>>fixedDelay1551706385180
2019-03-04T21:33:06.170 INFO  c.h.s.i.LoginInterceptor 38 - =====>>>>>initialDelay,fixedDelay1551706386170
2019-03-04T21:33:10.001 INFO  c.h.s.i.LoginInterceptor 19 - =====>>>>>使用cron  1551706390001
2019-03-04T21:33:10.164 INFO  c.h.s.i.LoginInterceptor 25 - =====>>>>>使用fixedRate1551706390164
2019-03-04T21:33:10.181 INFO  c.h.s.i.LoginInterceptor 31 - =====>>>>>fixedDelay1551706390181
2019-03-04T21:33:11.170 INFO  c.h.s.i.LoginInterceptor 38 - =====>>>>>initialDelay,fixedDelay1551706391170
2019-03-04T21:33:15.001 INFO  c.h.s.i.LoginInterceptor 19 - =====>>>>>使用cron  1551706395001
2019-03-04T21:33:15.164 INFO  c.h.s.i.LoginInterceptor 25 - =====>>>>>使用fixedRate1551706395164
2019-03-04T21:33:15.181 INFO  c.h.s.i.LoginInterceptor 31 - =====>>>>>fixedDelay1551706395181
2019-03-04T21:33:16.171 INFO  c.h.s.i.LoginInterceptor 38 - =====>>>>>initialDelay,fixedDelay1551706396171
2019-03-04T21:33:20.002 INFO  c.h.s.i.LoginInterceptor 19 - =====>>>>>使用cron  1551706400002
2019-03-04T21:33:20.164 INFO  c.h.s.i.LoginInterceptor 25 - =====>>>>>使用fixedRate1551706400164
2019-03-04T21:33:20.181 INFO  c.h.s.i.LoginInterceptor 31 - =====>>>>>fixedDelay1551706400181
2019-03-04T21:33:21.171 INFO  c.h.s.i.LoginInterceptor 38 - =====>>>>>initialDelay,fixedDelay1551706401171
2019-03-04T21:33:25.000 INFO  c.h.s.i.LoginInterceptor 19 - =====>>>>>使用cron  1551706405000
2019-03-04T21:33:25.163 INFO  c.h.s.i.LoginInterceptor 25 - =====>>>>>使用fixedRate1551706405163
2019-03-04T21:33:25.181 INFO  c.h.s.i.LoginInterceptor 31 - =====>>>>>fixedDelay1551706405181
2019-03-04T21:33:26.171 INFO  c.h.s.i.LoginInterceptor 38 - =====>>>>>initialDelay,fixedDelay1551706406171
2019-03-04T21:33:52.575 INFO  c.h.s.DemoApplication 50 - Starting DemoApplication on PC-201708121922 with PID 4196 (D:\projects\spring\springboot_demo\target\classes started by Administrator in D:\projects\spring\springboot_demo)
2019-03-04T21:33:52.611 INFO  c.h.s.DemoApplication 679 - The following profiles are active: prod
2019-03-04T21:33:52.754 INFO  o.s.b.d.e.DevToolsPropertyDefaultsPostProcessor 227 - Devtools property defaults active! Set 'spring.devtools.add-properties' to 'false' to disable
2019-03-04T21:33:52.755 INFO  o.s.b.d.e.DevToolsPropertyDefaultsPostProcessor 227 - For additional web related logging consider setting the 'logging.level.web' property to 'DEBUG'
2019-03-04T21:33:55.341 INFO  o.s.b.w.e.t.TomcatWebServer 90 - Tomcat initialized with port(s): 8080 (http)
2019-03-04T21:33:55.366 INFO  o.a.c.h.Http11NioProtocol 173 - Initializing ProtocolHandler ["http-nio-8080"]
2019-03-04T21:33:55.383 INFO  o.a.c.c.StandardService 173 - Starting service [Tomcat]
2019-03-04T21:33:55.383 INFO  o.a.c.c.StandardEngine 173 - Starting Servlet engine: [Apache Tomcat/9.0.16]
2019-03-04T21:33:55.397 INFO  o.a.c.c.AprLifecycleListener 173 - The APR based Apache Tomcat Native library which allows optimal performance in production environments was not found on the java.library.path: [F:\jdk8\jdk\bin;C:\Windows\Sun\Java\bin;C:\Windows\system32;C:\Windows;C:\ProgramData\Oracle\Java\javapath;C:\Windows\system32;C:\Windows;C:\Windows\System32\Wbem;C:\Windows\System32\WindowsPowerShell\v1.0\;F:\jdk8\jdk\bin;F:\jdk8\jdk\jre\bin;F:\apache-maven-3.5.0\bin;C:\Program Files\TortoiseSVN\bin;F:\Git\cmd;F:\scala-2\bin;F:\scala-2\jre\bin;F:\sbt1.0.3\bin;F:\sbt1.0.3\bin;;.]
2019-03-04T21:33:55.556 INFO  o.a.c.c.C.[.[.[/] 173 - Initializing Spring embedded WebApplicationContext
2019-03-04T21:33:55.557 INFO  o.s.w.c.ContextLoader 296 - Root WebApplicationContext: initialization completed in 2801 ms
2019-03-04T21:33:56.025 INFO  o.s.s.c.ThreadPoolTaskExecutor 171 - Initializing ExecutorService 'applicationTaskExecutor'
2019-03-04T21:33:56.364 INFO  o.s.s.c.ThreadPoolTaskScheduler 171 - Initializing ExecutorService 'taskScheduler'
2019-03-04T21:33:56.438 INFO  o.s.b.d.a.OptionalLiveReloadServer 57 - LiveReload server is running on port 35729
2019-03-04T21:33:56.486 INFO  o.a.c.h.Http11NioProtocol 173 - Starting ProtocolHandler ["http-nio-8080"]
2019-03-04T21:33:56.497 INFO  c.h.s.i.LoginInterceptor 25 - =====>>>>>使用fixedRate1551706436497
2019-03-04T21:33:56.497 INFO  c.h.s.i.LoginInterceptor 31 - =====>>>>>fixedDelay1551706436497
2019-03-04T21:33:56.531 INFO  o.s.b.w.e.t.TomcatWebServer 204 - Tomcat started on port(s): 8080 (http) with context path ''
2019-03-04T21:33:56.536 INFO  c.h.s.DemoApplication 59 - Started DemoApplication in 5.417 seconds (JVM running for 7.631)
2019-03-04T21:33:57.485 INFO  c.h.s.i.LoginInterceptor 25 - =====>>>>>使用fixedRate1551706437485
2019-03-04T21:33:57.486 INFO  c.h.s.i.LoginInterceptor 38 - =====>>>>>initialDelay,fixedDelay1551706437486
2019-03-04T21:33:58.484 INFO  c.h.s.i.LoginInterceptor 25 - =====>>>>>使用fixedRate1551706438484
2019-03-04T21:33:59.484 INFO  c.h.s.i.LoginInterceptor 25 - =====>>>>>使用fixedRate1551706439484
2019-03-04T21:34:00.003 INFO  c.h.s.i.LoginInterceptor 19 - =====>>>>>使用cron  1551706440003
2019-03-04T21:34:00.485 INFO  c.h.s.i.LoginInterceptor 25 - =====>>>>>使用fixedRate1551706440485
2019-03-04T21:34:01.484 INFO  c.h.s.i.LoginInterceptor 25 - =====>>>>>使用fixedRate1551706441484
2019-03-04T21:34:01.492 INFO  c.h.s.i.LoginInterceptor 31 - =====>>>>>fixedDelay1551706441492
2019-03-04T21:34:02.484 INFO  c.h.s.i.LoginInterceptor 25 - =====>>>>>使用fixedRate1551706442484
2019-03-04T21:34:02.486 INFO  c.h.s.i.LoginInterceptor 38 - =====>>>>>initialDelay,fixedDelay1551706442486
2019-03-04T21:34:03.484 INFO  c.h.s.i.LoginInterceptor 25 - =====>>>>>使用fixedRate1551706443484
2019-03-04T21:34:04.484 INFO  c.h.s.i.LoginInterceptor 25 - =====>>>>>使用fixedRate1551706444484
2019-03-04T21:34:05.001 INFO  c.h.s.i.LoginInterceptor 19 - =====>>>>>使用cron  1551706445001
2019-03-04T21:34:05.484 INFO  c.h.s.i.LoginInterceptor 25 - =====>>>>>使用fixedRate1551706445484
2019-03-04T21:34:06.484 INFO  c.h.s.i.LoginInterceptor 25 - =====>>>>>使用fixedRate1551706446484
2019-03-04T21:34:06.493 INFO  c.h.s.i.LoginInterceptor 31 - =====>>>>>fixedDelay1551706446493
2019-03-04T21:34:07.484 INFO  c.h.s.i.LoginInterceptor 25 - =====>>>>>使用fixedRate1551706447484
2019-03-04T21:34:07.487 INFO  c.h.s.i.LoginInterceptor 38 - =====>>>>>initialDelay,fixedDelay1551706447487
2019-03-04T21:34:08.484 INFO  c.h.s.i.LoginInterceptor 25 - =====>>>>>使用fixedRate1551706448484
2019-03-04T21:34:09.484 INFO  c.h.s.i.LoginInterceptor 25 - =====>>>>>使用fixedRate1551706449484
2019-03-04T21:34:10.001 INFO  c.h.s.i.LoginInterceptor 19 - =====>>>>>使用cron  1551706450001
2019-03-04T21:34:10.484 INFO  c.h.s.i.LoginInterceptor 25 - =====>>>>>使用fixedRate1551706450484
2019-03-04T21:34:11.485 INFO  c.h.s.i.LoginInterceptor 25 - =====>>>>>使用fixedRate1551706451485
2019-03-04T21:34:11.493 INFO  c.h.s.i.LoginInterceptor 31 - =====>>>>>fixedDelay1551706451493
2019-03-04T21:34:35.469 INFO  c.h.s.DemoApplication 50 - Starting DemoApplication on PC-201708121922 with PID 8940 (D:\projects\spring\springboot_demo\target\classes started by Administrator in D:\projects\spring\springboot_demo)
2019-03-04T21:34:35.523 INFO  c.h.s.DemoApplication 679 - The following profiles are active: prod
2019-03-04T21:34:35.737 INFO  o.s.b.d.e.DevToolsPropertyDefaultsPostProcessor 227 - Devtools property defaults active! Set 'spring.devtools.add-properties' to 'false' to disable
2019-03-04T21:34:35.739 INFO  o.s.b.d.e.DevToolsPropertyDefaultsPostProcessor 227 - For additional web related logging consider setting the 'logging.level.web' property to 'DEBUG'
2019-03-04T21:34:38.818 INFO  o.s.b.w.e.t.TomcatWebServer 90 - Tomcat initialized with port(s): 8080 (http)
2019-03-04T21:34:38.841 INFO  o.a.c.h.Http11NioProtocol 173 - Initializing ProtocolHandler ["http-nio-8080"]
2019-03-04T21:34:38.861 INFO  o.a.c.c.StandardService 173 - Starting service [Tomcat]
2019-03-04T21:34:38.862 INFO  o.a.c.c.StandardEngine 173 - Starting Servlet engine: [Apache Tomcat/9.0.16]
2019-03-04T21:34:38.872 INFO  o.a.c.c.AprLifecycleListener 173 - The APR based Apache Tomcat Native library which allows optimal performance in production environments was not found on the java.library.path: [F:\jdk8\jdk\bin;C:\Windows\Sun\Java\bin;C:\Windows\system32;C:\Windows;C:\ProgramData\Oracle\Java\javapath;C:\Windows\system32;C:\Windows;C:\Windows\System32\Wbem;C:\Windows\System32\WindowsPowerShell\v1.0\;F:\jdk8\jdk\bin;F:\jdk8\jdk\jre\bin;F:\apache-maven-3.5.0\bin;C:\Program Files\TortoiseSVN\bin;F:\Git\cmd;F:\scala-2\bin;F:\scala-2\jre\bin;F:\sbt1.0.3\bin;F:\sbt1.0.3\bin;;.]
2019-03-04T21:34:38.991 INFO  o.a.c.c.C.[.[.[/] 173 - Initializing Spring embedded WebApplicationContext
2019-03-04T21:34:38.991 INFO  o.s.w.c.ContextLoader 296 - Root WebApplicationContext: initialization completed in 3252 ms
2019-03-04T21:34:39.448 INFO  o.s.s.c.ThreadPoolTaskExecutor 171 - Initializing ExecutorService 'applicationTaskExecutor'
2019-03-04T21:34:39.780 INFO  o.s.s.c.ThreadPoolTaskScheduler 171 - Initializing ExecutorService 'taskScheduler'
2019-03-04T21:34:39.848 INFO  o.s.b.d.a.OptionalLiveReloadServer 57 - LiveReload server is running on port 35729
2019-03-04T21:34:39.899 INFO  o.a.c.h.Http11NioProtocol 173 - Starting ProtocolHandler ["http-nio-8080"]
2019-03-04T21:34:39.902 INFO  c.h.s.i.LoginInterceptor 25 - =====>>>>>使用fixedRate1551706479902
2019-03-04T21:34:39.914 INFO  c.h.s.i.LoginInterceptor 31 - =====>>>>>fixedDelay1551706479914
2019-03-04T21:34:39.980 INFO  o.s.b.w.e.t.TomcatWebServer 204 - Tomcat started on port(s): 8080 (http) with context path ''
2019-03-04T21:34:40.128 INFO  c.h.s.DemoApplication 59 - Started DemoApplication in 5.415 seconds (JVM running for 7.91)
2019-03-04T21:34:40.130 INFO  c.h.s.i.LoginInterceptor 19 - =====>>>>>使用cron  1551706480130
2019-03-04T21:34:40.897 INFO  c.h.s.i.LoginInterceptor 25 - =====>>>>>使用fixedRate1551706480897
2019-03-04T21:34:40.898 INFO  c.h.s.i.LoginInterceptor 38 - =====>>>>>initialDelay,fixedDelay1551706480898
2019-03-04T21:34:41.898 INFO  c.h.s.i.LoginInterceptor 25 - =====>>>>>使用fixedRate1551706481898
2019-03-04T21:34:42.897 INFO  c.h.s.i.LoginInterceptor 25 - =====>>>>>使用fixedRate1551706482897
2019-03-04T21:34:43.897 INFO  c.h.s.i.LoginInterceptor 25 - =====>>>>>使用fixedRate1551706483897
2019-03-04T21:34:44.898 INFO  c.h.s.i.LoginInterceptor 25 - =====>>>>>使用fixedRate1551706484898
2019-03-04T21:34:44.915 INFO  c.h.s.i.LoginInterceptor 31 - =====>>>>>fixedDelay1551706484915
2019-03-04T21:34:45.002 INFO  c.h.s.i.LoginInterceptor 19 - =====>>>>>使用cron  1551706485002
2019-03-04T21:34:45.898 INFO  c.h.s.i.LoginInterceptor 25 - =====>>>>>使用fixedRate1551706485898
2019-03-04T21:34:45.899 INFO  c.h.s.i.LoginInterceptor 38 - =====>>>>>initialDelay,fixedDelay1551706485899
2019-03-04T21:34:46.898 INFO  c.h.s.i.LoginInterceptor 25 - =====>>>>>使用fixedRate1551706486898
2019-03-04T21:34:47.899 INFO  c.h.s.i.LoginInterceptor 25 - =====>>>>>使用fixedRate1551706487899
2019-03-04T21:34:48.897 INFO  c.h.s.i.LoginInterceptor 25 - =====>>>>>使用fixedRate1551706488897
2019-03-04T21:34:49.897 INFO  c.h.s.i.LoginInterceptor 25 - =====>>>>>使用fixedRate1551706489897
2019-03-04T21:34:49.915 INFO  c.h.s.i.LoginInterceptor 31 - =====>>>>>fixedDelay1551706489915
2019-03-04T21:34:50.048 INFO  c.h.s.i.LoginInterceptor 19 - =====>>>>>使用cron  1551706490048
2019-03-04T21:34:50.899 INFO  c.h.s.i.LoginInterceptor 25 - =====>>>>>使用fixedRate1551706490899
2019-03-04T21:34:50.902 INFO  c.h.s.i.LoginInterceptor 38 - =====>>>>>initialDelay,fixedDelay1551706490902
2019-03-04T21:34:51.897 INFO  c.h.s.i.LoginInterceptor 25 - =====>>>>>使用fixedRate1551706491897
2019-03-04T21:34:52.897 INFO  c.h.s.i.LoginInterceptor 25 - =====>>>>>使用fixedRate1551706492897
2019-03-04T21:34:53.899 INFO  c.h.s.i.LoginInterceptor 25 - =====>>>>>使用fixedRate1551706493899
2019-03-04T21:34:54.899 INFO  c.h.s.i.LoginInterceptor 25 - =====>>>>>使用fixedRate1551706494899
2019-03-04T21:34:54.916 INFO  c.h.s.i.LoginInterceptor 31 - =====>>>>>fixedDelay1551706494916
2019-03-04T21:34:55.001 INFO  c.h.s.i.LoginInterceptor 19 - =====>>>>>使用cron  1551706495001
2019-03-04T21:34:55.897 INFO  c.h.s.i.LoginInterceptor 25 - =====>>>>>使用fixedRate1551706495897
2019-03-04T21:34:55.902 INFO  c.h.s.i.LoginInterceptor 38 - =====>>>>>initialDelay,fixedDelay1551706495902
2019-03-04T21:34:56.898 INFO  c.h.s.i.LoginInterceptor 25 - =====>>>>>使用fixedRate1551706496898
2019-03-04T21:34:57.897 INFO  c.h.s.i.LoginInterceptor 25 - =====>>>>>使用fixedRate1551706497897
2019-03-04T21:34:58.897 INFO  c.h.s.i.LoginInterceptor 25 - =====>>>>>使用fixedRate1551706498897
2019-03-04T21:34:59.899 INFO  c.h.s.i.LoginInterceptor 25 - =====>>>>>使用fixedRate1551706499899
2019-03-04T21:34:59.917 INFO  c.h.s.i.LoginInterceptor 31 - =====>>>>>fixedDelay1551706499917
2019-03-04T21:35:00.002 INFO  c.h.s.i.LoginInterceptor 19 - =====>>>>>使用cron  1551706500002
2019-03-04T21:35:00.897 INFO  c.h.s.i.LoginInterceptor 25 - =====>>>>>使用fixedRate1551706500897
2019-03-04T21:35:00.902 INFO  c.h.s.i.LoginInterceptor 38 - =====>>>>>initialDelay,fixedDelay1551706500902
2019-03-04T21:35:01.897 INFO  c.h.s.i.LoginInterceptor 25 - =====>>>>>使用fixedRate1551706501897
2019-03-04T21:35:02.898 INFO  c.h.s.i.LoginInterceptor 25 - =====>>>>>使用fixedRate1551706502898
2019-03-04T21:35:03.897 INFO  c.h.s.i.LoginInterceptor 25 - =====>>>>>使用fixedRate1551706503897
2019-03-04T21:35:04.898 INFO  c.h.s.i.LoginInterceptor 25 - =====>>>>>使用fixedRate1551706504898
2019-03-04T21:35:04.917 INFO  c.h.s.i.LoginInterceptor 31 - =====>>>>>fixedDelay1551706504917
2019-03-04T21:35:05.002 INFO  c.h.s.i.LoginInterceptor 19 - =====>>>>>使用cron  1551706505002
2019-03-04T21:35:05.897 INFO  c.h.s.i.LoginInterceptor 25 - =====>>>>>使用fixedRate1551706505897
2019-03-04T21:35:05.904 INFO  c.h.s.i.LoginInterceptor 38 - =====>>>>>initialDelay,fixedDelay1551706505904
2019-03-04T21:35:06.897 INFO  c.h.s.i.LoginInterceptor 25 - =====>>>>>使用fixedRate1551706506897
2019-03-04T21:35:07.897 INFO  c.h.s.i.LoginInterceptor 25 - =====>>>>>使用fixedRate1551706507897
2019-03-04T21:35:08.898 INFO  c.h.s.i.LoginInterceptor 25 - =====>>>>>使用fixedRate1551706508898
2019-03-04T21:35:09.897 INFO  c.h.s.i.LoginInterceptor 25 - =====>>>>>使用fixedRate1551706509897
2019-03-04T21:35:09.917 INFO  c.h.s.i.LoginInterceptor 31 - =====>>>>>fixedDelay1551706509917
2019-03-04T21:35:10.001 INFO  c.h.s.i.LoginInterceptor 19 - =====>>>>>使用cron  1551706510001
2019-03-04T21:35:10.898 INFO  c.h.s.i.LoginInterceptor 25 - =====>>>>>使用fixedRate1551706510898
2019-03-04T21:35:10.904 INFO  c.h.s.i.LoginInterceptor 38 - =====>>>>>initialDelay,fixedDelay1551706510904
2019-03-04T21:35:11.897 INFO  c.h.s.i.LoginInterceptor 25 - =====>>>>>使用fixedRate1551706511897
2019-03-04T21:35:12.897 INFO  c.h.s.i.LoginInterceptor 25 - =====>>>>>使用fixedRate1551706512897
2019-03-04T21:36:40.560 INFO  c.h.s.DemoApplication 50 - Starting DemoApplication on PC-201708121922 with PID 4824 (D:\projects\spring\springboot_demo\target\classes started by Administrator in D:\projects\spring\springboot_demo)
2019-03-04T21:36:40.566 INFO  c.h.s.DemoApplication 679 - The following profiles are active: prod
2019-03-04T21:36:40.675 INFO  o.s.b.d.e.DevToolsPropertyDefaultsPostProcessor 227 - Devtools property defaults active! Set 'spring.devtools.add-properties' to 'false' to disable
2019-03-04T21:36:40.676 INFO  o.s.b.d.e.DevToolsPropertyDefaultsPostProcessor 227 - For additional web related logging consider setting the 'logging.level.web' property to 'DEBUG'
2019-03-04T21:36:42.962 INFO  o.s.b.w.e.t.TomcatWebServer 90 - Tomcat initialized with port(s): 8080 (http)
2019-03-04T21:36:42.986 INFO  o.a.c.h.Http11NioProtocol 173 - Initializing ProtocolHandler ["http-nio-8080"]
2019-03-04T21:36:43.003 INFO  o.a.c.c.StandardService 173 - Starting service [Tomcat]
2019-03-04T21:36:43.004 INFO  o.a.c.c.StandardEngine 173 - Starting Servlet engine: [Apache Tomcat/9.0.16]
2019-03-04T21:36:43.026 INFO  o.a.c.c.AprLifecycleListener 173 - The APR based Apache Tomcat Native library which allows optimal performance in production environments was not found on the java.library.path: [F:\jdk8\jdk\bin;C:\Windows\Sun\Java\bin;C:\Windows\system32;C:\Windows;C:\ProgramData\Oracle\Java\javapath;C:\Windows\system32;C:\Windows;C:\Windows\System32\Wbem;C:\Windows\System32\WindowsPowerShell\v1.0\;F:\jdk8\jdk\bin;F:\jdk8\jdk\jre\bin;F:\apache-maven-3.5.0\bin;C:\Program Files\TortoiseSVN\bin;F:\Git\cmd;F:\scala-2\bin;F:\scala-2\jre\bin;F:\sbt1.0.3\bin;F:\sbt1.0.3\bin;;.]
2019-03-04T21:36:43.133 INFO  o.a.c.c.C.[.[.[/] 173 - Initializing Spring embedded WebApplicationContext
2019-03-04T21:36:43.134 INFO  o.s.w.c.ContextLoader 296 - Root WebApplicationContext: initialization completed in 2458 ms
2019-03-04T21:36:43.515 INFO  o.s.s.c.ThreadPoolTaskExecutor 171 - Initializing ExecutorService 'applicationTaskExecutor'
2019-03-04T21:36:43.786 INFO  o.s.s.c.ThreadPoolTaskScheduler 171 - Initializing ExecutorService 'taskScheduler'
2019-03-04T21:36:43.856 INFO  o.s.b.d.a.OptionalLiveReloadServer 57 - LiveReload server is running on port 35729
2019-03-04T21:36:43.897 INFO  c.h.s.i.LoginInterceptor 25 - =====>>>>>使用fixedRate1551706603897
2019-03-04T21:36:43.898 INFO  c.h.s.i.LoginInterceptor 31 - =====>>>>>fixedDelay1551706603898
2019-03-04T21:36:43.899 INFO  o.a.c.h.Http11NioProtocol 173 - Starting ProtocolHandler ["http-nio-8080"]
2019-03-04T21:36:43.931 INFO  o.s.b.w.e.t.TomcatWebServer 204 - Tomcat started on port(s): 8080 (http) with context path ''
2019-03-04T21:36:43.935 INFO  c.h.s.DemoApplication 59 - Started DemoApplication in 4.194 seconds (JVM running for 5.705)
2019-03-04T21:36:44.898 INFO  c.h.s.i.LoginInterceptor 25 - =====>>>>>使用fixedRate1551706604898
2019-03-04T21:36:54.900 INFO  c.h.s.i.LoginInterceptor 39 - =====>>>>>initialDelay,fixedDelay1551706614900
2019-03-04T21:36:54.901 INFO  c.h.s.i.LoginInterceptor 19 - =====>>>>>使用cron  1551706614901
2019-03-04T21:36:54.902 INFO  c.h.s.i.LoginInterceptor 25 - =====>>>>>使用fixedRate1551706614902
2019-03-04T21:36:54.903 INFO  c.h.s.i.LoginInterceptor 25 - =====>>>>>使用fixedRate1551706614903
2019-03-04T21:36:54.903 INFO  c.h.s.i.LoginInterceptor 25 - =====>>>>>使用fixedRate1551706614903
2019-03-04T21:36:54.904 INFO  c.h.s.i.LoginInterceptor 25 - =====>>>>>使用fixedRate1551706614904
2019-03-04T21:36:54.904 INFO  c.h.s.i.LoginInterceptor 31 - =====>>>>>fixedDelay1551706614904
2019-03-04T21:36:54.905 INFO  c.h.s.i.LoginInterceptor 25 - =====>>>>>使用fixedRate1551706614905
2019-03-04T21:36:54.906 INFO  c.h.s.i.LoginInterceptor 25 - =====>>>>>使用fixedRate1551706614906
2019-03-04T21:36:54.906 INFO  c.h.s.i.LoginInterceptor 25 - =====>>>>>使用fixedRate1551706614906
2019-03-04T21:36:54.907 INFO  c.h.s.i.LoginInterceptor 25 - =====>>>>>使用fixedRate1551706614907
2019-03-04T21:36:54.908 INFO  c.h.s.i.LoginInterceptor 25 - =====>>>>>使用fixedRate1551706614908
2019-03-04T21:36:54.909 INFO  c.h.s.i.LoginInterceptor 25 - =====>>>>>使用fixedRate1551706614909
2019-03-04T21:36:55.001 INFO  c.h.s.i.LoginInterceptor 19 - =====>>>>>使用cron  1551706615001
2019-03-04T21:36:55.897 INFO  c.h.s.i.LoginInterceptor 25 - =====>>>>>使用fixedRate1551706615897
2019-03-04T21:36:56.899 INFO  c.h.s.i.LoginInterceptor 25 - =====>>>>>使用fixedRate1551706616899
2019-03-04T21:36:57.898 INFO  c.h.s.i.LoginInterceptor 25 - =====>>>>>使用fixedRate1551706617898
2019-03-04T21:36:58.898 INFO  c.h.s.i.LoginInterceptor 25 - =====>>>>>使用fixedRate1551706618898
2019-03-04T21:36:59.898 INFO  c.h.s.i.LoginInterceptor 25 - =====>>>>>使用fixedRate1551706619898
2019-03-04T21:37:34.230 INFO  c.h.s.DemoApplication 50 - Starting DemoApplication on PC-201708121922 with PID 3644 (D:\projects\spring\springboot_demo\target\classes started by Administrator in D:\projects\spring\springboot_demo)
2019-03-04T21:37:34.237 INFO  c.h.s.DemoApplication 679 - The following profiles are active: prod
2019-03-04T21:37:34.451 INFO  o.s.b.d.e.DevToolsPropertyDefaultsPostProcessor 227 - Devtools property defaults active! Set 'spring.devtools.add-properties' to 'false' to disable
2019-03-04T21:37:34.452 INFO  o.s.b.d.e.DevToolsPropertyDefaultsPostProcessor 227 - For additional web related logging consider setting the 'logging.level.web' property to 'DEBUG'
2019-03-04T21:37:36.873 INFO  o.s.b.w.e.t.TomcatWebServer 90 - Tomcat initialized with port(s): 8080 (http)
2019-03-04T21:37:36.894 INFO  o.a.c.h.Http11NioProtocol 173 - Initializing ProtocolHandler ["http-nio-8080"]
2019-03-04T21:37:36.911 INFO  o.a.c.c.StandardService 173 - Starting service [Tomcat]
2019-03-04T21:37:36.912 INFO  o.a.c.c.StandardEngine 173 - Starting Servlet engine: [Apache Tomcat/9.0.16]
2019-03-04T21:37:36.923 INFO  o.a.c.c.AprLifecycleListener 173 - The APR based Apache Tomcat Native library which allows optimal performance in production environments was not found on the java.library.path: [F:\jdk8\jdk\bin;C:\Windows\Sun\Java\bin;C:\Windows\system32;C:\Windows;C:\ProgramData\Oracle\Java\javapath;C:\Windows\system32;C:\Windows;C:\Windows\System32\Wbem;C:\Windows\System32\WindowsPowerShell\v1.0\;F:\jdk8\jdk\bin;F:\jdk8\jdk\jre\bin;F:\apache-maven-3.5.0\bin;C:\Program Files\TortoiseSVN\bin;F:\Git\cmd;F:\scala-2\bin;F:\scala-2\jre\bin;F:\sbt1.0.3\bin;F:\sbt1.0.3\bin;;.]
2019-03-04T21:37:37.118 INFO  o.a.c.c.C.[.[.[/] 173 - Initializing Spring embedded WebApplicationContext
2019-03-04T21:37:37.120 INFO  o.s.w.c.ContextLoader 296 - Root WebApplicationContext: initialization completed in 2668 ms
2019-03-04T21:37:37.572 INFO  o.s.s.c.ThreadPoolTaskExecutor 171 - Initializing ExecutorService 'applicationTaskExecutor'
2019-03-04T21:37:37.873 INFO  o.s.s.c.ThreadPoolTaskScheduler 171 - Initializing ExecutorService 'taskScheduler'
2019-03-04T21:37:37.922 INFO  o.s.b.d.a.OptionalLiveReloadServer 57 - LiveReload server is running on port 35729
2019-03-04T21:37:37.962 INFO  c.h.s.i.LoginInterceptor 25 - =====>>>>>使用fixedRate1551706657962
2019-03-04T21:37:37.965 INFO  o.a.c.h.Http11NioProtocol 173 - Starting ProtocolHandler ["http-nio-8080"]
2019-03-04T21:37:37.964 INFO  c.h.s.i.LoginInterceptor 31 - =====>>>>>fixedDelay1551706657964
2019-03-04T21:37:38.004 INFO  o.s.b.w.e.t.TomcatWebServer 204 - Tomcat started on port(s): 8080 (http) with context path ''
2019-03-04T21:37:38.009 INFO  c.h.s.DemoApplication 59 - Started DemoApplication in 4.505 seconds (JVM running for 6.116)
2019-03-04T21:38:31.613 INFO  c.h.s.DemoApplication 50 - Starting DemoApplication on PC-201708121922 with PID 6476 (D:\projects\spring\springboot_demo\target\classes started by Administrator in D:\projects\spring\springboot_demo)
2019-03-04T21:38:31.624 INFO  c.h.s.DemoApplication 679 - The following profiles are active: prod
2019-03-04T21:38:31.746 INFO  o.s.b.d.e.DevToolsPropertyDefaultsPostProcessor 227 - Devtools property defaults active! Set 'spring.devtools.add-properties' to 'false' to disable
2019-03-04T21:38:31.747 INFO  o.s.b.d.e.DevToolsPropertyDefaultsPostProcessor 227 - For additional web related logging consider setting the 'logging.level.web' property to 'DEBUG'
2019-03-04T21:38:34.676 INFO  o.s.b.w.e.t.TomcatWebServer 90 - Tomcat initialized with port(s): 8080 (http)
2019-03-04T21:38:34.698 INFO  o.a.c.h.Http11NioProtocol 173 - Initializing ProtocolHandler ["http-nio-8080"]
2019-03-04T21:38:34.713 INFO  o.a.c.c.StandardService 173 - Starting service [Tomcat]
2019-03-04T21:38:34.713 INFO  o.a.c.c.StandardEngine 173 - Starting Servlet engine: [Apache Tomcat/9.0.16]
2019-03-04T21:38:34.724 INFO  o.a.c.c.AprLifecycleListener 173 - The APR based Apache Tomcat Native library which allows optimal performance in production environments was not found on the java.library.path: [F:\jdk8\jdk\bin;C:\Windows\Sun\Java\bin;C:\Windows\system32;C:\Windows;C:\ProgramData\Oracle\Java\javapath;C:\Windows\system32;C:\Windows;C:\Windows\System32\Wbem;C:\Windows\System32\WindowsPowerShell\v1.0\;F:\jdk8\jdk\bin;F:\jdk8\jdk\jre\bin;F:\apache-maven-3.5.0\bin;C:\Program Files\TortoiseSVN\bin;F:\Git\cmd;F:\scala-2\bin;F:\scala-2\jre\bin;F:\sbt1.0.3\bin;F:\sbt1.0.3\bin;;.]
2019-03-04T21:38:34.921 INFO  o.a.c.c.C.[.[.[/] 173 - Initializing Spring embedded WebApplicationContext
2019-03-04T21:38:34.921 INFO  o.s.w.c.ContextLoader 296 - Root WebApplicationContext: initialization completed in 3174 ms
2019-03-04T21:38:35.420 INFO  o.s.s.c.ThreadPoolTaskExecutor 171 - Initializing ExecutorService 'applicationTaskExecutor'
2019-03-04T21:38:35.861 INFO  o.s.s.c.ThreadPoolTaskScheduler 171 - Initializing ExecutorService 'taskScheduler'
2019-03-04T21:38:35.926 INFO  o.s.b.d.a.OptionalLiveReloadServer 57 - LiveReload server is running on port 35729
2019-03-04T21:38:35.978 INFO  o.a.c.h.Http11NioProtocol 173 - Starting ProtocolHandler ["http-nio-8080"]
2019-03-04T21:38:36.123 INFO  c.h.s.i.LoginInterceptor 25 - =====>>>>>使用fixedRate1551706716123
2019-03-04T21:38:36.127 INFO  c.h.s.i.LoginInterceptor 31 - =====>>>>>fixedDelay1551706716127
2019-03-04T21:38:36.169 INFO  o.s.b.w.e.t.TomcatWebServer 204 - Tomcat started on port(s): 8080 (http) with context path ''
2019-03-04T21:38:36.174 INFO  c.h.s.DemoApplication 59 - Started DemoApplication in 5.258 seconds (JVM running for 8.905)
2019-03-04T21:38:40.000 INFO  c.h.s.i.LoginInterceptor 19 - =====>>>>>使用cron  1551706720000
2019-03-04T21:38:40.975 INFO  c.h.s.i.LoginInterceptor 25 - =====>>>>>使用fixedRate1551706720975
2019-03-04T21:38:41.128 INFO  c.h.s.i.LoginInterceptor 31 - =====>>>>>fixedDelay1551706721128
2019-03-04T21:38:45.002 INFO  c.h.s.i.LoginInterceptor 19 - =====>>>>>使用cron  1551706725002
2019-03-04T21:38:45.975 INFO  c.h.s.i.LoginInterceptor 25 - =====>>>>>使用fixedRate1551706725975
2019-03-04T21:38:46.130 INFO  c.h.s.i.LoginInterceptor 31 - =====>>>>>fixedDelay1551706726130
2019-03-04T21:38:50.001 INFO  c.h.s.i.LoginInterceptor 19 - =====>>>>>使用cron  1551706730001
2019-03-04T21:38:50.976 INFO  c.h.s.i.LoginInterceptor 25 - =====>>>>>使用fixedRate1551706730976
2019-03-04T21:38:51.131 INFO  c.h.s.i.LoginInterceptor 31 - =====>>>>>fixedDelay1551706731131
2019-03-04T21:39:26.339 INFO  c.h.s.DemoApplication 50 - Starting DemoApplication on PC-201708121922 with PID 7960 (D:\projects\spring\springboot_demo\target\classes started by Administrator in D:\projects\spring\springboot_demo)
2019-03-04T21:39:26.345 INFO  c.h.s.DemoApplication 679 - The following profiles are active: prod
2019-03-04T21:39:26.534 INFO  o.s.b.d.e.DevToolsPropertyDefaultsPostProcessor 227 - Devtools property defaults active! Set 'spring.devtools.add-properties' to 'false' to disable
2019-03-04T21:39:26.535 INFO  o.s.b.d.e.DevToolsPropertyDefaultsPostProcessor 227 - For additional web related logging consider setting the 'logging.level.web' property to 'DEBUG'
2019-03-04T21:39:28.717 INFO  o.s.b.w.e.t.TomcatWebServer 90 - Tomcat initialized with port(s): 8080 (http)
2019-03-04T21:39:28.738 INFO  o.a.c.h.Http11NioProtocol 173 - Initializing ProtocolHandler ["http-nio-8080"]
2019-03-04T21:39:28.752 INFO  o.a.c.c.StandardService 173 - Starting service [Tomcat]
2019-03-04T21:39:28.753 INFO  o.a.c.c.StandardEngine 173 - Starting Servlet engine: [Apache Tomcat/9.0.16]
2019-03-04T21:39:28.762 INFO  o.a.c.c.AprLifecycleListener 173 - The APR based Apache Tomcat Native library which allows optimal performance in production environments was not found on the java.library.path: [F:\jdk8\jdk\bin;C:\Windows\Sun\Java\bin;C:\Windows\system32;C:\Windows;C:\ProgramData\Oracle\Java\javapath;C:\Windows\system32;C:\Windows;C:\Windows\System32\Wbem;C:\Windows\System32\WindowsPowerShell\v1.0\;F:\jdk8\jdk\bin;F:\jdk8\jdk\jre\bin;F:\apache-maven-3.5.0\bin;C:\Program Files\TortoiseSVN\bin;F:\Git\cmd;F:\scala-2\bin;F:\scala-2\jre\bin;F:\sbt1.0.3\bin;F:\sbt1.0.3\bin;;.]
2019-03-04T21:39:28.869 INFO  o.a.c.c.C.[.[.[/] 173 - Initializing Spring embedded WebApplicationContext
2019-03-04T21:39:28.870 INFO  o.s.w.c.ContextLoader 296 - Root WebApplicationContext: initialization completed in 2335 ms
2019-03-04T21:39:29.293 INFO  o.s.s.c.ThreadPoolTaskExecutor 171 - Initializing ExecutorService 'applicationTaskExecutor'
2019-03-04T21:39:29.622 INFO  o.s.s.c.ThreadPoolTaskScheduler 171 - Initializing ExecutorService 'taskScheduler'
2019-03-04T21:39:29.680 INFO  o.s.b.d.a.OptionalLiveReloadServer 57 - LiveReload server is running on port 35729
2019-03-04T21:39:29.736 INFO  o.a.c.h.Http11NioProtocol 173 - Starting ProtocolHandler ["http-nio-8080"]
2019-03-04T21:39:29.750 INFO  c.h.s.i.LoginInterceptor 25 - =====>>>>>使用fixedRate1551706769750
2019-03-04T21:39:29.750 INFO  c.h.s.i.LoginInterceptor 31 - =====>>>>>fixedDelay1551706769750
2019-03-04T21:39:29.779 INFO  o.s.b.w.e.t.TomcatWebServer 204 - Tomcat started on port(s): 8080 (http) with context path ''
2019-03-04T21:39:29.898 INFO  c.h.s.DemoApplication 59 - Started DemoApplication in 4.172 seconds (JVM running for 5.85)
2019-03-04T21:39:30.002 INFO  c.h.s.i.LoginInterceptor 19 - =====>>>>>使用cron  1551706770002
2019-03-04T21:42:04.151 INFO  c.h.s.DemoApplication 50 - Starting DemoApplication on PC-201708121922 with PID 2776 (D:\projects\spring\springboot_demo\target\classes started by Administrator in D:\projects\spring\springboot_demo)
2019-03-04T21:42:04.157 INFO  c.h.s.DemoApplication 679 - The following profiles are active: prod
2019-03-04T21:42:04.268 INFO  o.s.b.d.e.DevToolsPropertyDefaultsPostProcessor 227 - Devtools property defaults active! Set 'spring.devtools.add-properties' to 'false' to disable
2019-03-04T21:42:04.268 INFO  o.s.b.d.e.DevToolsPropertyDefaultsPostProcessor 227 - For additional web related logging consider setting the 'logging.level.web' property to 'DEBUG'
2019-03-04T21:42:06.694 INFO  o.s.b.w.e.t.TomcatWebServer 90 - Tomcat initialized with port(s): 8080 (http)
2019-03-04T21:42:06.711 INFO  o.a.c.h.Http11NioProtocol 173 - Initializing ProtocolHandler ["http-nio-8080"]
2019-03-04T21:42:06.724 INFO  o.a.c.c.StandardService 173 - Starting service [Tomcat]
2019-03-04T21:42:06.725 INFO  o.a.c.c.StandardEngine 173 - Starting Servlet engine: [Apache Tomcat/9.0.16]
2019-03-04T21:42:06.733 INFO  o.a.c.c.AprLifecycleListener 173 - The APR based Apache Tomcat Native library which allows optimal performance in production environments was not found on the java.library.path: [F:\jdk8\jdk\bin;C:\Windows\Sun\Java\bin;C:\Windows\system32;C:\Windows;C:\ProgramData\Oracle\Java\javapath;C:\Windows\system32;C:\Windows;C:\Windows\System32\Wbem;C:\Windows\System32\WindowsPowerShell\v1.0\;F:\jdk8\jdk\bin;F:\jdk8\jdk\jre\bin;F:\apache-maven-3.5.0\bin;C:\Program Files\TortoiseSVN\bin;F:\Git\cmd;F:\scala-2\bin;F:\scala-2\jre\bin;F:\sbt1.0.3\bin;F:\sbt1.0.3\bin;;.]
2019-03-04T21:42:06.839 INFO  o.a.c.c.C.[.[.[/] 173 - Initializing Spring embedded WebApplicationContext
2019-03-04T21:42:06.839 INFO  o.s.w.c.ContextLoader 296 - Root WebApplicationContext: initialization completed in 2570 ms
2019-03-04T21:42:07.234 INFO  o.s.s.c.ThreadPoolTaskExecutor 171 - Initializing ExecutorService 'applicationTaskExecutor'
2019-03-04T21:42:07.526 INFO  o.s.s.c.ThreadPoolTaskScheduler 171 - Initializing ExecutorService 'taskScheduler'
2019-03-04T21:42:07.579 INFO  o.s.b.d.a.OptionalLiveReloadServer 57 - LiveReload server is running on port 35729
2019-03-04T21:42:07.620 INFO  o.a.c.h.Http11NioProtocol 173 - Starting ProtocolHandler ["http-nio-8080"]
2019-03-04T21:42:07.631 INFO  c.h.s.i.LoginInterceptor 25 - =====>>>>>使用fixedRate1551706927630
2019-03-04T21:42:07.662 INFO  o.s.b.w.e.t.TomcatWebServer 204 - Tomcat started on port(s): 8080 (http) with context path ''
2019-03-04T21:42:07.667 INFO  c.h.s.DemoApplication 59 - Started DemoApplication in 4.231 seconds (JVM running for 5.941)
2019-03-04T21:42:12.630 INFO  c.h.s.i.LoginInterceptor 32 - =====>>>>>fixedDelay1551706932630
2019-03-04T21:42:12.633 INFO  c.h.s.i.LoginInterceptor 19 - =====>>>>>使用cron  1551706932633
2019-03-04T21:42:12.634 INFO  c.h.s.i.LoginInterceptor 25 - =====>>>>>使用fixedRate1551706932634
2019-03-04T21:42:15.001 INFO  c.h.s.i.LoginInterceptor 19 - =====>>>>>使用cron  1551706935001
2019-03-04T21:42:17.618 INFO  c.h.s.i.LoginInterceptor 25 - =====>>>>>使用fixedRate1551706937618
2019-03-04T21:42:22.632 INFO  c.h.s.i.LoginInterceptor 32 - =====>>>>>fixedDelay1551706942632
2019-03-04T21:42:22.633 INFO  c.h.s.i.LoginInterceptor 40 - =====>>>>>initialDelay,fixedDelay1551706942633
2019-03-04T21:42:22.634 INFO  c.h.s.i.LoginInterceptor 19 - =====>>>>>使用cron  1551706942634
2019-03-04T21:42:22.634 INFO  c.h.s.i.LoginInterceptor 25 - =====>>>>>使用fixedRate1551706942634
2019-03-04T21:42:25.000 INFO  c.h.s.i.LoginInterceptor 19 - =====>>>>>使用cron  1551706945000
2019-03-04T21:42:27.619 INFO  c.h.s.i.LoginInterceptor 25 - =====>>>>>使用fixedRate1551706947619
2019-03-04T21:42:32.633 INFO  c.h.s.i.LoginInterceptor 40 - =====>>>>>initialDelay,fixedDelay1551706952633
2019-03-04T21:42:32.634 INFO  c.h.s.i.LoginInterceptor 32 - =====>>>>>fixedDelay1551706952634
2019-03-04T21:42:32.634 INFO  c.h.s.i.LoginInterceptor 19 - =====>>>>>使用cron  1551706952634
2019-03-04T21:42:32.634 INFO  c.h.s.i.LoginInterceptor 25 - =====>>>>>使用fixedRate1551706952634
2019-03-04T21:42:35.002 INFO  c.h.s.i.LoginInterceptor 19 - =====>>>>>使用cron  1551706955002
2019-03-04T21:42:37.618 INFO  c.h.s.i.LoginInterceptor 25 - =====>>>>>使用fixedRate1551706957618
2019-03-04T21:42:42.635 INFO  c.h.s.i.LoginInterceptor 40 - =====>>>>>initialDelay,fixedDelay1551706962635
2019-03-04T21:42:42.636 INFO  c.h.s.i.LoginInterceptor 32 - =====>>>>>fixedDelay1551706962636
2019-03-04T21:42:42.636 INFO  c.h.s.i.LoginInterceptor 19 - =====>>>>>使用cron  1551706962636
2019-03-04T21:42:42.637 INFO  c.h.s.i.LoginInterceptor 25 - =====>>>>>使用fixedRate1551706962637
2019-03-04T21:42:44.251 INFO  o.s.s.c.ThreadPoolTaskScheduler 208 - Shutting down ExecutorService 'taskScheduler'
2019-03-04T21:42:44.253 INFO  o.s.s.c.ThreadPoolTaskExecutor 208 - Shutting down ExecutorService 'applicationTaskExecutor'
2019-03-04T21:42:44.291 ERROR o.s.a.i.SimpleAsyncUncaughtExceptionHandler 39 - Unexpected exception occurred invoking async method: public void com.hamlt.springboot.scheduler.Task1.scheduled3() throws java.lang.InterruptedException
java.lang.InterruptedException: sleep interrupted
	at java.lang.Thread.sleep(Native Method)
	at com.hamlt.springboot.scheduler.Task1.scheduled3(Task1.java:39)
	at com.hamlt.springboot.scheduler.Task1$$FastClassBySpringCGLIB$$c92dcfa9.invoke(<generated>)
	at org.springframework.cglib.proxy.MethodProxy.invoke(MethodProxy.java:218)
	at org.springframework.aop.framework.CglibAopProxy$CglibMethodInvocation.invokeJoinpoint(CglibAopProxy.java:749)
	at org.springframework.aop.framework.ReflectiveMethodInvocation.proceed(ReflectiveMethodInvocation.java:163)
	at org.springframework.aop.interceptor.AsyncExecutionInterceptor.lambda$invoke$0(AsyncExecutionInterceptor.java:115)
	at org.springframework.aop.interceptor.AsyncExecutionInterceptor$$Lambda$412/610758503.call(Unknown Source)
	at java.util.concurrent.FutureTask.run(FutureTask.java:266)
	at java.util.concurrent.ThreadPoolExecutor.runWorker(ThreadPoolExecutor.java:1142)
	at java.util.concurrent.ThreadPoolExecutor$Worker.run(ThreadPoolExecutor.java:617)
	at java.lang.Thread.run(Thread.java:745)
2019-03-04T21:42:45.165 INFO  c.h.s.DemoApplication 50 - Starting DemoApplication on PC-201708121922 with PID 2776 (D:\projects\spring\springboot_demo\target\classes started by Administrator in D:\projects\spring\springboot_demo)
2019-03-04T21:42:45.166 INFO  c.h.s.DemoApplication 679 - The following profiles are active: prod
2019-03-04T21:42:45.977 INFO  o.s.b.w.e.t.TomcatWebServer 90 - Tomcat initialized with port(s): 8080 (http)
2019-03-04T21:42:45.979 INFO  o.a.c.h.Http11NioProtocol 173 - Initializing ProtocolHandler ["http-nio-8080"]
2019-03-04T21:42:45.980 INFO  o.a.c.c.StandardService 173 - Starting service [Tomcat]
2019-03-04T21:42:45.981 INFO  o.a.c.c.StandardEngine 173 - Starting Servlet engine: [Apache Tomcat/9.0.16]
2019-03-04T21:42:46.083 INFO  o.a.c.c.C.[.[.[/] 173 - Initializing Spring embedded WebApplicationContext
2019-03-04T21:42:46.084 INFO  o.s.w.c.ContextLoader 296 - Root WebApplicationContext: initialization completed in 905 ms
2019-03-04T21:42:46.344 INFO  o.s.s.c.ThreadPoolTaskExecutor 171 - Initializing ExecutorService 'applicationTaskExecutor'
2019-03-04T21:42:46.588 INFO  o.s.s.c.ThreadPoolTaskScheduler 171 - Initializing ExecutorService 'taskScheduler'
2019-03-04T21:42:46.674 INFO  o.s.b.d.a.OptionalLiveReloadServer 57 - LiveReload server is running on port 35729
2019-03-04T21:42:46.797 INFO  o.a.c.h.Http11NioProtocol 173 - Starting ProtocolHandler ["http-nio-8080"]
2019-03-04T21:42:46.825 INFO  o.s.b.w.e.t.TomcatWebServer 204 - Tomcat started on port(s): 8080 (http) with context path ''
2019-03-04T21:42:46.828 INFO  c.h.s.DemoApplication 59 - Started DemoApplication in 1.734 seconds (JVM running for 45.102)
2019-03-04T21:42:46.833 INFO  o.s.b.d.a.ConditionEvaluationDeltaLoggingListener 70 - Condition evaluation unchanged
2019-03-04T21:42:58.624 INFO  c.h.s.DemoApplication 50 - Starting DemoApplication on PC-201708121922 with PID 6060 (D:\projects\spring\springboot_demo\target\classes started by Administrator in D:\projects\spring\springboot_demo)
2019-03-04T21:42:58.630 INFO  c.h.s.DemoApplication 679 - The following profiles are active: prod
2019-03-04T21:42:58.781 INFO  o.s.b.d.e.DevToolsPropertyDefaultsPostProcessor 227 - Devtools property defaults active! Set 'spring.devtools.add-properties' to 'false' to disable
2019-03-04T21:42:58.781 INFO  o.s.b.d.e.DevToolsPropertyDefaultsPostProcessor 227 - For additional web related logging consider setting the 'logging.level.web' property to 'DEBUG'
2019-03-04T21:43:01.312 INFO  o.s.b.w.e.t.TomcatWebServer 90 - Tomcat initialized with port(s): 8080 (http)
2019-03-04T21:43:01.329 INFO  o.a.c.h.Http11NioProtocol 173 - Initializing ProtocolHandler ["http-nio-8080"]
2019-03-04T21:43:01.341 INFO  o.a.c.c.StandardService 173 - Starting service [Tomcat]
2019-03-04T21:43:01.341 INFO  o.a.c.c.StandardEngine 173 - Starting Servlet engine: [Apache Tomcat/9.0.16]
2019-03-04T21:43:01.349 INFO  o.a.c.c.AprLifecycleListener 173 - The APR based Apache Tomcat Native library which allows optimal performance in production environments was not found on the java.library.path: [F:\jdk8\jdk\bin;C:\Windows\Sun\Java\bin;C:\Windows\system32;C:\Windows;C:\ProgramData\Oracle\Java\javapath;C:\Windows\system32;C:\Windows;C:\Windows\System32\Wbem;C:\Windows\System32\WindowsPowerShell\v1.0\;F:\jdk8\jdk\bin;F:\jdk8\jdk\jre\bin;F:\apache-maven-3.5.0\bin;C:\Program Files\TortoiseSVN\bin;F:\Git\cmd;F:\scala-2\bin;F:\scala-2\jre\bin;F:\sbt1.0.3\bin;F:\sbt1.0.3\bin;;.]
2019-03-04T21:43:01.460 INFO  o.a.c.c.C.[.[.[/] 173 - Initializing Spring embedded WebApplicationContext
2019-03-04T21:43:01.460 INFO  o.s.w.c.ContextLoader 296 - Root WebApplicationContext: initialization completed in 2678 ms
2019-03-04T21:43:01.818 INFO  o.s.s.c.ThreadPoolTaskExecutor 171 - Initializing ExecutorService 'applicationTaskExecutor'
2019-03-04T21:43:02.085 INFO  o.s.s.c.ThreadPoolTaskScheduler 171 - Initializing ExecutorService 'taskScheduler'
2019-03-04T21:43:02.135 INFO  o.s.b.d.a.OptionalLiveReloadServer 57 - LiveReload server is running on port 35729
2019-03-04T21:43:02.176 INFO  o.a.c.h.Http11NioProtocol 173 - Starting ProtocolHandler ["http-nio-8080"]
2019-03-04T21:43:02.184 INFO  c.h.s.i.LoginInterceptor 25 - =====>>>>>使用fixedRate1551706982184
2019-03-04T21:43:02.210 INFO  o.s.b.w.e.t.TomcatWebServer 204 - Tomcat started on port(s): 8080 (http) with context path ''
2019-03-04T21:43:02.214 INFO  c.h.s.DemoApplication 59 - Started DemoApplication in 4.179 seconds (JVM running for 5.874)
2019-03-04T21:43:07.184 INFO  c.h.s.i.LoginInterceptor 32 - =====>>>>>fixedDelay1551706987184
