2019-03-04T22:33:48.487 INFO  c.h.s.DemoApplication 50 - Starting DemoApplication on PC-201708121922 with PID 4336 (D:\projects\spring\springboot_demo\target\classes started by Administrator in D:\projects\spring\springboot_demo)
2019-03-04T22:33:48.496 INFO  c.h.s.DemoApplication 679 - The following profiles are active: prod
2019-03-04T22:33:48.596 INFO  o.s.b.d.e.DevToolsPropertyDefaultsPostProcessor 227 - Devtools property defaults active! Set 'spring.devtools.add-properties' to 'false' to disable
2019-03-04T22:33:48.597 INFO  o.s.b.d.e.DevToolsPropertyDefaultsPostProcessor 227 - For additional web related logging consider setting the 'logging.level.web' property to 'DEBUG'
2019-03-04T22:33:50.434 INFO  o.s.b.w.e.t.TomcatWebServer 90 - Tomcat initialized with port(s): 8080 (http)
2019-03-04T22:33:50.451 INFO  o.a.c.h.Http11NioProtocol 173 - Initializing ProtocolHandler ["http-nio-8080"]
2019-03-04T22:33:50.464 INFO  o.a.c.c.StandardService 173 - Starting service [Tomcat]
2019-03-04T22:33:50.464 INFO  o.a.c.c.StandardEngine 173 - Starting Servlet engine: [Apache Tomcat/9.0.16]
2019-03-04T22:33:50.472 INFO  o.a.c.c.AprLifecycleListener 173 - The APR based Apache Tomcat Native library which allows optimal performance in production environments was not found on the java.library.path: [F:\jdk8\jdk\bin;C:\Windows\Sun\Java\bin;C:\Windows\system32;C:\Windows;C:\ProgramData\Oracle\Java\javapath;C:\Windows\system32;C:\Windows;C:\Windows\System32\Wbem;C:\Windows\System32\WindowsPowerShell\v1.0\;F:\jdk8\jdk\bin;F:\jdk8\jdk\jre\bin;F:\apache-maven-3.5.0\bin;C:\Program Files\TortoiseSVN\bin;F:\Git\cmd;F:\scala-2\bin;F:\scala-2\jre\bin;F:\sbt1.0.3\bin;F:\sbt1.0.3\bin;;.]
2019-03-04T22:33:50.588 INFO  o.a.c.c.C.[.[.[/] 173 - Initializing Spring embedded WebApplicationContext
2019-03-04T22:33:50.588 INFO  o.s.w.c.ContextLoader 296 - Root WebApplicationContext: initialization completed in 1990 ms
2019-03-04T22:33:50.939 INFO  o.s.s.c.ThreadPoolTaskExecutor 171 - Initializing ExecutorService 'applicationTaskExecutor'
2019-03-04T22:33:51.214 INFO  o.s.s.c.ThreadPoolTaskScheduler 171 - Initializing ExecutorService 'taskScheduler'
2019-03-04T22:33:51.264 INFO  o.s.b.d.a.OptionalLiveReloadServer 57 - LiveReload server is running on port 35729
2019-03-04T22:33:51.303 INFO  o.a.c.h.Http11NioProtocol 173 - Starting ProtocolHandler ["http-nio-8080"]
2019-03-04T22:33:51.337 INFO  o.s.b.w.e.t.TomcatWebServer 204 - Tomcat started on port(s): 8080 (http) with context path ''
2019-03-04T22:33:51.340 INFO  c.h.s.DemoApplication 59 - Started DemoApplication in 3.575 seconds (JVM running for 5.011)
2019-03-04T22:43:38.132 INFO  c.h.s.DemoApplication 50 - Starting DemoApplication on PC-201708121922 with PID 6460 (D:\projects\spring\springboot_demo\target\classes started by Administrator in D:\projects\spring\springboot_demo)
2019-03-04T22:43:38.139 INFO  c.h.s.DemoApplication 679 - The following profiles are active: prod
2019-03-04T22:43:38.300 INFO  o.s.b.d.e.DevToolsPropertyDefaultsPostProcessor 227 - Devtools property defaults active! Set 'spring.devtools.add-properties' to 'false' to disable
2019-03-04T22:43:38.301 INFO  o.s.b.d.e.DevToolsPropertyDefaultsPostProcessor 227 - For additional web related logging consider setting the 'logging.level.web' property to 'DEBUG'
2019-03-04T22:43:40.478 INFO  o.s.b.w.e.t.TomcatWebServer 90 - Tomcat initialized with port(s): 8080 (http)
2019-03-04T22:43:40.495 INFO  o.a.c.h.Http11NioProtocol 173 - Initializing ProtocolHandler ["http-nio-8080"]
2019-03-04T22:43:40.507 INFO  o.a.c.c.StandardService 173 - Starting service [Tomcat]
2019-03-04T22:43:40.508 INFO  o.a.c.c.StandardEngine 173 - Starting Servlet engine: [Apache Tomcat/9.0.16]
2019-03-04T22:43:40.516 INFO  o.a.c.c.AprLifecycleListener 173 - The APR based Apache Tomcat Native library which allows optimal performance in production environments was not found on the java.library.path: [F:\jdk8\jdk\bin;C:\Windows\Sun\Java\bin;C:\Windows\system32;C:\Windows;C:\ProgramData\Oracle\Java\javapath;C:\Windows\system32;C:\Windows;C:\Windows\System32\Wbem;C:\Windows\System32\WindowsPowerShell\v1.0\;F:\jdk8\jdk\bin;F:\jdk8\jdk\jre\bin;F:\apache-maven-3.5.0\bin;C:\Program Files\TortoiseSVN\bin;F:\Git\cmd;F:\scala-2\bin;F:\scala-2\jre\bin;F:\sbt1.0.3\bin;F:\sbt1.0.3\bin;;.]
2019-03-04T22:43:40.621 INFO  o.a.c.c.C.[.[.[/] 173 - Initializing Spring embedded WebApplicationContext
2019-03-04T22:43:40.621 INFO  o.s.w.c.ContextLoader 296 - Root WebApplicationContext: initialization completed in 2320 ms
2019-03-04T22:43:40.983 INFO  o.s.s.c.ThreadPoolTaskExecutor 171 - Initializing ExecutorService 'applicationTaskExecutor'
2019-03-04T22:43:41.239 INFO  o.s.s.c.ThreadPoolTaskScheduler 171 - Initializing ExecutorService 'taskScheduler'
2019-03-04T22:43:41.288 INFO  o.s.b.d.a.OptionalLiveReloadServer 57 - LiveReload server is running on port 35729
2019-03-04T22:43:41.327 INFO  o.a.c.h.Http11NioProtocol 173 - Starting ProtocolHandler ["http-nio-8080"]
2019-03-04T22:43:41.335 INFO  c.h.s.i.LoginInterceptor 25 - =====>>>>>使用fixedRate1551710621335
2019-03-04T22:43:41.487 INFO  o.s.b.w.e.t.TomcatWebServer 204 - Tomcat started on port(s): 8080 (http) with context path ''
2019-03-04T22:43:41.491 INFO  c.h.s.DemoApplication 59 - Started DemoApplication in 4.226 seconds (JVM running for 5.847)
2019-03-04T22:43:45.004 INFO  c.h.s.i.LoginInterceptor 19 - =====>>>>>使用cron  1551710625004
2019-03-04T22:43:46.326 INFO  c.h.s.i.LoginInterceptor 25 - =====>>>>>使用fixedRate1551710626326
2019-03-04T22:43:46.335 INFO  c.h.s.i.LoginInterceptor 32 - =====>>>>>fixedDelay1551710626335
2019-03-04T22:43:50.001 INFO  c.h.s.i.LoginInterceptor 19 - =====>>>>>使用cron  1551710630001
2019-03-04T22:43:51.326 INFO  c.h.s.i.LoginInterceptor 25 - =====>>>>>使用fixedRate1551710631326
2019-03-04T22:43:51.332 INFO  c.h.s.i.LoginInterceptor 32 - =====>>>>>fixedDelay1551710631332
2019-03-04T22:43:55.002 INFO  c.h.s.i.LoginInterceptor 19 - =====>>>>>使用cron  1551710635002
2019-03-04T22:43:56.326 INFO  c.h.s.i.LoginInterceptor 25 - =====>>>>>使用fixedRate1551710636326
2019-03-04T22:43:56.332 INFO  c.h.s.i.LoginInterceptor 32 - =====>>>>>fixedDelay1551710636332
2019-03-04T22:44:00.002 INFO  c.h.s.i.LoginInterceptor 19 - =====>>>>>使用cron  1551710640002
2019-03-04T22:44:01.326 INFO  c.h.s.i.LoginInterceptor 25 - =====>>>>>使用fixedRate1551710641326
2019-03-04T22:44:01.333 INFO  c.h.s.i.LoginInterceptor 32 - =====>>>>>fixedDelay1551710641333
2019-03-04T22:44:05.001 INFO  c.h.s.i.LoginInterceptor 19 - =====>>>>>使用cron  1551710645001
2019-03-04T22:44:06.326 INFO  c.h.s.i.LoginInterceptor 25 - =====>>>>>使用fixedRate1551710646326
2019-03-04T22:44:06.333 INFO  c.h.s.i.LoginInterceptor 32 - =====>>>>>fixedDelay1551710646333
2019-03-04T22:44:10.002 INFO  c.h.s.i.LoginInterceptor 19 - =====>>>>>使用cron  1551710650002
2019-03-04T22:44:11.326 INFO  c.h.s.i.LoginInterceptor 25 - =====>>>>>使用fixedRate1551710651326
2019-03-04T22:44:11.333 INFO  c.h.s.i.LoginInterceptor 32 - =====>>>>>fixedDelay1551710651333
2019-03-04T22:44:13.186 INFO  o.a.c.c.C.[.[.[/] 173 - Initializing Spring DispatcherServlet 'dispatcherServlet'
2019-03-04T22:44:13.187 INFO  o.s.w.s.DispatcherServlet 524 - Initializing Servlet 'dispatcherServlet'
2019-03-04T22:44:13.199 INFO  o.s.w.s.DispatcherServlet 546 - Completed initialization in 12 ms
2019-03-04T22:44:13.246 INFO  c.h.s.i.LoginInterceptor 24 - ---------------------开始进入请求地址拦截----------------------------
2019-03-04T22:44:13.269 WARN  o.s.w.s.m.m.a.ExceptionHandlerExceptionResolver 197 - Resolved [java.lang.ClassCastException: org.springframework.util.concurrent.ListenableFutureTask cannot be cast to org.springframework.scheduling.annotation.AsyncResult]
2019-03-04T22:44:13.401 INFO  c.h.s.i.LoginInterceptor 35 - ---------------视图渲染之后的操作-------------------------
2019-03-04T22:44:16.334 INFO  c.h.s.i.LoginInterceptor 32 - =====>>>>>fixedDelay1551710656334
2019-03-04T22:44:21.342 INFO  c.h.s.i.LoginInterceptor 17 - =====>>>>>scheduled2
2019-03-04T22:44:21.342 INFO  c.h.s.i.LoginInterceptor 19 - =====>>>>>使用cron  1551710661342
2019-03-04T22:44:21.343 INFO  c.h.s.i.LoginInterceptor 25 - =====>>>>>使用fixedRate1551710661343
2019-03-04T22:44:26.343 INFO  c.h.s.i.LoginInterceptor 32 - =====>>>>>fixedDelay1551710666343
2019-03-04T22:45:11.446 INFO  o.s.s.c.ThreadPoolTaskScheduler 208 - Shutting down ExecutorService 'taskScheduler'
2019-03-04T22:45:11.449 INFO  o.s.s.c.ThreadPoolTaskExecutor 208 - Shutting down ExecutorService 'applicationTaskExecutor'
2019-03-04T22:45:11.454 ERROR o.s.a.i.SimpleAsyncUncaughtExceptionHandler 39 - Unexpected exception occurred invoking async method: public void com.hamlt.springboot.scheduler.Task1.scheduled3() throws java.lang.InterruptedException
java.lang.InterruptedException: sleep interrupted
	at java.lang.Thread.sleep(Native Method)
	at com.hamlt.springboot.scheduler.Task1.scheduled3(Task1.java:39)
	at com.hamlt.springboot.scheduler.Task1$$FastClassBySpringCGLIB$$c92dcfa9.invoke(<generated>)
	at org.springframework.cglib.proxy.MethodProxy.invoke(MethodProxy.java:218)
	at org.springframework.aop.framework.CglibAopProxy$CglibMethodInvocation.invokeJoinpoint(CglibAopProxy.java:749)
	at org.springframework.aop.framework.ReflectiveMethodInvocation.proceed(ReflectiveMethodInvocation.java:163)
	at org.springframework.aop.interceptor.AsyncExecutionInterceptor.lambda$invoke$0(AsyncExecutionInterceptor.java:115)
	at org.springframework.aop.interceptor.AsyncExecutionInterceptor$$Lambda$412/321310799.call(Unknown Source)
	at java.util.concurrent.FutureTask.run(FutureTask.java:266)
	at java.util.concurrent.ThreadPoolExecutor.runWorker(ThreadPoolExecutor.java:1142)
	at java.util.concurrent.ThreadPoolExecutor$Worker.run(ThreadPoolExecutor.java:617)
	at java.lang.Thread.run(Thread.java:745)
2019-03-04T22:45:11.455 ERROR o.s.a.i.SimpleAsyncUncaughtExceptionHandler 39 - Unexpected exception occurred invoking async method: public void com.hamlt.springboot.scheduler.Task1.scheduled3() throws java.lang.InterruptedException
java.lang.InterruptedException: sleep interrupted
	at java.lang.Thread.sleep(Native Method)
	at com.hamlt.springboot.scheduler.Task1.scheduled3(Task1.java:39)
	at com.hamlt.springboot.scheduler.Task1$$FastClassBySpringCGLIB$$c92dcfa9.invoke(<generated>)
	at org.springframework.cglib.proxy.MethodProxy.invoke(MethodProxy.java:218)
	at org.springframework.aop.framework.CglibAopProxy$CglibMethodInvocation.invokeJoinpoint(CglibAopProxy.java:749)
	at org.springframework.aop.framework.ReflectiveMethodInvocation.proceed(ReflectiveMethodInvocation.java:163)
	at org.springframework.aop.interceptor.AsyncExecutionInterceptor.lambda$invoke$0(AsyncExecutionInterceptor.java:115)
	at org.springframework.aop.interceptor.AsyncExecutionInterceptor$$Lambda$412/321310799.call(Unknown Source)
	at java.util.concurrent.FutureTask.run(FutureTask.java:266)
	at java.util.concurrent.ThreadPoolExecutor.runWorker(ThreadPoolExecutor.java:1142)
	at java.util.concurrent.ThreadPoolExecutor$Worker.run(ThreadPoolExecutor.java:617)
	at java.lang.Thread.run(Thread.java:745)
2019-03-04T22:45:11.454 ERROR o.s.a.i.SimpleAsyncUncaughtExceptionHandler 39 - Unexpected exception occurred invoking async method: public void com.hamlt.springboot.scheduler.Task1.scheduled3() throws java.lang.InterruptedException
java.lang.InterruptedException: sleep interrupted
	at java.lang.Thread.sleep(Native Method)
	at com.hamlt.springboot.scheduler.Task1.scheduled3(Task1.java:39)
	at com.hamlt.springboot.scheduler.Task1$$FastClassBySpringCGLIB$$c92dcfa9.invoke(<generated>)
	at org.springframework.cglib.proxy.MethodProxy.invoke(MethodProxy.java:218)
	at org.springframework.aop.framework.CglibAopProxy$CglibMethodInvocation.invokeJoinpoint(CglibAopProxy.java:749)
	at org.springframework.aop.framework.ReflectiveMethodInvocation.proceed(ReflectiveMethodInvocation.java:163)
	at org.springframework.aop.interceptor.AsyncExecutionInterceptor.lambda$invoke$0(AsyncExecutionInterceptor.java:115)
	at org.springframework.aop.interceptor.AsyncExecutionInterceptor$$Lambda$412/321310799.call(Unknown Source)
	at java.util.concurrent.FutureTask.run(FutureTask.java:266)
	at java.util.concurrent.ThreadPoolExecutor.runWorker(ThreadPoolExecutor.java:1142)
	at java.util.concurrent.ThreadPoolExecutor$Worker.run(ThreadPoolExecutor.java:617)
	at java.lang.Thread.run(Thread.java:745)
2019-03-04T22:45:11.455 ERROR o.s.a.i.SimpleAsyncUncaughtExceptionHandler 39 - Unexpected exception occurred invoking async method: public void com.hamlt.springboot.scheduler.Task1.scheduled3() throws java.lang.InterruptedException
java.lang.InterruptedException: sleep interrupted
	at java.lang.Thread.sleep(Native Method)
	at com.hamlt.springboot.scheduler.Task1.scheduled3(Task1.java:39)
	at com.hamlt.springboot.scheduler.Task1$$FastClassBySpringCGLIB$$c92dcfa9.invoke(<generated>)
	at org.springframework.cglib.proxy.MethodProxy.invoke(MethodProxy.java:218)
	at org.springframework.aop.framework.CglibAopProxy$CglibMethodInvocation.invokeJoinpoint(CglibAopProxy.java:749)
	at org.springframework.aop.framework.ReflectiveMethodInvocation.proceed(ReflectiveMethodInvocation.java:163)
	at org.springframework.aop.interceptor.AsyncExecutionInterceptor.lambda$invoke$0(AsyncExecutionInterceptor.java:115)
	at org.springframework.aop.interceptor.AsyncExecutionInterceptor$$Lambda$412/321310799.call(Unknown Source)
	at java.util.concurrent.FutureTask.run(FutureTask.java:266)
	at java.util.concurrent.ThreadPoolExecutor.runWorker(ThreadPoolExecutor.java:1142)
	at java.util.concurrent.ThreadPoolExecutor$Worker.run(ThreadPoolExecutor.java:617)
	at java.lang.Thread.run(Thread.java:745)
2019-03-04T22:45:11.456 ERROR o.s.a.i.SimpleAsyncUncaughtExceptionHandler 39 - Unexpected exception occurred invoking async method: public void com.hamlt.springboot.scheduler.Task1.scheduled3() throws java.lang.InterruptedException
java.lang.InterruptedException: sleep interrupted
	at java.lang.Thread.sleep(Native Method)
	at com.hamlt.springboot.scheduler.Task1.scheduled3(Task1.java:39)
	at com.hamlt.springboot.scheduler.Task1$$FastClassBySpringCGLIB$$c92dcfa9.invoke(<generated>)
	at org.springframework.cglib.proxy.MethodProxy.invoke(MethodProxy.java:218)
	at org.springframework.aop.framework.CglibAopProxy$CglibMethodInvocation.invokeJoinpoint(CglibAopProxy.java:749)
	at org.springframework.aop.framework.ReflectiveMethodInvocation.proceed(ReflectiveMethodInvocation.java:163)
	at org.springframework.aop.interceptor.AsyncExecutionInterceptor.lambda$invoke$0(AsyncExecutionInterceptor.java:115)
	at org.springframework.aop.interceptor.AsyncExecutionInterceptor$$Lambda$412/321310799.call(Unknown Source)
	at java.util.concurrent.FutureTask.run(FutureTask.java:266)
	at java.util.concurrent.ThreadPoolExecutor.runWorker(ThreadPoolExecutor.java:1142)
	at java.util.concurrent.ThreadPoolExecutor$Worker.run(ThreadPoolExecutor.java:617)
	at java.lang.Thread.run(Thread.java:745)
2019-03-04T22:45:11.456 ERROR o.s.a.i.SimpleAsyncUncaughtExceptionHandler 39 - Unexpected exception occurred invoking async method: public void com.hamlt.springboot.scheduler.Task1.scheduled3() throws java.lang.InterruptedException
java.lang.InterruptedException: sleep interrupted
	at java.lang.Thread.sleep(Native Method)
	at com.hamlt.springboot.scheduler.Task1.scheduled3(Task1.java:39)
	at com.hamlt.springboot.scheduler.Task1$$FastClassBySpringCGLIB$$c92dcfa9.invoke(<generated>)
	at org.springframework.cglib.proxy.MethodProxy.invoke(MethodProxy.java:218)
	at org.springframework.aop.framework.CglibAopProxy$CglibMethodInvocation.invokeJoinpoint(CglibAopProxy.java:749)
	at org.springframework.aop.framework.ReflectiveMethodInvocation.proceed(ReflectiveMethodInvocation.java:163)
	at org.springframework.aop.interceptor.AsyncExecutionInterceptor.lambda$invoke$0(AsyncExecutionInterceptor.java:115)
	at org.springframework.aop.interceptor.AsyncExecutionInterceptor$$Lambda$412/321310799.call(Unknown Source)
	at java.util.concurrent.FutureTask.run(FutureTask.java:266)
	at java.util.concurrent.ThreadPoolExecutor.runWorker(ThreadPoolExecutor.java:1142)
	at java.util.concurrent.ThreadPoolExecutor$Worker.run(ThreadPoolExecutor.java:617)
	at java.lang.Thread.run(Thread.java:745)
2019-03-04T22:45:11.457 ERROR o.s.a.i.SimpleAsyncUncaughtExceptionHandler 39 - Unexpected exception occurred invoking async method: public void com.hamlt.springboot.scheduler.Task1.scheduled3() throws java.lang.InterruptedException
java.lang.InterruptedException: sleep interrupted
	at java.lang.Thread.sleep(Native Method)
	at com.hamlt.springboot.scheduler.Task1.scheduled3(Task1.java:39)
	at com.hamlt.springboot.scheduler.Task1$$FastClassBySpringCGLIB$$c92dcfa9.invoke(<generated>)
	at org.springframework.cglib.proxy.MethodProxy.invoke(MethodProxy.java:218)
	at org.springframework.aop.framework.CglibAopProxy$CglibMethodInvocation.invokeJoinpoint(CglibAopProxy.java:749)
	at org.springframework.aop.framework.ReflectiveMethodInvocation.proceed(ReflectiveMethodInvocation.java:163)
	at org.springframework.aop.interceptor.AsyncExecutionInterceptor.lambda$invoke$0(AsyncExecutionInterceptor.java:115)
	at org.springframework.aop.interceptor.AsyncExecutionInterceptor$$Lambda$412/321310799.call(Unknown Source)
	at java.util.concurrent.FutureTask.run(FutureTask.java:266)
	at java.util.concurrent.ThreadPoolExecutor.runWorker(ThreadPoolExecutor.java:1142)
	at java.util.concurrent.ThreadPoolExecutor$Worker.run(ThreadPoolExecutor.java:617)
	at java.lang.Thread.run(Thread.java:745)
2019-03-04T22:45:11.458 ERROR o.s.a.i.SimpleAsyncUncaughtExceptionHandler 39 - Unexpected exception occurred invoking async method: public void com.hamlt.springboot.scheduler.Task1.scheduled3() throws java.lang.InterruptedException
java.lang.InterruptedException: sleep interrupted
	at java.lang.Thread.sleep(Native Method)
	at com.hamlt.springboot.scheduler.Task1.scheduled3(Task1.java:39)
	at com.hamlt.springboot.scheduler.Task1$$FastClassBySpringCGLIB$$c92dcfa9.invoke(<generated>)
	at org.springframework.cglib.proxy.MethodProxy.invoke(MethodProxy.java:218)
	at org.springframework.aop.framework.CglibAopProxy$CglibMethodInvocation.invokeJoinpoint(CglibAopProxy.java:749)
	at org.springframework.aop.framework.ReflectiveMethodInvocation.proceed(ReflectiveMethodInvocation.java:163)
	at org.springframework.aop.interceptor.AsyncExecutionInterceptor.lambda$invoke$0(AsyncExecutionInterceptor.java:115)
	at org.springframework.aop.interceptor.AsyncExecutionInterceptor$$Lambda$412/321310799.call(Unknown Source)
	at java.util.concurrent.FutureTask.run(FutureTask.java:266)
	at java.util.concurrent.ThreadPoolExecutor.runWorker(ThreadPoolExecutor.java:1142)
	at java.util.concurrent.ThreadPoolExecutor$Worker.run(ThreadPoolExecutor.java:617)
	at java.lang.Thread.run(Thread.java:745)
2019-03-04T22:45:12.027 INFO  c.h.s.DemoApplication 50 - Starting DemoApplication on PC-201708121922 with PID 6460 (D:\projects\spring\springboot_demo\target\classes started by Administrator in D:\projects\spring\springboot_demo)
2019-03-04T22:45:12.028 INFO  c.h.s.DemoApplication 679 - The following profiles are active: prod
2019-03-04T22:45:13.437 INFO  o.s.b.w.e.t.TomcatWebServer 90 - Tomcat initialized with port(s): 8080 (http)
2019-03-04T22:45:13.438 INFO  o.a.c.h.Http11NioProtocol 173 - Initializing ProtocolHandler ["http-nio-8080"]
2019-03-04T22:45:13.439 INFO  o.a.c.c.StandardService 173 - Starting service [Tomcat]
2019-03-04T22:45:13.439 INFO  o.a.c.c.StandardEngine 173 - Starting Servlet engine: [Apache Tomcat/9.0.16]
2019-03-04T22:45:13.455 INFO  o.a.c.c.C.[.[.[/] 173 - Initializing Spring embedded WebApplicationContext
2019-03-04T22:45:13.455 INFO  o.s.w.c.ContextLoader 296 - Root WebApplicationContext: initialization completed in 1399 ms
2019-03-04T22:45:13.745 INFO  o.s.s.c.ThreadPoolTaskExecutor 171 - Initializing ExecutorService 'applicationTaskExecutor'
2019-03-04T22:45:13.915 INFO  o.s.s.c.ThreadPoolTaskScheduler 171 - Initializing ExecutorService 'taskScheduler'
2019-03-04T22:45:13.942 INFO  o.s.b.d.a.OptionalLiveReloadServer 57 - LiveReload server is running on port 35729
2019-03-04T22:45:13.979 INFO  o.a.c.h.Http11NioProtocol 173 - Starting ProtocolHandler ["http-nio-8080"]
2019-03-04T22:45:13.987 INFO  c.h.s.i.LoginInterceptor 25 - =====>>>>>使用fixedRate1551710713987
2019-03-04T22:45:13.992 INFO  o.s.b.w.e.t.TomcatWebServer 204 - Tomcat started on port(s): 8080 (http) with context path ''
2019-03-04T22:45:13.993 INFO  c.h.s.DemoApplication 59 - Started DemoApplication in 2.044 seconds (JVM running for 98.349)
2019-03-04T22:45:13.997 INFO  o.s.b.d.a.ConditionEvaluationDeltaLoggingListener 70 - Condition evaluation unchanged
2019-03-04T22:45:15.001 INFO  c.h.s.i.LoginInterceptor 19 - =====>>>>>使用cron  1551710715001
2019-03-04T22:45:18.990 INFO  c.h.s.i.LoginInterceptor 32 - =====>>>>>fixedDelay1551710718990
2019-03-04T22:45:18.991 INFO  c.h.s.i.LoginInterceptor 25 - =====>>>>>使用fixedRate1551710718991
2019-03-04T22:45:20.260 INFO  c.h.s.i.LoginInterceptor 19 - =====>>>>>使用cron  1551710720260
2019-03-04T22:45:23.991 INFO  c.h.s.i.LoginInterceptor 25 - =====>>>>>使用fixedRate1551710723991
2019-03-04T22:45:23.999 INFO  c.h.s.i.LoginInterceptor 32 - =====>>>>>fixedDelay1551710723999
2019-03-04T22:45:25.000 INFO  c.h.s.i.LoginInterceptor 19 - =====>>>>>使用cron  1551710725000
2019-03-04T22:45:27.892 INFO  o.s.s.c.ThreadPoolTaskScheduler 208 - Shutting down ExecutorService 'taskScheduler'
2019-03-04T22:45:27.893 INFO  o.s.s.c.ThreadPoolTaskExecutor 208 - Shutting down ExecutorService 'applicationTaskExecutor'
2019-03-04T22:45:27.894 ERROR o.s.a.i.SimpleAsyncUncaughtExceptionHandler 39 - Unexpected exception occurred invoking async method: public void com.hamlt.springboot.scheduler.Task1.scheduled2() throws java.lang.InterruptedException
java.lang.InterruptedException: sleep interrupted
	at java.lang.Thread.sleep(Native Method)
	at com.hamlt.springboot.scheduler.Task1.scheduled2(Task1.java:31)
	at com.hamlt.springboot.scheduler.Task1$$FastClassBySpringCGLIB$$c92dcfa9.invoke(<generated>)
	at org.springframework.cglib.proxy.MethodProxy.invoke(MethodProxy.java:218)
	at org.springframework.aop.framework.CglibAopProxy$CglibMethodInvocation.invokeJoinpoint(CglibAopProxy.java:749)
	at org.springframework.aop.framework.ReflectiveMethodInvocation.proceed(ReflectiveMethodInvocation.java:163)
	at org.springframework.aop.interceptor.AsyncExecutionInterceptor.lambda$invoke$0(AsyncExecutionInterceptor.java:115)
	at org.springframework.aop.interceptor.AsyncExecutionInterceptor$$Lambda$412/321310799.call(Unknown Source)
	at java.util.concurrent.FutureTask.run(FutureTask.java:266)
	at java.util.concurrent.ThreadPoolExecutor.runWorker(ThreadPoolExecutor.java:1142)
	at java.util.concurrent.ThreadPoolExecutor$Worker.run(ThreadPoolExecutor.java:617)
	at java.lang.Thread.run(Thread.java:745)
2019-03-04T22:45:27.894 ERROR o.s.a.i.SimpleAsyncUncaughtExceptionHandler 39 - Unexpected exception occurred invoking async method: public void com.hamlt.springboot.scheduler.Task1.scheduled3() throws java.lang.InterruptedException
java.lang.InterruptedException: sleep interrupted
	at java.lang.Thread.sleep(Native Method)
	at com.hamlt.springboot.scheduler.Task1.scheduled3(Task1.java:39)
	at com.hamlt.springboot.scheduler.Task1$$FastClassBySpringCGLIB$$c92dcfa9.invoke(<generated>)
	at org.springframework.cglib.proxy.MethodProxy.invoke(MethodProxy.java:218)
	at org.springframework.aop.framework.CglibAopProxy$CglibMethodInvocation.invokeJoinpoint(CglibAopProxy.java:749)
	at org.springframework.aop.framework.ReflectiveMethodInvocation.proceed(ReflectiveMethodInvocation.java:163)
	at org.springframework.aop.interceptor.AsyncExecutionInterceptor.lambda$invoke$0(AsyncExecutionInterceptor.java:115)
	at org.springframework.aop.interceptor.AsyncExecutionInterceptor$$Lambda$412/321310799.call(Unknown Source)
	at java.util.concurrent.FutureTask.run(FutureTask.java:266)
	at java.util.concurrent.ThreadPoolExecutor.runWorker(ThreadPoolExecutor.java:1142)
	at java.util.concurrent.ThreadPoolExecutor$Worker.run(ThreadPoolExecutor.java:617)
	at java.lang.Thread.run(Thread.java:745)
2019-03-04T22:45:27.894 ERROR o.s.a.i.SimpleAsyncUncaughtExceptionHandler 39 - Unexpected exception occurred invoking async method: public void com.hamlt.springboot.scheduler.Task1.scheduled3() throws java.lang.InterruptedException
java.lang.InterruptedException: sleep interrupted
	at java.lang.Thread.sleep(Native Method)
	at com.hamlt.springboot.scheduler.Task1.scheduled3(Task1.java:39)
	at com.hamlt.springboot.scheduler.Task1$$FastClassBySpringCGLIB$$c92dcfa9.invoke(<generated>)
	at org.springframework.cglib.proxy.MethodProxy.invoke(MethodProxy.java:218)
	at org.springframework.aop.framework.CglibAopProxy$CglibMethodInvocation.invokeJoinpoint(CglibAopProxy.java:749)
	at org.springframework.aop.framework.ReflectiveMethodInvocation.proceed(ReflectiveMethodInvocation.java:163)
	at org.springframework.aop.interceptor.AsyncExecutionInterceptor.lambda$invoke$0(AsyncExecutionInterceptor.java:115)
	at org.springframework.aop.interceptor.AsyncExecutionInterceptor$$Lambda$412/321310799.call(Unknown Source)
	at java.util.concurrent.FutureTask.run(FutureTask.java:266)
	at java.util.concurrent.ThreadPoolExecutor.runWorker(ThreadPoolExecutor.java:1142)
	at java.util.concurrent.ThreadPoolExecutor$Worker.run(ThreadPoolExecutor.java:617)
	at java.lang.Thread.run(Thread.java:745)
2019-03-04T22:45:27.894 ERROR o.s.a.i.SimpleAsyncUncaughtExceptionHandler 39 - Unexpected exception occurred invoking async method: public void com.hamlt.springboot.scheduler.Task1.scheduled3() throws java.lang.InterruptedException
java.lang.InterruptedException: sleep interrupted
	at java.lang.Thread.sleep(Native Method)
	at com.hamlt.springboot.scheduler.Task1.scheduled3(Task1.java:39)
	at com.hamlt.springboot.scheduler.Task1$$FastClassBySpringCGLIB$$c92dcfa9.invoke(<generated>)
	at org.springframework.cglib.proxy.MethodProxy.invoke(MethodProxy.java:218)
	at org.springframework.aop.framework.CglibAopProxy$CglibMethodInvocation.invokeJoinpoint(CglibAopProxy.java:749)
	at org.springframework.aop.framework.ReflectiveMethodInvocation.proceed(ReflectiveMethodInvocation.java:163)
	at org.springframework.aop.interceptor.AsyncExecutionInterceptor.lambda$invoke$0(AsyncExecutionInterceptor.java:115)
	at org.springframework.aop.interceptor.AsyncExecutionInterceptor$$Lambda$412/321310799.call(Unknown Source)
	at java.util.concurrent.FutureTask.run(FutureTask.java:266)
	at java.util.concurrent.ThreadPoolExecutor.runWorker(ThreadPoolExecutor.java:1142)
	at java.util.concurrent.ThreadPoolExecutor$Worker.run(ThreadPoolExecutor.java:617)
	at java.lang.Thread.run(Thread.java:745)
2019-03-04T22:45:29.076 INFO  c.h.s.DemoApplication 50 - Starting DemoApplication on PC-201708121922 with PID 6460 (D:\projects\spring\springboot_demo\target\classes started by Administrator in D:\projects\spring\springboot_demo)
2019-03-04T22:45:29.077 INFO  c.h.s.DemoApplication 679 - The following profiles are active: prod
2019-03-04T22:45:30.270 INFO  o.s.b.w.e.t.TomcatWebServer 90 - Tomcat initialized with port(s): 8080 (http)
2019-03-04T22:45:30.282 INFO  o.a.c.h.Http11NioProtocol 173 - Initializing ProtocolHandler ["http-nio-8080"]
2019-03-04T22:45:30.288 INFO  o.a.c.c.StandardService 173 - Starting service [Tomcat]
2019-03-04T22:45:30.291 INFO  o.a.c.c.StandardEngine 173 - Starting Servlet engine: [Apache Tomcat/9.0.16]
2019-03-04T22:45:30.339 INFO  o.a.c.c.C.[.[.[/] 173 - Initializing Spring embedded WebApplicationContext
2019-03-04T22:45:30.340 INFO  o.s.w.c.ContextLoader 296 - Root WebApplicationContext: initialization completed in 1223 ms
2019-03-04T22:45:30.436 WARN  o.s.b.w.s.c.AnnotationConfigServletWebServerApplicationContext 557 - Exception encountered during context initialization - cancelling refresh attempt: org.springframework.beans.factory.BeanCreationException: Error creating bean with name 'userController' defined in file [D:\projects\spring\springboot_demo\target\classes\com\hamlt\springboot\controller\UserController.class]: Post-processing of merged bean definition failed; nested exception is java.lang.IllegalStateException: Failed to introspect Class [com.hamlt.springboot.controller.UserController] from ClassLoader [org.springframework.boot.devtools.restart.classloader.RestartClassLoader@31007dc5]
2019-03-04T22:45:30.441 INFO  o.a.c.c.StandardService 173 - Stopping service [Tomcat]
2019-03-04T22:45:30.545 INFO  o.s.b.a.l.ConditionEvaluationReportLoggingListener 142 - 

Error starting ApplicationContext. To display the conditions report re-run your application with 'debug' enabled.
2019-03-04T22:45:30.595 ERROR o.s.b.SpringApplication 858 - Application run failed
org.springframework.beans.factory.BeanCreationException: Error creating bean with name 'userController' defined in file [D:\projects\spring\springboot_demo\target\classes\com\hamlt\springboot\controller\UserController.class]: Post-processing of merged bean definition failed; nested exception is java.lang.IllegalStateException: Failed to introspect Class [com.hamlt.springboot.controller.UserController] from ClassLoader [org.springframework.boot.devtools.restart.classloader.RestartClassLoader@31007dc5]
	at org.springframework.beans.factory.support.AbstractAutowireCapableBeanFactory.doCreateBean(AbstractAutowireCapableBeanFactory.java:570)
	at org.springframework.beans.factory.support.AbstractAutowireCapableBeanFactory.createBean(AbstractAutowireCapableBeanFactory.java:515)
	at org.springframework.beans.factory.support.AbstractBeanFactory.lambda$doGetBean$0(AbstractBeanFactory.java:320)
	at org.springframework.beans.factory.support.AbstractBeanFactory$$Lambda$116/2081626737.getObject(Unknown Source)
	at org.springframework.beans.factory.support.DefaultSingletonBeanRegistry.getSingleton(DefaultSingletonBeanRegistry.java:222)
	at org.springframework.beans.factory.support.AbstractBeanFactory.doGetBean(AbstractBeanFactory.java:318)
	at org.springframework.beans.factory.support.AbstractBeanFactory.getBean(AbstractBeanFactory.java:199)
	at org.springframework.beans.factory.support.DefaultListableBeanFactory.preInstantiateSingletons(DefaultListableBeanFactory.java:849)
	at org.springframework.context.support.AbstractApplicationContext.finishBeanFactoryInitialization(AbstractApplicationContext.java:877)
	at org.springframework.context.support.AbstractApplicationContext.refresh(AbstractApplicationContext.java:549)
	at org.springframework.boot.web.servlet.context.ServletWebServerApplicationContext.refresh(ServletWebServerApplicationContext.java:142)
	at org.springframework.boot.SpringApplication.refresh(SpringApplication.java:775)
	at org.springframework.boot.SpringApplication.refreshContext(SpringApplication.java:397)
	at org.springframework.boot.SpringApplication.run(SpringApplication.java:316)
	at org.springframework.boot.SpringApplication.run(SpringApplication.java:1260)
	at org.springframework.boot.SpringApplication.run(SpringApplication.java:1248)
	at com.hamlt.springboot.DemoApplication.main(DemoApplication.java:15)
	at sun.reflect.NativeMethodAccessorImpl.invoke0(Native Method)
	at sun.reflect.NativeMethodAccessorImpl.invoke(NativeMethodAccessorImpl.java:62)
	at sun.reflect.DelegatingMethodAccessorImpl.invoke(DelegatingMethodAccessorImpl.java:43)
	at java.lang.reflect.Method.invoke(Method.java:483)
	at org.springframework.boot.devtools.restart.RestartLauncher.run(RestartLauncher.java:49)
Caused by: java.lang.IllegalStateException: Failed to introspect Class [com.hamlt.springboot.controller.UserController] from ClassLoader [org.springframework.boot.devtools.restart.classloader.RestartClassLoader@31007dc5]
	at org.springframework.util.ReflectionUtils.getDeclaredFields(ReflectionUtils.java:785)
	at org.springframework.util.ReflectionUtils.doWithLocalFields(ReflectionUtils.java:717)
	at org.springframework.context.annotation.CommonAnnotationBeanPostProcessor.buildResourceMetadata(CommonAnnotationBeanPostProcessor.java:365)
	at org.springframework.context.annotation.CommonAnnotationBeanPostProcessor.findResourceMetadata(CommonAnnotationBeanPostProcessor.java:350)
	at org.springframework.context.annotation.CommonAnnotationBeanPostProcessor.postProcessMergedBeanDefinition(CommonAnnotationBeanPostProcessor.java:298)
	at org.springframework.beans.factory.support.AbstractAutowireCapableBeanFactory.applyMergedBeanDefinitionPostProcessors(AbstractAutowireCapableBeanFactory.java:1061)
	at org.springframework.beans.factory.support.AbstractAutowireCapableBeanFactory.doCreateBean(AbstractAutowireCapableBeanFactory.java:567)
	... 21 common frames omitted
Caused by: java.lang.NoClassDefFoundError: Lcom/hamlt/springboot/scheduler/AsyncExecute;
	at java.lang.Class.getDeclaredFields0(Native Method)
	at java.lang.Class.privateGetDeclaredFields(Class.java:2575)
	at java.lang.Class.getDeclaredFields(Class.java:1908)
	at org.springframework.util.ReflectionUtils.getDeclaredFields(ReflectionUtils.java:780)
	... 27 common frames omitted
Caused by: java.lang.ClassNotFoundException: com.hamlt.springboot.scheduler.AsyncExecute
	at java.net.URLClassLoader$1.run(URLClassLoader.java:372)
	at java.net.URLClassLoader$1.run(URLClassLoader.java:361)
	at java.security.AccessController.doPrivileged(Native Method)
	at java.net.URLClassLoader.findClass(URLClassLoader.java:360)
	at java.lang.ClassLoader.loadClass(ClassLoader.java:424)
	at sun.misc.Launcher$AppClassLoader.loadClass(Launcher.java:308)
	at java.lang.ClassLoader.loadClass(ClassLoader.java:357)
	at org.springframework.boot.devtools.restart.classloader.RestartClassLoader.loadClass(RestartClassLoader.java:148)
	at java.lang.ClassLoader.loadClass(ClassLoader.java:357)
	... 31 common frames omitted
2019-03-04T22:45:32.608 INFO  c.h.s.DemoApplication 50 - Starting DemoApplication on PC-201708121922 with PID 6460 (D:\projects\spring\springboot_demo\target\classes started by Administrator in D:\projects\spring\springboot_demo)
2019-03-04T22:45:32.609 INFO  c.h.s.DemoApplication 679 - The following profiles are active: prod
2019-03-04T22:45:33.376 INFO  o.s.b.w.e.t.TomcatWebServer 90 - Tomcat initialized with port(s): 8080 (http)
2019-03-04T22:45:33.378 INFO  o.a.c.h.Http11NioProtocol 173 - Initializing ProtocolHandler ["http-nio-8080"]
2019-03-04T22:45:33.379 INFO  o.a.c.c.StandardService 173 - Starting service [Tomcat]
2019-03-04T22:45:33.379 INFO  o.a.c.c.StandardEngine 173 - Starting Servlet engine: [Apache Tomcat/9.0.16]
2019-03-04T22:45:33.399 INFO  o.a.c.c.C.[.[.[/] 173 - Initializing Spring embedded WebApplicationContext
2019-03-04T22:45:33.400 INFO  o.s.w.c.ContextLoader 296 - Root WebApplicationContext: initialization completed in 785 ms
2019-03-04T22:45:33.568 INFO  o.s.s.c.ThreadPoolTaskExecutor 171 - Initializing ExecutorService 'applicationTaskExecutor'
2019-03-04T22:45:33.699 INFO  o.s.s.c.ThreadPoolTaskScheduler 171 - Initializing ExecutorService 'taskScheduler'
2019-03-04T22:45:33.723 INFO  o.s.b.d.a.OptionalLiveReloadServer 57 - LiveReload server is running on port 35729
2019-03-04T22:45:33.753 INFO  o.a.c.h.Http11NioProtocol 173 - Starting ProtocolHandler ["http-nio-8080"]
2019-03-04T22:45:33.765 INFO  c.h.s.i.LoginInterceptor 25 - =====>>>>>使用fixedRate1551710733765
2019-03-04T22:45:33.770 INFO  o.s.b.w.e.t.TomcatWebServer 204 - Tomcat started on port(s): 8080 (http) with context path ''
2019-03-04T22:45:33.771 INFO  c.h.s.DemoApplication 59 - Started DemoApplication in 1.226 seconds (JVM running for 118.127)
2019-03-04T22:45:33.775 INFO  o.s.b.d.a.ConditionEvaluationDeltaLoggingListener 70 - Condition evaluation unchanged
2019-03-04T22:45:35.001 INFO  c.h.s.i.LoginInterceptor 19 - =====>>>>>使用cron  1551710735001
2019-03-04T22:45:38.258 INFO  o.s.s.c.ThreadPoolTaskScheduler 208 - Shutting down ExecutorService 'taskScheduler'
2019-03-04T22:45:38.259 INFO  o.s.s.c.ThreadPoolTaskExecutor 208 - Shutting down ExecutorService 'applicationTaskExecutor'
2019-03-04T22:45:38.260 ERROR o.s.a.i.SimpleAsyncUncaughtExceptionHandler 39 - Unexpected exception occurred invoking async method: public void com.hamlt.springboot.scheduler.Task1.scheduled2() throws java.lang.InterruptedException
java.lang.InterruptedException: sleep interrupted
	at java.lang.Thread.sleep(Native Method)
	at com.hamlt.springboot.scheduler.Task1.scheduled2(Task1.java:31)
	at com.hamlt.springboot.scheduler.Task1$$FastClassBySpringCGLIB$$c92dcfa9.invoke(<generated>)
	at org.springframework.cglib.proxy.MethodProxy.invoke(MethodProxy.java:218)
	at org.springframework.aop.framework.CglibAopProxy$CglibMethodInvocation.invokeJoinpoint(CglibAopProxy.java:749)
	at org.springframework.aop.framework.ReflectiveMethodInvocation.proceed(ReflectiveMethodInvocation.java:163)
	at org.springframework.aop.interceptor.AsyncExecutionInterceptor.lambda$invoke$0(AsyncExecutionInterceptor.java:115)
	at org.springframework.aop.interceptor.AsyncExecutionInterceptor$$Lambda$412/321310799.call(Unknown Source)
	at java.util.concurrent.FutureTask.run(FutureTask.java:266)
	at java.util.concurrent.ThreadPoolExecutor.runWorker(ThreadPoolExecutor.java:1142)
	at java.util.concurrent.ThreadPoolExecutor$Worker.run(ThreadPoolExecutor.java:617)
	at java.lang.Thread.run(Thread.java:745)
2019-03-04T22:45:38.262 ERROR o.s.a.i.SimpleAsyncUncaughtExceptionHandler 39 - Unexpected exception occurred invoking async method: public void com.hamlt.springboot.scheduler.Task1.scheduled3() throws java.lang.InterruptedException
java.lang.InterruptedException: sleep interrupted
	at java.lang.Thread.sleep(Native Method)
	at com.hamlt.springboot.scheduler.Task1.scheduled3(Task1.java:39)
	at com.hamlt.springboot.scheduler.Task1$$FastClassBySpringCGLIB$$c92dcfa9.invoke(<generated>)
	at org.springframework.cglib.proxy.MethodProxy.invoke(MethodProxy.java:218)
	at org.springframework.aop.framework.CglibAopProxy$CglibMethodInvocation.invokeJoinpoint(CglibAopProxy.java:749)
	at org.springframework.aop.framework.ReflectiveMethodInvocation.proceed(ReflectiveMethodInvocation.java:163)
	at org.springframework.aop.interceptor.AsyncExecutionInterceptor.lambda$invoke$0(AsyncExecutionInterceptor.java:115)
	at org.springframework.aop.interceptor.AsyncExecutionInterceptor$$Lambda$412/321310799.call(Unknown Source)
	at java.util.concurrent.FutureTask.run(FutureTask.java:266)
	at java.util.concurrent.ThreadPoolExecutor.runWorker(ThreadPoolExecutor.java:1142)
	at java.util.concurrent.ThreadPoolExecutor$Worker.run(ThreadPoolExecutor.java:617)
	at java.lang.Thread.run(Thread.java:745)
2019-03-04T22:45:39.113 INFO  c.h.s.DemoApplication 50 - Starting DemoApplication on PC-201708121922 with PID 6460 (D:\projects\spring\springboot_demo\target\classes started by Administrator in D:\projects\spring\springboot_demo)
2019-03-04T22:45:39.114 INFO  c.h.s.DemoApplication 679 - The following profiles are active: prod
2019-03-04T22:45:40.261 INFO  o.s.b.w.e.t.TomcatWebServer 90 - Tomcat initialized with port(s): 8080 (http)
2019-03-04T22:45:40.263 INFO  o.a.c.h.Http11NioProtocol 173 - Initializing ProtocolHandler ["http-nio-8080"]
2019-03-04T22:45:40.263 INFO  o.a.c.c.StandardService 173 - Starting service [Tomcat]
2019-03-04T22:45:40.264 INFO  o.a.c.c.StandardEngine 173 - Starting Servlet engine: [Apache Tomcat/9.0.16]
2019-03-04T22:45:40.279 INFO  o.a.c.c.C.[.[.[/] 173 - Initializing Spring embedded WebApplicationContext
2019-03-04T22:45:40.280 INFO  o.s.w.c.ContextLoader 296 - Root WebApplicationContext: initialization completed in 1161 ms
2019-03-04T22:45:40.436 INFO  o.s.s.c.ThreadPoolTaskExecutor 171 - Initializing ExecutorService 'applicationTaskExecutor'
2019-03-04T22:45:40.558 INFO  o.s.s.c.ThreadPoolTaskScheduler 171 - Initializing ExecutorService 'taskScheduler'
2019-03-04T22:45:40.583 INFO  o.s.b.d.a.OptionalLiveReloadServer 57 - LiveReload server is running on port 35729
2019-03-04T22:45:40.607 INFO  o.a.c.h.Http11NioProtocol 173 - Starting ProtocolHandler ["http-nio-8080"]
2019-03-04T22:45:40.615 INFO  c.h.s.i.LoginInterceptor 25 - =====>>>>>使用fixedRate1551710740615
2019-03-04T22:45:40.620 INFO  o.s.b.w.e.t.TomcatWebServer 204 - Tomcat started on port(s): 8080 (http) with context path ''
2019-03-04T22:45:40.621 INFO  c.h.s.DemoApplication 59 - Started DemoApplication in 1.568 seconds (JVM running for 124.977)
2019-03-04T22:45:40.624 INFO  o.s.b.d.a.ConditionEvaluationDeltaLoggingListener 70 - Condition evaluation unchanged
2019-03-04T22:45:45.001 INFO  c.h.s.i.LoginInterceptor 19 - =====>>>>>使用cron  1551710745001
2019-03-04T22:45:45.333 INFO  o.s.s.c.ThreadPoolTaskScheduler 208 - Shutting down ExecutorService 'taskScheduler'
2019-03-04T22:45:45.334 INFO  o.s.s.c.ThreadPoolTaskExecutor 208 - Shutting down ExecutorService 'applicationTaskExecutor'
2019-03-04T22:45:45.340 ERROR o.s.a.i.SimpleAsyncUncaughtExceptionHandler 39 - Unexpected exception occurred invoking async method: public void com.hamlt.springboot.scheduler.Task1.scheduled2() throws java.lang.InterruptedException
java.lang.InterruptedException: sleep interrupted
	at java.lang.Thread.sleep(Native Method)
	at com.hamlt.springboot.scheduler.Task1.scheduled2(Task1.java:31)
	at com.hamlt.springboot.scheduler.Task1$$FastClassBySpringCGLIB$$c92dcfa9.invoke(<generated>)
	at org.springframework.cglib.proxy.MethodProxy.invoke(MethodProxy.java:218)
	at org.springframework.aop.framework.CglibAopProxy$CglibMethodInvocation.invokeJoinpoint(CglibAopProxy.java:749)
	at org.springframework.aop.framework.ReflectiveMethodInvocation.proceed(ReflectiveMethodInvocation.java:163)
	at org.springframework.aop.interceptor.AsyncExecutionInterceptor.lambda$invoke$0(AsyncExecutionInterceptor.java:115)
	at org.springframework.aop.interceptor.AsyncExecutionInterceptor$$Lambda$412/321310799.call(Unknown Source)
	at java.util.concurrent.FutureTask.run(FutureTask.java:266)
	at java.util.concurrent.ThreadPoolExecutor.runWorker(ThreadPoolExecutor.java:1142)
	at java.util.concurrent.ThreadPoolExecutor$Worker.run(ThreadPoolExecutor.java:617)
	at java.lang.Thread.run(Thread.java:745)
2019-03-04T22:45:45.361 ERROR o.s.a.i.SimpleAsyncUncaughtExceptionHandler 39 - Unexpected exception occurred invoking async method: public void com.hamlt.springboot.scheduler.Task1.scheduled3() throws java.lang.InterruptedException
java.lang.InterruptedException: sleep interrupted
	at java.lang.Thread.sleep(Native Method)
	at com.hamlt.springboot.scheduler.Task1.scheduled3(Task1.java:39)
	at com.hamlt.springboot.scheduler.Task1$$FastClassBySpringCGLIB$$c92dcfa9.invoke(<generated>)
	at org.springframework.cglib.proxy.MethodProxy.invoke(MethodProxy.java:218)
	at org.springframework.aop.framework.CglibAopProxy$CglibMethodInvocation.invokeJoinpoint(CglibAopProxy.java:749)
	at org.springframework.aop.framework.ReflectiveMethodInvocation.proceed(ReflectiveMethodInvocation.java:163)
	at org.springframework.aop.interceptor.AsyncExecutionInterceptor.lambda$invoke$0(AsyncExecutionInterceptor.java:115)
	at org.springframework.aop.interceptor.AsyncExecutionInterceptor$$Lambda$412/321310799.call(Unknown Source)
	at java.util.concurrent.FutureTask.run(FutureTask.java:266)
	at java.util.concurrent.ThreadPoolExecutor.runWorker(ThreadPoolExecutor.java:1142)
	at java.util.concurrent.ThreadPoolExecutor$Worker.run(ThreadPoolExecutor.java:617)
	at java.lang.Thread.run(Thread.java:745)
2019-03-04T22:45:45.951 INFO  c.h.s.DemoApplication 50 - Starting DemoApplication on PC-201708121922 with PID 6460 (D:\projects\spring\springboot_demo\target\classes started by Administrator in D:\projects\spring\springboot_demo)
2019-03-04T22:45:45.952 INFO  c.h.s.DemoApplication 679 - The following profiles are active: prod
2019-03-04T22:45:46.867 INFO  o.s.b.w.e.t.TomcatWebServer 90 - Tomcat initialized with port(s): 8080 (http)
2019-03-04T22:45:46.869 INFO  o.a.c.h.Http11NioProtocol 173 - Initializing ProtocolHandler ["http-nio-8080"]
2019-03-04T22:45:46.870 INFO  o.a.c.c.StandardService 173 - Starting service [Tomcat]
2019-03-04T22:45:46.870 INFO  o.a.c.c.StandardEngine 173 - Starting Servlet engine: [Apache Tomcat/9.0.16]
2019-03-04T22:45:46.886 INFO  o.a.c.c.C.[.[.[/] 173 - Initializing Spring embedded WebApplicationContext
2019-03-04T22:45:46.886 INFO  o.s.w.c.ContextLoader 296 - Root WebApplicationContext: initialization completed in 928 ms
2019-03-04T22:45:47.049 INFO  o.s.s.c.ThreadPoolTaskExecutor 171 - Initializing ExecutorService 'applicationTaskExecutor'
2019-03-04T22:45:47.252 INFO  o.s.s.c.ThreadPoolTaskScheduler 171 - Initializing ExecutorService 'taskScheduler'
2019-03-04T22:45:47.285 INFO  o.s.b.d.a.OptionalLiveReloadServer 57 - LiveReload server is running on port 35729
2019-03-04T22:45:47.344 INFO  o.a.c.h.Http11NioProtocol 173 - Starting ProtocolHandler ["http-nio-8080"]
2019-03-04T22:45:47.352 INFO  c.h.s.i.LoginInterceptor 25 - =====>>>>>使用fixedRate1551710747352
2019-03-04T22:45:47.356 INFO  o.s.b.w.e.t.TomcatWebServer 204 - Tomcat started on port(s): 8080 (http) with context path ''
2019-03-04T22:45:47.357 INFO  c.h.s.DemoApplication 59 - Started DemoApplication in 1.455 seconds (JVM running for 131.713)
2019-03-04T22:45:47.360 INFO  o.s.b.d.a.ConditionEvaluationDeltaLoggingListener 70 - Condition evaluation unchanged
2019-03-04T22:45:47.413 INFO  o.a.c.c.C.[.[.[/] 173 - Initializing Spring DispatcherServlet 'dispatcherServlet'
2019-03-04T22:45:47.414 INFO  o.s.w.s.DispatcherServlet 524 - Initializing Servlet 'dispatcherServlet'
2019-03-04T22:45:47.419 INFO  o.s.w.s.DispatcherServlet 546 - Completed initialization in 5 ms
2019-03-04T22:45:47.422 WARN  o.s.w.s.PageNotFound 1248 - No mapping for GET /user/task
2019-03-04T22:45:47.482 INFO  c.h.s.i.LoginInterceptor 24 - ---------------------开始进入请求地址拦截----------------------------
2019-03-04T22:45:47.552 INFO  c.h.s.i.LoginInterceptor 30 - --------------处理请求完成后视图渲染之前的处理操作---------------
2019-03-04T22:45:47.614 INFO  c.h.s.i.LoginInterceptor 35 - ---------------视图渲染之后的操作-------------------------
2019-03-04T22:45:50.002 INFO  c.h.s.i.LoginInterceptor 19 - =====>>>>>使用cron  1551710750002
2019-03-04T22:45:52.462 INFO  c.h.s.i.LoginInterceptor 32 - =====>>>>>fixedDelay1551710752462
2019-03-04T22:45:52.501 INFO  c.h.s.i.LoginInterceptor 25 - =====>>>>>使用fixedRate1551710752501
2019-03-04T22:45:55.024 INFO  c.h.s.i.LoginInterceptor 19 - =====>>>>>使用cron  1551710755024
2019-03-04T22:45:57.343 INFO  c.h.s.i.LoginInterceptor 25 - =====>>>>>使用fixedRate1551710757343
2019-03-04T22:45:57.544 INFO  c.h.s.i.LoginInterceptor 32 - =====>>>>>fixedDelay1551710757544
2019-03-04T22:46:00.002 INFO  c.h.s.i.LoginInterceptor 19 - =====>>>>>使用cron  1551710760002
2019-03-04T22:46:02.343 INFO  c.h.s.i.LoginInterceptor 25 - =====>>>>>使用fixedRate1551710762343
2019-03-04T22:46:02.454 INFO  c.h.s.i.LoginInterceptor 32 - =====>>>>>fixedDelay1551710762454
2019-03-04T22:46:05.000 INFO  c.h.s.i.LoginInterceptor 19 - =====>>>>>使用cron  1551710765000
2019-03-04T22:46:07.343 INFO  c.h.s.i.LoginInterceptor 25 - =====>>>>>使用fixedRate1551710767343
2019-03-04T22:46:07.455 INFO  c.h.s.i.LoginInterceptor 32 - =====>>>>>fixedDelay1551710767455
2019-03-04T22:46:10.000 INFO  c.h.s.i.LoginInterceptor 19 - =====>>>>>使用cron  1551710770000
2019-03-04T22:46:12.344 INFO  c.h.s.i.LoginInterceptor 25 - =====>>>>>使用fixedRate1551710772344
2019-03-04T22:46:12.456 INFO  c.h.s.i.LoginInterceptor 32 - =====>>>>>fixedDelay1551710772456
2019-03-04T22:46:14.671 WARN  o.s.w.s.PageNotFound 1248 - No mapping for GET /user/task
2019-03-04T22:46:14.673 INFO  c.h.s.i.LoginInterceptor 24 - ---------------------开始进入请求地址拦截----------------------------
2019-03-04T22:46:14.681 INFO  c.h.s.i.LoginInterceptor 30 - --------------处理请求完成后视图渲染之前的处理操作---------------
2019-03-04T22:46:14.682 INFO  c.h.s.i.LoginInterceptor 35 - ---------------视图渲染之后的操作-------------------------
2019-03-04T22:46:15.001 INFO  c.h.s.i.LoginInterceptor 19 - =====>>>>>使用cron  1551710775001
2019-03-04T22:46:17.343 INFO  c.h.s.i.LoginInterceptor 25 - =====>>>>>使用fixedRate1551710777343
2019-03-04T22:46:17.456 INFO  c.h.s.i.LoginInterceptor 32 - =====>>>>>fixedDelay1551710777456
2019-03-04T22:46:32.002 INFO  c.h.s.DemoApplication 50 - Starting DemoApplication on PC-201708121922 with PID 664 (D:\projects\spring\springboot_demo\target\classes started by Administrator in D:\projects\spring\springboot_demo)
2019-03-04T22:46:32.009 INFO  c.h.s.DemoApplication 679 - The following profiles are active: prod
2019-03-04T22:46:32.132 INFO  o.s.b.d.e.DevToolsPropertyDefaultsPostProcessor 227 - Devtools property defaults active! Set 'spring.devtools.add-properties' to 'false' to disable
2019-03-04T22:46:32.133 INFO  o.s.b.d.e.DevToolsPropertyDefaultsPostProcessor 227 - For additional web related logging consider setting the 'logging.level.web' property to 'DEBUG'
2019-03-04T22:46:34.324 INFO  o.s.b.w.e.t.TomcatWebServer 90 - Tomcat initialized with port(s): 8080 (http)
2019-03-04T22:46:34.344 INFO  o.a.c.h.Http11NioProtocol 173 - Initializing ProtocolHandler ["http-nio-8080"]
2019-03-04T22:46:34.358 INFO  o.a.c.c.StandardService 173 - Starting service [Tomcat]
2019-03-04T22:46:34.358 INFO  o.a.c.c.StandardEngine 173 - Starting Servlet engine: [Apache Tomcat/9.0.16]
2019-03-04T22:46:34.369 INFO  o.a.c.c.AprLifecycleListener 173 - The APR based Apache Tomcat Native library which allows optimal performance in production environments was not found on the java.library.path: [F:\jdk8\jdk\bin;C:\Windows\Sun\Java\bin;C:\Windows\system32;C:\Windows;C:\ProgramData\Oracle\Java\javapath;C:\Windows\system32;C:\Windows;C:\Windows\System32\Wbem;C:\Windows\System32\WindowsPowerShell\v1.0\;F:\jdk8\jdk\bin;F:\jdk8\jdk\jre\bin;F:\apache-maven-3.5.0\bin;C:\Program Files\TortoiseSVN\bin;F:\Git\cmd;F:\scala-2\bin;F:\scala-2\jre\bin;F:\sbt1.0.3\bin;F:\sbt1.0.3\bin;;.]
2019-03-04T22:46:34.494 INFO  o.a.c.c.C.[.[.[/] 173 - Initializing Spring embedded WebApplicationContext
2019-03-04T22:46:34.494 INFO  o.s.w.c.ContextLoader 296 - Root WebApplicationContext: initialization completed in 2361 ms
2019-03-04T22:46:34.946 INFO  o.s.s.c.ThreadPoolTaskExecutor 171 - Initializing ExecutorService 'applicationTaskExecutor'
2019-03-04T22:46:35.285 INFO  o.s.s.c.ThreadPoolTaskScheduler 171 - Initializing ExecutorService 'taskScheduler'
2019-03-04T22:46:35.344 INFO  o.s.b.d.a.OptionalLiveReloadServer 57 - LiveReload server is running on port 35729
2019-03-04T22:46:35.395 INFO  o.a.c.h.Http11NioProtocol 173 - Starting ProtocolHandler ["http-nio-8080"]
2019-03-04T22:46:35.553 INFO  c.h.s.i.LoginInterceptor 25 - =====>>>>>使用fixedRate1551710795553
2019-03-04T22:46:35.581 INFO  o.s.b.w.e.t.TomcatWebServer 204 - Tomcat started on port(s): 8080 (http) with context path ''
2019-03-04T22:46:35.588 INFO  c.h.s.DemoApplication 59 - Started DemoApplication in 4.318 seconds (JVM running for 6.665)
2019-03-04T22:46:40.002 INFO  c.h.s.i.LoginInterceptor 19 - =====>>>>>使用cron  1551710800002
2019-03-04T22:46:40.395 INFO  c.h.s.i.LoginInterceptor 25 - =====>>>>>使用fixedRate1551710800395
2019-03-04T22:46:40.554 INFO  c.h.s.i.LoginInterceptor 32 - =====>>>>>fixedDelay1551710800554
2019-03-04T22:46:45.002 INFO  c.h.s.i.LoginInterceptor 19 - =====>>>>>使用cron  1551710805001
2019-03-04T22:46:45.393 INFO  c.h.s.i.LoginInterceptor 25 - =====>>>>>使用fixedRate1551710805393
2019-03-04T22:46:45.547 INFO  c.h.s.i.LoginInterceptor 32 - =====>>>>>fixedDelay1551710805547
2019-03-04T22:46:50.001 INFO  c.h.s.i.LoginInterceptor 19 - =====>>>>>使用cron  1551710810001
2019-03-04T22:46:50.393 INFO  c.h.s.i.LoginInterceptor 25 - =====>>>>>使用fixedRate1551710810393
2019-03-04T22:46:50.548 INFO  c.h.s.i.LoginInterceptor 32 - =====>>>>>fixedDelay1551710810548
2019-03-04T22:46:55.001 INFO  c.h.s.i.LoginInterceptor 19 - =====>>>>>使用cron  1551710815001
2019-03-04T22:46:55.394 INFO  c.h.s.i.LoginInterceptor 25 - =====>>>>>使用fixedRate1551710815394
2019-03-04T22:46:55.549 INFO  c.h.s.i.LoginInterceptor 32 - =====>>>>>fixedDelay1551710815549
2019-03-04T22:46:57.901 INFO  o.a.c.c.C.[.[.[/] 173 - Initializing Spring DispatcherServlet 'dispatcherServlet'
2019-03-04T22:46:57.902 INFO  o.s.w.s.DispatcherServlet 524 - Initializing Servlet 'dispatcherServlet'
2019-03-04T22:46:57.912 INFO  o.s.w.s.DispatcherServlet 546 - Completed initialization in 10 ms
2019-03-04T22:46:57.938 INFO  c.h.s.i.LoginInterceptor 24 - ---------------------开始进入请求地址拦截----------------------------
2019-03-04T22:47:00.550 INFO  c.h.s.i.LoginInterceptor 32 - =====>>>>>fixedDelay1551710820550
2019-03-04T22:47:00.550 INFO  c.h.s.i.LoginInterceptor 19 - =====>>>>>使用cron  1551710820550
2019-03-04T22:47:00.550 INFO  c.h.s.i.LoginInterceptor 25 - =====>>>>>使用fixedRate1551710820550
2019-03-04T22:47:02.957 INFO  c.h.s.i.LoginInterceptor 19 - =====>>>>>scheduled2
2019-03-04T22:47:02.957 INFO  c.h.s.i.LoginInterceptor 19 - =====>>>>>scheduled2
2019-03-04T22:47:02.958 INFO  c.h.s.i.LoginInterceptor 68 - 》》》 总时间：5007
2019-03-04T22:47:03.170 INFO  c.h.s.i.LoginInterceptor 30 - --------------处理请求完成后视图渲染之前的处理操作---------------
2019-03-04T22:47:03.172 INFO  c.h.s.i.LoginInterceptor 35 - ---------------视图渲染之后的操作-------------------------
2019-03-04T22:47:05.000 INFO  c.h.s.i.LoginInterceptor 19 - =====>>>>>使用cron  1551710825000
2019-03-04T22:47:05.393 INFO  c.h.s.i.LoginInterceptor 25 - =====>>>>>使用fixedRate1551710825393
2019-03-04T22:47:05.552 INFO  c.h.s.i.LoginInterceptor 32 - =====>>>>>fixedDelay1551710825552
2019-03-04T22:47:10.553 INFO  c.h.s.i.LoginInterceptor 32 - =====>>>>>fixedDelay1551710830553
2019-03-04T22:47:10.553 INFO  c.h.s.i.LoginInterceptor 19 - =====>>>>>使用cron  1551710830553
2019-03-04T22:47:10.554 INFO  c.h.s.i.LoginInterceptor 25 - =====>>>>>使用fixedRate1551710830554
2019-03-04T22:47:52.414 INFO  c.h.s.DemoApplication 50 - Starting DemoApplication on PC-201708121922 with PID 5032 (D:\projects\spring\springboot_demo\target\classes started by Administrator in D:\projects\spring\springboot_demo)
2019-03-04T22:47:52.445 INFO  c.h.s.DemoApplication 679 - The following profiles are active: prod
2019-03-04T22:47:52.613 INFO  o.s.b.d.e.DevToolsPropertyDefaultsPostProcessor 227 - Devtools property defaults active! Set 'spring.devtools.add-properties' to 'false' to disable
2019-03-04T22:47:52.614 INFO  o.s.b.d.e.DevToolsPropertyDefaultsPostProcessor 227 - For additional web related logging consider setting the 'logging.level.web' property to 'DEBUG'
2019-03-04T22:47:55.493 INFO  o.s.b.w.e.t.TomcatWebServer 90 - Tomcat initialized with port(s): 8080 (http)
2019-03-04T22:47:55.514 INFO  o.a.c.h.Http11NioProtocol 173 - Initializing ProtocolHandler ["http-nio-8080"]
2019-03-04T22:47:55.533 INFO  o.a.c.c.StandardService 173 - Starting service [Tomcat]
2019-03-04T22:47:55.534 INFO  o.a.c.c.StandardEngine 173 - Starting Servlet engine: [Apache Tomcat/9.0.16]
2019-03-04T22:47:55.544 INFO  o.a.c.c.AprLifecycleListener 173 - The APR based Apache Tomcat Native library which allows optimal performance in production environments was not found on the java.library.path: [F:\jdk8\jdk\bin;C:\Windows\Sun\Java\bin;C:\Windows\system32;C:\Windows;C:\ProgramData\Oracle\Java\javapath;C:\Windows\system32;C:\Windows;C:\Windows\System32\Wbem;C:\Windows\System32\WindowsPowerShell\v1.0\;F:\jdk8\jdk\bin;F:\jdk8\jdk\jre\bin;F:\apache-maven-3.5.0\bin;C:\Program Files\TortoiseSVN\bin;F:\Git\cmd;F:\scala-2\bin;F:\scala-2\jre\bin;F:\sbt1.0.3\bin;F:\sbt1.0.3\bin;;.]
2019-03-04T22:47:55.656 INFO  o.a.c.c.C.[.[.[/] 173 - Initializing Spring embedded WebApplicationContext
2019-03-04T22:47:55.657 INFO  o.s.w.c.ContextLoader 296 - Root WebApplicationContext: initialization completed in 3043 ms
2019-03-04T22:47:56.141 INFO  o.s.s.c.ThreadPoolTaskExecutor 171 - Initializing ExecutorService 'applicationTaskExecutor'
2019-03-04T22:47:56.509 INFO  o.s.s.c.ThreadPoolTaskScheduler 171 - Initializing ExecutorService 'taskScheduler'
2019-03-04T22:47:56.576 INFO  o.s.b.d.a.OptionalLiveReloadServer 57 - LiveReload server is running on port 35729
2019-03-04T22:47:56.626 INFO  o.a.c.h.Http11NioProtocol 173 - Starting ProtocolHandler ["http-nio-8080"]
2019-03-04T22:47:56.797 INFO  c.h.s.i.LoginInterceptor 25 - =====>>>>>使用fixedRate1551710876797
2019-03-04T22:47:56.831 INFO  o.s.b.w.e.t.TomcatWebServer 204 - Tomcat started on port(s): 8080 (http) with context path ''
2019-03-04T22:47:56.837 INFO  c.h.s.DemoApplication 59 - Started DemoApplication in 5.352 seconds (JVM running for 7.881)
2019-03-04T22:48:00.004 INFO  c.h.s.i.LoginInterceptor 19 - =====>>>>>使用cron  1551710880004
2019-03-04T22:48:01.623 INFO  c.h.s.i.LoginInterceptor 25 - =====>>>>>使用fixedRate1551710881623
2019-03-04T22:48:01.798 INFO  c.h.s.i.LoginInterceptor 32 - =====>>>>>fixedDelay1551710881798
2019-03-04T22:48:03.597 INFO  o.a.c.c.C.[.[.[/] 173 - Initializing Spring DispatcherServlet 'dispatcherServlet'
2019-03-04T22:48:03.597 INFO  o.s.w.s.DispatcherServlet 524 - Initializing Servlet 'dispatcherServlet'
2019-03-04T22:48:03.610 INFO  o.s.w.s.DispatcherServlet 546 - Completed initialization in 12 ms
2019-03-04T22:48:03.633 INFO  c.h.s.i.LoginInterceptor 24 - ---------------------开始进入请求地址拦截----------------------------
2019-03-04T22:48:05.000 INFO  c.h.s.i.LoginInterceptor 19 - =====>>>>>使用cron  1551710885000
2019-03-04T22:48:06.623 INFO  c.h.s.i.LoginInterceptor 25 - =====>>>>>使用fixedRate1551710886623
2019-03-04T22:48:06.793 INFO  c.h.s.i.LoginInterceptor 32 - =====>>>>>fixedDelay1551710886793
2019-03-04T22:48:08.650 INFO  c.h.s.i.LoginInterceptor 19 - =====>>>>>scheduled2
2019-03-04T22:48:08.650 INFO  c.h.s.i.LoginInterceptor 19 - =====>>>>>scheduled2
2019-03-04T22:48:08.651 INFO  c.h.s.i.LoginInterceptor 68 - 》》》 总时间：5006
2019-03-04T22:48:08.687 INFO  c.h.s.i.LoginInterceptor 30 - --------------处理请求完成后视图渲染之前的处理操作---------------
2019-03-04T22:48:08.688 INFO  c.h.s.i.LoginInterceptor 35 - ---------------视图渲染之后的操作-------------------------
2019-03-04T22:48:10.000 INFO  c.h.s.i.LoginInterceptor 19 - =====>>>>>使用cron  1551710890000
2019-03-04T22:48:11.622 INFO  c.h.s.i.LoginInterceptor 25 - =====>>>>>使用fixedRate1551710891622
2019-03-04T22:48:11.793 INFO  c.h.s.i.LoginInterceptor 32 - =====>>>>>fixedDelay1551710891793
2019-03-04T22:49:00.094 INFO  c.h.s.DemoApplication 50 - Starting DemoApplication on PC-201708121922 with PID 2572 (D:\projects\spring\springboot_demo\target\classes started by Administrator in D:\projects\spring\springboot_demo)
2019-03-04T22:49:00.108 INFO  c.h.s.DemoApplication 679 - The following profiles are active: prod
2019-03-04T22:49:00.188 INFO  o.s.b.d.e.DevToolsPropertyDefaultsPostProcessor 227 - Devtools property defaults active! Set 'spring.devtools.add-properties' to 'false' to disable
2019-03-04T22:49:00.188 INFO  o.s.b.d.e.DevToolsPropertyDefaultsPostProcessor 227 - For additional web related logging consider setting the 'logging.level.web' property to 'DEBUG'
2019-03-04T22:49:01.981 INFO  o.s.b.w.e.t.TomcatWebServer 90 - Tomcat initialized with port(s): 8080 (http)
2019-03-04T22:49:01.998 INFO  o.a.c.h.Http11NioProtocol 173 - Initializing ProtocolHandler ["http-nio-8080"]
2019-03-04T22:49:02.010 INFO  o.a.c.c.StandardService 173 - Starting service [Tomcat]
2019-03-04T22:49:02.011 INFO  o.a.c.c.StandardEngine 173 - Starting Servlet engine: [Apache Tomcat/9.0.16]
2019-03-04T22:49:02.018 INFO  o.a.c.c.AprLifecycleListener 173 - The APR based Apache Tomcat Native library which allows optimal performance in production environments was not found on the java.library.path: [F:\jdk8\jdk\bin;C:\Windows\Sun\Java\bin;C:\Windows\system32;C:\Windows;C:\ProgramData\Oracle\Java\javapath;C:\Windows\system32;C:\Windows;C:\Windows\System32\Wbem;C:\Windows\System32\WindowsPowerShell\v1.0\;F:\jdk8\jdk\bin;F:\jdk8\jdk\jre\bin;F:\apache-maven-3.5.0\bin;C:\Program Files\TortoiseSVN\bin;F:\Git\cmd;F:\scala-2\bin;F:\scala-2\jre\bin;F:\sbt1.0.3\bin;F:\sbt1.0.3\bin;;.]
2019-03-04T22:49:02.123 INFO  o.a.c.c.C.[.[.[/] 173 - Initializing Spring embedded WebApplicationContext
2019-03-04T22:49:02.124 INFO  o.s.w.c.ContextLoader 296 - Root WebApplicationContext: initialization completed in 1936 ms
2019-03-04T22:49:02.440 INFO  o.s.s.c.ThreadPoolTaskExecutor 171 - Initializing ExecutorService 'applicationTaskExecutor'
2019-03-04T22:49:02.739 INFO  o.s.b.d.a.OptionalLiveReloadServer 57 - LiveReload server is running on port 35729
2019-03-04T22:49:02.783 INFO  o.a.c.h.Http11NioProtocol 173 - Starting ProtocolHandler ["http-nio-8080"]
2019-03-04T22:49:02.812 INFO  o.s.b.w.e.t.TomcatWebServer 204 - Tomcat started on port(s): 8080 (http) with context path ''
2019-03-04T22:49:02.815 INFO  c.h.s.DemoApplication 59 - Started DemoApplication in 3.369 seconds (JVM running for 4.821)
2019-03-04T22:49:16.731 INFO  o.a.c.c.C.[.[.[/] 173 - Initializing Spring DispatcherServlet 'dispatcherServlet'
2019-03-04T22:49:16.731 INFO  o.s.w.s.DispatcherServlet 524 - Initializing Servlet 'dispatcherServlet'
2019-03-04T22:49:16.739 INFO  o.s.w.s.DispatcherServlet 546 - Completed initialization in 7 ms
2019-03-04T22:49:16.757 INFO  c.h.s.i.LoginInterceptor 24 - ---------------------开始进入请求地址拦截----------------------------
2019-03-04T22:49:21.773 INFO  c.h.s.i.LoginInterceptor 19 - =====>>>>>scheduled2
2019-03-04T22:49:21.773 INFO  c.h.s.i.LoginInterceptor 19 - =====>>>>>scheduled2
2019-03-04T22:49:21.774 INFO  c.h.s.i.LoginInterceptor 68 - 》》》 总时间：5009
2019-03-04T22:49:21.803 INFO  c.h.s.i.LoginInterceptor 30 - --------------处理请求完成后视图渲染之前的处理操作---------------
2019-03-04T22:49:21.804 INFO  c.h.s.i.LoginInterceptor 35 - ---------------视图渲染之后的操作-------------------------
